  0.200000002980232       0.557760924811936     
  0.200000002980232       1.577727734622499E-002
  0.200000002980232       0.469437033977349     
  0.200000002980232       0.422141013433077     
  0.200000002980232        1.46511624956859     
  0.616000002920628       0.552781772706652     
  0.616000002920628        3.16394399301102     
  0.616000002920628        46.7616095491771     
  0.616000002920628        336.976509973508     
  0.616000002920628        387.454845288403     
   1.03200000286102       0.437840386190161     
   1.03200000286102        22.7276592528412     
   1.03200000286102        275.072847863755     
   1.03200000286102        3712.14991253369     
   1.03200000286102        4010.38826003648     
   1.44800000280142       0.267128122669141     
   1.44800000280142        62.7147891223428     
   1.44800000280142        640.274340091974     
   1.44800000280142        12588.9640179998     
   1.44800000280142        13292.2202753368     
   1.86400000274181       0.133421501402208     
   1.86400000274181        82.6519904634727     
   1.86400000274181        788.851658091755     
   1.86400000274181        27013.2955924940     
   1.86400000274181        27884.9326625506     
   2.28000000268221       5.789447539979067E-002
   2.28000000268221        63.7829777850595     
   2.28000000268221        702.986025542016     
   2.28000000268221        45441.5514221982     
   2.28000000268221        46208.3783200007     
   2.69600000262260       2.276042798460940E-002
   2.69600000262260        47.1639496099915     
   2.69600000262260        605.892186748281     
   2.69600000262260        63371.6245419330     
   2.69600000262260        64024.7034387192     
   3.11200000256300       8.337801381319079E-003
   3.11200000256300        35.4469080904239     
   3.11200000256300        520.872385545297     
   3.11200000256300        71211.8218932108     
   3.11200000256300        71768.1495246479     
   3.52800000250340       2.900312393469495E-003
   3.52800000250340        27.1145960047750     
   3.52800000250340        449.326549040422     
   3.52800000250340        65355.9438666579     
   3.52800000250340        65832.3879120155     
   3.94400000244379       9.704545276319971E-004
   3.94400000244379        21.0838976021804     
   3.94400000244379        389.547791180458     
   3.94400000244379        59088.8463772091     
   3.94400000244379        59499.4790364462     
   4.36000000238419       3.151961660481551E-004
   4.36000000238419        16.6412123984420     
   4.36000000238419        339.544220056981     
   4.36000000238419        52942.6923477026     
   4.36000000238419        53298.8780953541     
   4.77600000232458       1.000203188214349E-004
   4.77600000232458        13.3136154116024     
   4.77600000232458        297.552395114411     
   4.77600000232458        47186.4301716053     
   4.77600000232458        47497.2962821517     
   5.19200000226498       3.115798886365714E-005
   5.19200000226498        10.7827385639439     
   5.19200000226498        262.106198091521     
   5.19200000226498        41935.8590567861     
   5.19200000226498        42208.7480245996     
   5.60800000220537       9.562557192306919E-006
   5.60800000220537        8.83055065716176     
   5.60800000220537        232.014481165320     
   5.60800000220537        37221.3235013199     
   5.60800000220537        37462.1685427050     
   6.02400000214577       2.899222591939425E-006
   6.02400000214577        7.30518273347667     
   6.02400000214577        206.318153306521     
   6.02400000214577        33027.8371563827     
   6.02400000214577        33241.4604953219     
   6.44000000208616       8.701701429637676E-007
   6.44000000208616        6.09912420363808     
   6.44000000208616        184.246645948822     
   6.44000000208616        29318.2796408058     
   6.44000000208616        29508.6254118285     
   6.85600000202656       2.589749198291201E-007
   6.85600000202656        5.13509829523474     
   6.85600000202656        165.179958664197     
   6.85600000202656        26046.4980532758     
   6.85600000202656        26216.8131104942     
   7.27200000196695       7.652639001729631E-008
   7.27200000196695        4.35676418150036     
   7.27200000196695        148.617535751975     
   7.27200000196695        23164.4863111747     
   7.27200000196695        23317.4606111847     
   7.68800000190735       2.247618260772331E-008
   7.68800000190735        3.72249779020039     
   7.68800000190735        134.153454903572     
   7.68800000190735        20626.1326609453     
   7.68800000190735        20764.0086136616     
   8.10400000184774       6.566954005485267E-009
   8.10400000184774        3.20116715870699     
   8.10400000184774        121.456902521970     
   8.10400000184774        18389.0044558019     
   8.10400000184774        18513.6625254891     
   8.52000000178814       1.910034559609583E-009
   8.52000000178814        2.76921999356844     
   8.52000000178814        110.256886137603     
   8.52000000178814        16415.0311843474     
   8.52000000178814        16528.0572904804     
   8.93600000172854       5.533598391675006E-010
   8.93600000172854        2.40864774038574     
   8.93600000172854        100.330271646220     
   8.93600000172854        14670.5875849231     
   8.93600000172854        14773.3265043103     
   9.35200000166893       1.597625032769694E-010
   9.35200000166893        2.10554356737661     
   9.35200000166893        91.4924041244076     
   9.35200000166893        13126.2672455503     
   9.35200000166893        13219.8651932423     
   9.76800000160932       4.598551492367007E-011
   9.76800000160932        1.84906833292379     
   9.76800000160932        83.5897290650398     
   9.76800000160932        11756.5127872355     
   9.76800000160932        11841.9515846335     
   10.1840000015497       1.320070912085362E-011
   10.1840000015497        1.63070056887201     
   10.1840000015497        76.4939624833257     
   10.1840000015497        10539.1957711409     
   10.1840000015497        10617.3204341931     
   10.6000000014901       3.780352877603838E-012
   10.6000000014901        1.44368646770772     
   10.6000000014901        70.0974627801036     
   10.6000000014901        9455.19680056101     
   10.6000000014901        9526.73794980882     
   11.0160000014305       1.080281396779826E-012
   11.0160000014305        1.28263250346897     
   11.0160000014305        64.3095381561894     
   11.0160000014305        8488.01151141900     
   11.0160000014305        8553.60368207866     
   11.4320000013709       3.081104260899524E-013
   11.4320000013709        1.14320072965055     
   11.4320000013709        59.0534853040602     
   11.4320000013709        7623.39394453205     
   11.4320000013709        7683.59063056576     
   11.8480000013113       8.772505672208229E-014
   11.8480000013113        1.02187888423517     
   11.8480000013113        54.2642022601464     
   11.8480000013113        6849.04083733024     
   11.8480000013113        6904.32691847462     
   12.2640000012517       2.493795829478293E-014
   12.2640000012517       0.915805419876286     
   12.2640000012517        49.8862541586732     
   12.2640000012517        6154.31608906568     
   12.2640000012517        6205.11814864423     
   12.6800000011921       7.079153700477924E-015
   12.6800000011921       0.822635279242898     
   12.6800000011921        45.8722979223211     
   12.6800000011921        5530.01251037895     
   12.6800000011921        5576.70744358052     
   13.0960000011325       2.006968781061069E-015
   13.0960000011325       0.740436166450276     
   13.0960000011325        42.1817927539805     
   13.0960000011325        4968.14705350953     
   13.0960000011325        5011.06928242996     
   13.5120000010729       5.683133143879718E-016
   13.5120000010729       0.667607779434164     
   13.5120000010729        38.7799392444117     
   13.5120000010729        4461.78549159186     
   13.5120000010729        4501.23303861570     
   13.9280000010133       1.607557483857513E-016
   13.9280000010133       0.602818511020957     
   13.9280000010133        35.6368021748459     
   13.9280000010133        4004.89265417502     
   13.9280000010133        4041.13227486089     
   14.3440000009537       4.542713808001501E-017
   14.3440000009537       0.544955499898209     
   14.3440000009537        32.7265815648362     
   14.3440000009537        3592.20464412779     
   14.3440000009537        3625.47618119253     
   14.7600000008941       1.282534276340924E-017
   14.7600000008941       0.493084994139430     
   14.7600000008941        30.0270038634272     
   14.7600000008941        3219.11985096246     
   14.7600000008941        3249.63993982003     
   15.1760000008345       3.617914152593474E-018
   15.1760000008345       0.446420679352775     
   15.1760000008345        27.5188109085362     
   15.1760000008345        2881.60597749330     
   15.1760000008345        2909.57120908118     
   15.5920000007749       1.019790556283479E-018
   15.5920000007749       0.404298243392004     
   15.5920000007749        25.1853287636557     
   15.5920000007749        2576.12067907066     
   15.5920000007749        2601.71030607771     
   16.0080000007153       2.872448032507773E-019
   16.0080000007153       0.366154820343369     
   16.0080000007153        23.0121020684198     
   16.0080000007153        2299.54376238664     
   16.0080000007153        2322.92201927540     
   16.4240000006557       8.085454308516850E-020
   16.4240000006557       0.331512299451727     
   16.4240000006557        20.9865823270400     
   16.4240000006557        2049.11919851213     
   16.4240000006557        2070.43729313862     
   16.8400000005960       2.274511688667197E-020
   16.8400000005960       0.299963680911060     
   16.8400000005960        19.0978607712443     
   16.8400000005960        1822.40547213486     
   16.8400000005960        1841.80329658702     
   17.2560000005364       6.394726457895704E-021
   17.2560000005364       0.271161870191102     
   17.2560000005364        17.3364381985120     
   17.2560000005364        1617.23301838520     
   17.2560000005364        1634.84061845391     
   17.6720000004768       1.796894997366007E-021
   17.6720000004768       0.244810420070822     
   17.6720000004768        15.6940255992012     
   17.6720000004768        1431.66769388152     
   17.6720000004768        1447.60652990079     
   18.0880000004172       5.046679681824395E-022
   18.0880000004172       0.220655838228055     
   18.0880000004172        14.1633705225932     
   18.0880000004172        1263.97939382303     
   18.0880000004172        1278.36342018385     
   18.5040000003576       1.416723662628594E-022
   18.5040000003576       0.198481158481584     
   18.5040000003576        12.7381050500893     
   18.5040000003576        1112.61506617421     
   18.5040000003576        1125.55165238278     
   18.9200000002980       3.975335482498740E-023
   18.9200000002980       0.178100529971310     
   18.9200000002980        11.4126119891071     
   18.9200000002980        976.175490995330     
   18.9200000002980        987.766203514408     
   19.3360000002384       1.115022035838703E-023
   19.3360000002384       0.159354645705774     
   19.3360000002384        10.1819065091071     
   19.3360000002384        853.395291155570     
   19.3360000002384        863.736552310383     
   19.7520000001788       3.126259204339031E-024
   19.7520000001788       0.142106839426465     
   19.7520000001788        9.04153093955416     
   19.7520000001788        743.125722971069     
   19.7520000001788        752.309360750050     
   20.1680000001192       8.762103162802031E-025
   20.1680000001192       0.126239739719707     
   20.1680000001192        7.98746086054070     
   20.1680000001192        644.319864278335     
   20.1680000001192        652.433564878596     
   20.5840000000596       2.454950763499420E-025
