  0.200000002980232       0.557760924811936     
  0.200000002980232       8.537581148034829E-005
  0.200000002980232       7.252429247113317E-005
  0.200000002980232       2.311535373512851E-009
  0.200000002980232       0.557918827227423     
  0.616000002920628       0.552781772706652     
  0.616000002920628       7.413742266041813E-003
  0.616000002920628       2.997166957942862E-003
  0.616000002920628       4.921158226409711E-007
  0.616000002920628       0.563193174046459     
   1.03200000286102       0.437840386190161     
   1.03200000286102       4.694111428869703E-002
   1.03200000286102       1.574706671297771E-002
   1.03200000286102       3.918724788584491E-006
   1.03200000286102       0.500532485916624     
   1.44800000280142       0.267128122669141     
   1.44800000280142       0.120548179637423     
   1.44800000280142       3.389666113228966E-002
   1.44800000280142       1.167181910610767E-005
   1.44800000280142       0.421584635257960     
   1.86400000274181       0.133421501402208     
   1.86400000274181       0.131400295257559     
   1.86400000274181       3.209723079061408E-002
   1.86400000274181       2.357442530922940E-005
   1.86400000274181       0.296942601875691     
   2.28000000268221       5.789447539979067E-002
   2.28000000268221       6.536307837831325E-002
   2.28000000268221       1.763246318571239E-002
   2.28000000268221       3.747861133234133E-005
   2.28000000268221       0.140927495575149     
   2.69600000262260       2.276042798460940E-002
   2.69600000262260       3.070192295063734E-002
   2.69600000262260       9.597922468453736E-003
   2.69600000262260       4.755498090095399E-005
   2.69600000262260       6.310782838460141E-002
   3.11200000256300       8.337801381319079E-003
   3.11200000256300       1.513881273721150E-002
   3.11200000256300       5.381711506819530E-003
   3.11200000256300       3.920527802020349E-005
   3.11200000256300       2.889753090337031E-002
   3.52800000250340       2.900312393469495E-003
   3.52800000250340       7.817823416343196E-003
   3.52800000250340       3.108396814935141E-003
   3.52800000250340       1.789230076656248E-005
   3.52800000250340       1.384442492551440E-002
   3.94400000244379       9.704545276319971E-004
   3.94400000244379       4.200704530587578E-003
   3.94400000244379       1.844350031426330E-003
   3.94400000244379       8.460047514828644E-006
   3.94400000244379       7.023969137160734E-003
   4.36000000238419       3.151961660481551E-004
   4.36000000238419       2.335362841324057E-003
   4.36000000238419       1.121073170203092E-003
   4.36000000238419       4.135281116590851E-006
   4.36000000238419       3.775767458691895E-003
   4.77600000232458       1.000203188214349E-004
   4.77600000232458       1.337285719059093E-003
   4.77600000232458       6.963818766908207E-004
   4.77600000232458       2.084631432335981E-006
   4.77600000232458       2.135772546003684E-003
   5.19200000226498       3.115798886365714E-005
   5.19200000226498       7.858937515283791E-004
   5.19200000226498       4.411318570061708E-004
   5.19200000226498       1.081265253256916E-006
   5.19200000226498       1.259264862651464E-003
   5.60800000220537       9.562557192306919E-006
   5.60800000220537       4.726076190112031E-004
   5.60800000220537       2.844506002025164E-004
   5.60800000220537       5.757865233329752E-007
   5.60800000220537       7.671965629293593E-004
   6.02400000214577       2.899222591939425E-006
   6.02400000214577       2.901255203775538E-004
   6.02400000214577       1.864140493589070E-004
   6.02400000214577       3.141520824807338E-007
   6.02400000214577       4.797529444108809E-004
   6.44000000208616       8.701701429637676E-007
   6.44000000208616       1.814439013759098E-004
   6.44000000208616       1.239905455166186E-004
   6.44000000208616       1.752943622015237E-007
   6.44000000208616       3.064799113976937E-004
   6.85600000202656       2.589749198291201E-007
   6.85600000202656       1.154057005492522E-004
   6.85600000202656       8.360189510530822E-005
   6.85600000202656       9.986647837838696E-008
   6.85600000202656       1.993664370527680E-004
   7.27200000196695       7.652639001729631E-008
   7.27200000196695       7.454260722581345E-005
   7.27200000196695       5.708259587578614E-005
   7.27200000196695       5.800126882970876E-008
   7.27200000196695       1.317597307604466E-004
   7.68800000190735       2.247618260772331E-008
   7.68800000190735       4.883424866410053E-005
   7.68800000190735       3.943184236510366E-005
   7.68800000190735       3.429452786534667E-008
   7.68800000190735       8.832286173967727E-005
   8.10400000184774       6.566954005485267E-009
   8.10400000184774       3.241214737492874E-005
   8.10400000184774       2.753514010001575E-005
   8.10400000184774       2.061770518291388E-008
   8.10400000184774       5.997447213413289E-005
   8.52000000178814       1.910034559609583E-009
   8.52000000178814       2.177377365643549E-005
   8.52000000178814       1.942246512498874E-005
   8.52000000178814       1.258901055482419E-008
   8.52000000178814       4.121073782653866E-005
   8.93600000172854       5.533598391675006E-010
   8.93600000172854       1.479212224965251E-005
   8.93600000172854       1.382966574985122E-005
   8.93600000172854       7.798838228863631E-009
   8.93600000172854       2.863014019757176E-005
   9.35200000166893       1.597625032769694E-010
   9.35200000166893       1.015472028288521E-005
   9.35200000166893       9.934629696101933E-006
   9.35200000166893       4.897172656873328E-009
   9.35200000166893       2.009440691414729E-005
   9.76800000160932       4.598551492367007E-011
   9.76800000160932       7.039655895291429E-006
   9.76800000160932       7.196012458643346E-006
   9.76800000160932       3.114317786489864E-009
   9.76800000160932       1.423882865723619E-005
   10.1840000015497       1.320070912085362E-011
   10.1840000015497       4.925119248287862E-006
   10.1840000015497       5.253174702391993E-006
   10.1840000015497       2.004186866268373E-009
   10.1840000015497       1.018031133825524E-005
   10.6000000014901       3.780352877603838E-012
   10.6000000014901       3.475572089263163E-006
   10.6000000014901       3.863226307769897E-006
   10.6000000014901       1.304231591400800E-009
   10.6000000014901       7.340106408977339E-006
   11.0160000014305       1.080281396779826E-012
   11.0160000014305       2.472666841057621E-006
   11.0160000014305       2.860896993961734E-006
   11.0160000014305       8.576708413342502E-010
   11.0160000014305       5.334422586142087E-006
   11.4320000013709       3.081104260899524E-013
   11.4320000013709       1.772721347779077E-006
   11.4320000013709       2.132642539710985E-006
   11.4320000013709       5.695952823934941E-010
   11.4320000013709       3.905933790882882E-006
   11.8480000013113       8.772505672208229E-014
   11.8480000013113       1.280190467254964E-006
   11.8480000013113       1.599743660612423E-006
   11.8480000013113       3.818054847111096E-010
   11.8480000013113       2.880316021077156E-006
   12.2640000012517       2.493795829478293E-014
   12.2640000012517       9.309093419008609E-007
   12.2640000012517       1.207154561105184E-006
   12.2640000012517       2.581760574349850E-010
   12.2640000012517       2.138322104001438E-006
   12.6800000011921       7.079153700477924E-015
   12.6800000011921       6.813844599369403E-007
   12.6800000011921       9.160697229003121E-007
   12.6800000011921       1.760238855295018E-010
   12.6800000011921       1.597630213801936E-006
   13.0960000011325       2.006968781061069E-015
   13.0960000011325       5.018740148200964E-007
   13.0960000011325       6.989211681103912E-007
   13.0960000011325       1.209503037934745E-010
   13.0960000011325       1.200916135241250E-006
   13.5120000010729       5.683133143879718E-016
   13.5120000010729       3.718700549220448E-007
   13.5120000010729       5.359806331632617E-007
   13.5120000010729       8.372060495483108E-011
   13.5120000010729       9.079344092585747E-007
   13.9280000010133       1.607557483857513E-016
   13.9280000010133       2.771197136867845E-007
   13.9280000010133       4.130317394749315E-007
   13.9280000010133       5.835377869487312E-011
   13.9280000010133       6.902098071011666E-007
   14.3440000009537       4.542713808001501E-017
   14.3440000009537       2.076428776003413E-007
   14.3440000009537       3.197620611997482E-007
   14.3440000009537       4.093996389594173E-011
   14.3440000009537       5.274458788094125E-007
   14.7600000008941       1.282534276340924E-017
   14.7600000008941       1.564013186752772E-007
   14.7600000008941       2.486437507231784E-007
   14.7600000008941       2.890056843072052E-011
   14.7600000008941       4.050739699797116E-007
   15.1760000008345       3.617914152593474E-018
   15.1760000008345       1.183976836801846E-007
   15.1760000008345       1.941484630581385E-007
   15.1760000008345       2.052064481954224E-011
   15.1760000008345       3.125666673867606E-007
   15.5920000007749       1.019790556283479E-018
   15.5920000007749       9.006064100274594E-008
   15.5920000007749       1.521928259109228E-007
   15.5920000007749       1.465047807365464E-011
   15.5920000007749       2.422681173927622E-007
   16.0080000007153       2.872448032507773E-019
   16.0080000007153       6.882210960136478E-008
   16.0080000007153       1.197440953393367E-007
   16.0080000007153       1.051339885943880E-011
   16.0080000007153       1.885767183398481E-007
   16.4240000006557       8.085454308516850E-020
   16.4240000006557       5.282445994771954E-008
   16.4240000006557       9.453790657309585E-008
   16.4240000006557       7.580920221246547E-012
   16.4240000006557       1.473699474411175E-007
   16.8400000005960       2.274511688667197E-020
   16.8400000005960       4.071632349622227E-008
   16.8400000005960       7.487500347982860E-008
   16.8400000005960       5.490933064081465E-012
   16.8400000005960       1.155968179091377E-007
   17.2560000005364       6.394726457895704E-021
   17.2560000005364       3.150925596609013E-008
   17.2560000005364       5.947397775849980E-008
   17.2560000005364       3.993681849045517E-012
   17.2560000005364       9.098722740644537E-008
   17.6720000004768       1.796894997366007E-021
   17.6720000004768       2.447648106839364E-008
   17.6720000004768       4.736397757836043E-008
   17.6720000004768       2.915813020812990E-012
   17.6720000004768       7.184337445977668E-008
   18.0880000004172       5.046679681824395E-022
   18.0880000004172       1.908092714967208E-008
   18.0880000004172       3.780611022936318E-008
   18.0880000004172       2.136274857755876E-012
   18.0880000004172       5.688917365389351E-008
   18.5040000003576       1.416723662628594E-022
   18.5040000003576       1.492378502421816E-008
   18.5040000003576       3.023556275945448E-008
   18.5040000003576       1.570048530445583E-012
   18.5040000003576       4.516091783220323E-008
   18.9200000002980       3.975335482498740E-023
   18.9200000002980       1.170752937740429E-008
   18.9200000002980       2.421876435548039E-008
   18.9200000002980       1.157091829260776E-012
   18.9200000002980       3.592745082471399E-008
   19.3360000002384       1.115022035838703E-023
   19.3360000002384       9.209195249161176E-009
   19.3360000002384       1.942152741151756E-008
   19.3360000002384       8.547769795329726E-013
   19.3360000002384       2.863157743765827E-008
   19.7520000001788       3.126259204339031E-024
   19.7520000001788       7.260964743180652E-009
   19.7520000001788       1.558524270047869E-008
   19.7520000001788       6.326863598791539E-013
   19.7520000001788       2.284684013001922E-008
   20.1680000001192       8.762103162802031E-025
   20.1680000001192       5.735994702346248E-009
   20.1680000001192       1.250901222493584E-008
   20.1680000001192       4.690096938225311E-013
   20.1680000001192       1.824547593697591E-008
   20.5840000000596       2.454950763499420E-025
   20.5840000000596       4.538020507640429E-009
   20.5840000000596       1.003618024054008E-008
   20.5840000000596       3.480357121444717E-013
   20.5840000000596       1.457454878389266E-008
