  0.200000002980232       0.557760924811936     
  0.200000002980232       3.608129874043099E-003
  0.200000002980232       1.708776655989210E-002
  0.200000002980232       2.041672292603198E-004
  0.200000002980232       0.578660988475132     
  0.616000002920628       0.552781772706652     
  0.616000002920628       0.715268328536995     
  0.616000002920628        1.67149533010049     
  0.616000002920628       0.157619869528479     
  0.616000002920628        3.09716530087262     
   1.03200000286102       0.437840386190161     
   1.03200000286102        5.16261907279660     
   1.03200000286102        9.86397411188510     
   1.03200000286102        1.69327678472590     
   1.03200000286102        17.1577103555978     
   1.44800000280142       0.267128122669141     
   1.44800000280142        14.1140409554054     
   1.44800000280142        22.6926712868326     
   1.44800000280142        5.66286065461703     
   1.44800000280142        42.7367010195242     
   1.86400000274181       0.133421501402208     
   1.86400000274181        17.7385447276474     
   1.86400000274181        26.0841366330450     
   1.86400000274181        12.0661752081442     
   1.86400000274181        56.0222780702388     
   2.28000000268221       5.789447539979067E-002
   2.28000000268221        12.3435465339675     
   2.28000000268221        20.6499298558836     
   2.28000000268221        20.0748591886470     
   2.28000000268221        53.1262300538979     
   2.69600000262260       2.276042798460940E-002
   2.69600000262260        8.24024611533969     
   2.69600000262260        15.9946500306310     
   2.69600000262260        27.3181771894740     
   2.69600000262260        51.5758337634292     
   3.11200000256300       8.337801381319079E-003
   3.11200000256300        5.64670549080178     
   3.11200000256300        12.5022870724783     
   3.11200000256300        28.7276285988947     
   3.11200000256300        46.8849589635561     
   3.52800000250340       2.900312393469495E-003
   3.52800000250340        3.97206302169263     
   3.52800000250340        9.89923215097219     
   3.52800000250340        23.2483937935337     
   3.52800000250340        37.1225892785920     
   3.94400000244379       9.704545276319971E-004
   3.94400000244379        2.86047872155305     
   3.94400000244379        7.93937810141548     
   3.94400000244379        18.7339746769314     
   3.94400000244379        29.5348019544276     
   4.36000000238419       3.151961660481551E-004
   4.36000000238419        2.10343010081135     
   4.36000000238419        6.44447900598522     
   4.36000000238419        15.0964467991395     
   4.36000000238419        23.6446711021021     
   4.77600000232458       1.000203188214349E-004
   4.77600000232458        1.57575739247976     
   4.77600000232458        5.28921804311245     
   4.77600000232458        12.1956005818889     
   4.77600000232458        19.0606760377999     
   5.19200000226498       3.115798886365714E-005
   5.19200000226498        1.20023214790758     
   5.19200000226498        4.38518156743077     
   5.19200000226498        9.89065934081617     
   5.19200000226498        15.4761042141434     
   5.60800000220537       9.562557192306919E-006
   5.60800000220537       0.927936741189961     
   5.60800000220537        3.66935733012042     
   5.60800000220537        8.05877263389565     
   5.60800000220537        12.6560762677632     
   6.02400000214577       2.899222591939425E-006
   6.02400000214577       0.727130753508900     
   6.02400000214577        3.09629876235746     
   6.02400000214577        6.59915771531227     
   6.02400000214577        10.4225901304012     
   6.44000000208616       8.701701429637676E-007
   6.44000000208616       0.576761314111106     
   6.44000000208616        2.63282075260981     
   6.44000000208616        5.43162998336073     
   6.44000000208616        8.64121292025179     
   6.85600000202656       2.589749198291201E-007
   6.85600000202656       0.462581434434757     
   6.85600000202656        2.25439369248910     
   6.85600000202656        4.49337058560842     
   6.85600000202656        7.21034597150720     
   7.27200000196695       7.652639001729631E-008
   7.27200000196695       0.374771566580764     
   7.27200000196695        1.94267102259292     
   7.27200000196695        3.73551641969662     
   7.27200000196695        6.05295908539669     
   7.68800000190735       2.247618260772331E-008
   7.68800000190735       0.306449286631110     
   7.68800000190735        1.68377601905747     
   7.68800000190735        3.12014813807302     
   7.68800000190735        5.11037346623779     
   8.10400000184774       6.566954005485267E-009
   8.10400000184774       0.252715993419741     
   8.10400000184774        1.46710110458908     
   8.10400000184774        2.61782140908890     
   8.10400000184774        4.33763851366467     
   8.52000000178814       1.910034559609583E-009
   8.52000000178814       0.210035376842148     
   8.52000000178814        1.28445657699290     
   8.52000000178814        2.20561739837697     
   8.52000000178814        3.70010935412206     
   8.93600000172854       5.533598391675006E-010
   8.93600000172854       0.175821001605773     
   8.93600000172854        1.12946015546645     
   8.93600000172854        1.86563312229515     
   8.93600000172854        3.17091427992074     
   9.35200000166893       1.597625032769694E-010
   9.35200000166893       0.148158156355953     
   9.35200000166893       0.997094362139627     
   9.35200000166893        1.58382416549893     
   9.35200000166893        2.72907668415427     
   9.76800000160932       4.598551492367007E-011
   9.76800000160932       0.125613405130364     
   9.76800000160932       0.883382181657925     
   9.76800000160932        1.34912155320670     
   9.76800000160932        2.35811714004097     
   10.1840000015497       1.320070912085362E-011
   10.1840000015497       0.107102355093285     
   10.1840000015497       0.785146983439305     
   10.1840000015497        1.15275861117954     
   10.1840000015497        2.04500794972533     
   10.6000000014901       3.780352877603838E-012
   10.6000000014901       9.179663612883755E-002
   10.6000000014901       0.699833104990428     
   10.6000000014901       0.987757366926784     
   10.6000000014901        1.77938710804983     
   11.0160000014305       1.080281396779826E-012
   11.0160000014305       7.905767079296602E-002
   11.0160000014305       0.625370545172211     
   11.0160000014305       0.848535735225445     
   11.0160000014305        1.55296395119170     
   11.4320000013709       3.081104260899524E-013
   11.4320000013709       6.838897603117536E-002
   11.4320000013709       0.560072040156008     
   11.4320000013709       0.730606083905911     
   11.4320000013709        1.35906710009340     
   11.8480000013113       8.772505672208229E-014
   11.8480000013113       5.940144851841072E-002
   11.8480000013113       0.502554129706244     
   11.8480000013113       0.630343015675649     
   11.8480000013113        1.19229859390039     
   12.2640000012517       2.493795829478293E-014
   12.2640000012517       5.178784363219461E-002
   12.2640000012517       0.451676150472612     
   12.2640000012517       0.544803704092125     
   12.2640000012517        1.04826769819696     
   12.6800000011921       7.079153700477924E-015
   12.6800000011921       4.530383721843629E-002
   12.6800000011921       0.406492735612855     
   12.6800000011921       0.471588261583311     
   12.6800000011921       0.923384834414610     
   13.0960000011325       2.006968781061069E-015
   13.0960000011325       3.975384860233752E-002
   13.0960000011325       0.366216569602533     
   13.0960000011325       0.408730716085034     
   13.0960000011325       0.814701134289907     
   13.5120000010729       5.683133143879718E-016
   13.5120000010729       3.498033723684578E-002
   13.5120000010729       0.330188987370548     
   13.5120000010729       0.354613487633621     
   13.5120000010729       0.719782812241016     
   13.9280000010133       1.607557483857513E-016
   13.9280000010133       3.085565896920140E-002
   13.9280000010133       0.297856615886472     
   13.9280000010133       0.307899985566180     
   13.9280000010133       0.636612260421854     
   14.3440000009537       4.542713808001501E-017
   14.3440000009537       2.727582236665274E-002
   14.3440000009537       0.268752701361799     
   14.3440000009537       0.267481240813934     
   14.3440000009537       0.563509764542386     
   14.7600000008941       1.282534276340924E-017
   14.7600000008941       2.415566886900898E-002
   14.7600000008941       0.242482093039168     
   14.7600000008941       0.232433458133813     
   14.7600000008941       0.499071220041990     
   15.1760000008345       3.617914152593474E-018
   15.1760000008345       2.142512527020089E-002
   15.1760000008345       0.218709097843081     
   15.1760000008345       0.201984103117807     
   15.1760000008345       0.442118326231089     
   15.5920000007749       1.019790556283479E-018
   15.5920000007749       1.902627202542971E-002
   15.5920000007749       0.197147602051227     
   15.5920000007749       0.175484689919461     
   15.5920000007749       0.391658563996118     
   16.0080000007153       2.872448032507773E-019
   16.0080000007153       1.691103485848858E-002
   16.0080000007153       0.177552993061936     
   16.0080000007153       0.152388853269396     
   16.0080000007153       0.346852881189821     
   16.4240000006557       8.085454308516850E-020
   16.4240000006557       1.503935693968593E-002
   16.4240000006557       0.159715518082454     
   16.4240000006557       0.132234606108443     
   16.4240000006557       0.306989481130583     
   16.8400000005960       2.274511688667197E-020
   16.8400000005960       1.337774244746082E-002
   16.8400000005960       0.143454795678387     
   16.8400000005960       0.114629926929966     
   16.8400000005960       0.271462465055814     
   17.2560000005364       6.394726457895704E-021
   17.2560000005364       1.189808998063789E-002
   17.2560000005364       0.128615256823237     
   17.2560000005364       9.924100716765112E-002
   17.2560000005364       0.239754353971526     
   17.6720000004768       1.796894997366007E-021
   17.6720000004768       1.057675284910005E-002
   17.6720000004768       0.115062338928347     
   17.6720000004768       8.578263245057872E-002
   17.6720000004768       0.211421724228025     
   18.0880000004172       5.046679681824395E-022
   18.0880000004172       9.393778041842568E-003
   18.0880000004172       0.102679292685358     
   18.0880000004172       7.401028255456231E-002
   18.0880000004172       0.186083353281763     
   18.5040000003576       1.416723662628594E-022
   18.5040000003576       8.332286626831381E-003
   18.5040000003576       9.136448991839290E-002
   18.5040000003576       6.371362111666770E-002
   18.5040000003576       0.163410397661892     
   18.9200000002980       3.975335482498740E-023
   18.9200000002980       7.377966391947330E-003
   18.9200000002980       8.102914289385985E-002
   18.9200000002980       5.471111345108143E-002
   18.9200000002980       0.143118222736889     
   19.3360000002384       1.115022035838703E-023
   19.3360000002384       6.518654656076388E-003
   19.3360000002384       7.159536308057030E-002
   19.3360000002384       4.684556349318249E-002
   19.3360000002384       0.124959581229829     
   19.7520000001788       3.126259204339031E-024
   19.7520000001788       5.743992747675206E-003
   19.7520000001788       6.299450125800998E-002
   19.7520000001788       3.998040233030534E-002
   19.7520000001788       0.108718896335991     
   20.1680000001192       8.762103162802031E-025
   20.1680000001192       5.045138666770306E-003
   20.1680000001192       5.516572194753008E-002
   20.1680000001192       3.399659348457860E-002
   20.1680000001192       9.420745409887898E-002
   20.5840000000596       2.454950763499420E-025
   20.5840000000596       4.414526631469381E-003
   20.5840000000596       4.805477401115046E-002
   20.5840000000596       2.879004603134564E-002
   20.5840000000596       8.125934667396548E-002
