   10.0000000000000       4.613191979901018E-017
   10.0000000000000       4.892329221184900E-011
   10.0000000000000       1.401844419163322E-007
   10.0000000000000       6.745745294242828E-007
   10.0000000000000       8.148078946789588E-007
   10.3666666666667       1.056852210937036E-017
   10.3666666666667       1.872909244448080E-011
   10.3666666666667       1.142483132433717E-007
   10.3666666666667       4.982730099444439E-007
   10.3666666666667       6.125400522908286E-007
   10.7333333333333       2.411220696175646E-018
   10.7333333333333       7.201197880242769E-012
   10.7333333333333       9.366484886741975E-008
   10.7333333333333       3.712170344818921E-007
   10.7333333333333       4.648890845496034E-007
   11.1000000000000       5.480692048146310E-019
   11.1000000000000       2.780431122413393E-012
   11.1000000000000       7.721992088978120E-008
   11.1000000000000       2.788120231564769E-007
   11.1000000000000       3.560347244779286E-007
   11.4666666666667       1.241525735674874E-019
   11.4666666666667       1.077886000138742E-012
   11.4666666666667       6.399805428466699E-008
   11.4666666666667       2.110243852657173E-007
   11.4666666666667       2.750235174365086E-007
   11.8333333333333       2.803672392381080E-020
   11.8333333333333       4.194909355044674E-013
   11.8333333333333       5.330358660975373E-008
   11.8333333333333       1.608862994970642E-007
   11.8333333333333       2.141903055977815E-007
   12.2000000000000       6.313422297688886E-021
   12.2000000000000       1.638699246921447E-013
   12.2000000000000       4.460397781800012E-008
   12.2000000000000       1.235124041798459E-007
   12.2000000000000       1.681165458677770E-007
   12.5666666666667       1.417982035581932E-021
   12.5666666666667       6.424553627350646E-014
   12.5666666666667       3.748869223761119E-008
   12.5666666666667       9.544606901927597E-008
   12.5666666666667       1.329348255024249E-007
   12.9333333333333       3.177139741966031E-022
   12.9333333333333       2.527528841777220E-014
   12.9333333333333       3.163912804921172E-008
   12.9333333333333       7.422025376347308E-008
   12.9333333333333       1.058594070879735E-007
   13.3000000000000       7.103027483182708E-023
   13.3000000000000       9.977081163261578E-015
   13.3000000000000       2.680645236895410E-008
   13.3000000000000       5.805958593995669E-008
   13.3000000000000       8.486604828599202E-008
   13.6666666666667       1.584768572223493E-023
   13.6666666666667       3.951047115059358E-015
   13.6666666666667       2.279514046894195E-008
   13.6666666666667       4.567632944098250E-008
   13.6666666666667       6.847147386097158E-008
   14.0333333333333       3.529146475405968E-024
   14.0333333333333       1.569537196046482E-015
   14.0333333333333       1.945066326326301E-008
   14.0333333333333       3.612939002763978E-008
   14.0333333333333       5.558005486043999E-008
   14.4000000000000       7.845396290319681E-025
   14.4000000000000       6.253646508000467E-016
   14.4000000000000       1.665021437262318E-008
   14.4000000000000       2.872603989461079E-008
   14.4000000000000       4.537625489259863E-008
   14.7666666666667       1.741228164969126E-025
   14.7666666666667       2.498912956368326E-016
   14.7666666666667       1.429568049397466E-008
   14.7666666666667       2.295285195369939E-008
   14.7666666666667       3.724853269756534E-008
   15.1333333333333       3.858702460803680E-026
   15.1333333333333       1.001338382420052E-016
   15.1333333333333       1.230827885593283E-008
   15.1333333333333       1.842677813706228E-008
   15.1333333333333       3.073505709312896E-008
   15.5000000000000       8.539186058507110E-027
   15.5000000000000       4.023281127028436E-017
   15.5000000000000       1.062444176134513E-008
   15.5000000000000       1.486023394352152E-008
   15.5000000000000       2.548467574509946E-008
   15.8666666666667       1.887217867885210E-027
   15.8666666666667       1.620725386637198E-017
   15.8666666666667       9.192639959513858E-009
   15.8666666666667       1.203599835283615E-008
   15.8666666666667       2.122863832855726E-008
   16.2333333333333       4.165769630623794E-028
   16.2333333333333       6.545300747525140E-018
   16.2333333333333       7.970917095384282E-009
   16.2333333333333       9.789044198121933E-009
   16.2333333333333       1.775996130005151E-008
   16.6000000000000       9.184810712322557E-029
   16.6000000000000       2.649745776551264E-018
   16.6000000000000       6.924965886547442E-009
   16.6000000000000       7.993297513118087E-009
   16.6000000000000       1.491826340231527E-008
   16.9666666666667       2.022917590060094E-029
   16.9666666666667       1.075222153191764E-018
   16.9666666666667       6.026619331637879E-009
   16.9666666666667       6.551926814600816E-009
   16.9666666666667       1.257854614731392E-008
   17.3333333333333       4.450900746778561E-030
   17.3333333333333       4.372986338516213E-019
   17.3333333333333       5.252661603382544E-009
   17.3333333333333       5.390177311668007E-009
   17.3333333333333       1.064283891548785E-008
   17.7000000000000       9.783760008065090E-031
   17.7000000000000       1.782427904781371E-019
   17.7000000000000       4.583886463743386E-009
   17.7000000000000       4.450051710179777E-009
   17.7000000000000       9.033938174101405E-009
   18.0666666666667       2.148701990314515E-031
   18.0666666666667       7.280633674768032E-020
   18.0666666666667       4.004348285965033E-009
   18.0666666666667       3.686339207382706E-009
   18.0666666666667       7.690687493420545E-009
   18.4333333333333       4.714998649095766E-032
   18.4333333333333       2.980029028725323E-020
   18.4333333333333       3.500763672512963E-009
   18.4333333333333       3.063634667401640E-009
   18.4333333333333       6.564398339944403E-009
   18.8000000000000       1.033814765346260E-032
   18.8000000000000       1.222187752922143E-020
   18.8000000000000       3.062031365732815E-009
   18.8000000000000       2.554089218347412E-009
   18.8000000000000       5.616120584092449E-009
   19.1666666666667       2.265055766234020E-033
   19.1666666666667       5.022207828468572E-021
   19.1666666666667       2.678845490039608E-009
   19.1666666666667       2.135704126978614E-009
   19.1666666666667       4.814549617023245E-009
   19.5333333333333       4.959157652577636E-034
   19.5333333333333       2.067593131428910E-021
   19.5333333333333       2.343382745504460E-009
   19.5333333333333       1.791030361012245E-009
   19.5333333333333       4.134413106518773E-009
   19.9000000000000       1.085041474700959E-034
   19.9000000000000       8.527554748729902E-022
   19.9000000000000       2.049048436065001E-009
   19.9000000000000       1.506172658539714E-009
   19.9000000000000       3.555221094605568E-009
   20.2666666666667       2.372518279720202E-035
   20.2666666666667       3.523298005490934E-022
   20.2666666666667       1.790269487779973E-009
   20.2666666666667       1.270023298096174E-009
   20.2666666666667       3.060292785876499E-009
   20.6333333333333       5.184560308522426E-036
   20.6333333333333       1.458199687818269E-022
   20.6333333333333       1.562325135454173E-009
   20.6333333333333       1.073669974606109E-009
   20.6333333333333       2.635995110060428E-009
