  0.200000002980232       6.641250818112935E-010
  0.200000002980232       6.641250818112935E-010
  0.616000002920628       1.810749954094976E-007
  0.616000002920628       1.810749954094976E-007
   1.03200000286102       1.559938993604450E-006
   1.03200000286102       1.559938993604450E-006
   1.44800000280142       4.797968241091295E-006
   1.44800000280142       4.797968241091295E-006
   1.86400000274181       9.832163281397936E-006
   1.86400000274181       9.832163281397936E-006
   2.28000000268221       1.573529394224572E-005
   2.28000000268221       1.573529394224572E-005
   2.69600000262260       2.004511641661622E-005
   2.69600000262260       2.004511641661622E-005
   3.11200000256300       1.653449973464671E-005
   3.11200000256300       1.653449973464671E-005
   3.52800000250340       7.532526523739991E-006
   3.52800000250340       7.532526523739991E-006
   3.94400000244379       3.594899510986432E-006
   3.94400000244379       3.594899510986432E-006
   4.36000000238419       1.790317250877143E-006
   4.36000000238419       1.790317250877143E-006
   4.77600000232458       9.268422031471052E-007
   4.77600000232458       9.268422031471052E-007
   5.19200000226498       4.970137900601147E-007
   5.19200000226498       4.970137900601147E-007
   5.60800000220537       2.751809930094417E-007
   5.60800000220537       2.751809930094417E-007
   6.02400000214577       1.568570193787691E-007
   6.02400000214577       1.568570193787691E-007
   6.44000000208616       9.181444871456119E-008
   6.44000000208616       9.181444871456119E-008
   6.85600000202656       5.506170234516690E-008
   6.85600000202656       5.506170234516690E-008
   7.27200000196695       3.376285166626830E-008
   7.27200000196695       3.376285166626830E-008
   7.68800000190735       2.112975191004711E-008
   7.68800000190735       2.112975191004711E-008
   8.10400000184774       1.347452546075078E-008
   8.10400000184774       1.347452546075078E-008
   8.52000000178814       8.743121984109503E-009
   8.52000000178814       8.743121984109503E-009
   8.93600000172854       5.764828626985629E-009
   8.93600000172854       5.764828626985629E-009
   9.35200000166893       3.857983365380452E-009
   9.35200000166893       3.857983365380452E-009
   9.76800000160932       2.617719129150182E-009
   9.76800000160932       2.617719129150182E-009
   10.1840000015497       1.799079805161000E-009
   10.1840000015497       1.799079805161000E-009
   10.6000000014901       1.251279801104127E-009
   10.6000000014901       1.251279801104127E-009
   11.0160000014305       8.799913634285744E-010
   11.0160000014305       8.799913634285744E-010
   11.4320000013709       6.253067358467378E-010
   11.4320000013709       6.253067358467378E-010
   11.8480000013113       4.486350127630548E-010
   11.8480000013113       4.486350127630548E-010
   12.2640000012517       3.247835355992546E-010
   12.2640000012517       3.247835355992546E-010
   12.6800000011921       2.370986516532244E-010
   12.6800000011921       2.370986516532244E-010
   13.0960000011325       1.744405410776874E-010
   13.0960000011325       1.744405410776874E-010
   13.5120000010729       1.292740667412995E-010
   13.5120000010729       1.292740667412995E-010
   13.9280000010133       9.644834637281312E-011
   13.9280000010133       9.644834637281312E-011
   14.3440000009537       7.240704655594491E-011
   14.3440000009537       7.240704655594491E-011
   14.7600000008941       5.467146456922744E-011
   14.7600000008941       5.467146456922744E-011
   15.1760000008345       4.149845186629651E-011
   15.1760000008345       4.149845186629651E-011
   15.5920000007749       3.165168024087317E-011
   15.5920000007749       3.165168024087317E-011
   16.0080000007153       2.424718024036416E-011
   16.0080000007153       2.424718024036416E-011
   16.4240000006557       1.864805145127103E-011
   16.4240000006557       1.864805145127103E-011
   16.8400000005960       1.439204674668836E-011
   16.8400000005960       1.439204674668836E-011
   17.2560000005364       1.114134026508695E-011
   17.2560000005364       1.114134026508695E-011
   17.6720000004768       8.647398948154608E-012
   17.6720000004768       8.647398948154608E-012
   18.0880000004172       6.726224891678069E-012
   18.0880000004172       6.726224891678069E-012
   18.5040000003576       5.240776837925387E-012
   18.5040000003576       5.240776837925387E-012
   18.9200000002980       4.088400145008830E-012
   18.9200000002980       4.088400145008830E-012
   19.3360000002384       3.191776966773102E-012
   19.3360000002384       3.191776966773102E-012
   19.7520000001788       2.492368306518082E-012
   19.7520000001788       2.492368306518082E-012
   20.1680000001192       1.945632100660511E-012
   20.1680000001192       1.945632100660511E-012
   20.5840000000596       1.517515453085186E-012
   20.5840000000596       1.517515453085186E-012
