  0.200000002980232       0.930630648256045     
  0.200000002980232       5.208705864087957E-006
  0.200000002980232       4.098669327283074E-005
  0.200000002980232       5.549852031397131E-010
  0.200000002980232       0.930676844210167     
  0.616000002920628       0.765594072495257     
  0.616000002920628       4.400787975742524E-004
  0.616000002920628       1.731466544958683E-003
  0.616000002920628       1.238971927515458E-007
  0.616000002920628       0.767765741734983     
   1.03200000286102       0.491596545537807     
   1.03200000286102       2.528794503592903E-003
   1.03200000286102       9.156924173619973E-003
   1.03200000286102       1.002749236039252E-006
   1.03200000286102       0.503283266964256     
   1.44800000280142       0.248148122706610     
   1.44800000280142       7.489619408817517E-003
   1.44800000280142       1.968851524150579E-002
   1.44800000280142       3.008727457882559E-006
   1.44800000280142       0.275329266084391     
   1.86400000274181       0.104146932364477     
   1.86400000274181       1.518121772328342E-002
   1.86400000274181       1.836520218424289E-002
   1.86400000274181       6.097932957094876E-006
   1.86400000274181       0.137699450204960     
   2.28000000268221       3.834095649520886E-002
   2.28000000268221       2.022154220657746E-002
   2.28000000268221       9.766677823857253E-003
   2.28000000268221       9.693459152012382E-006
   2.28000000268221       6.833886998479557E-002
   2.69600000262260       1.286814619506904E-002
   2.69600000262260       1.580946630470043E-002
   2.69600000262260       5.154138110285896E-003
   2.69600000262260       1.225067874182899E-005
   2.69600000262260       3.384400128879719E-002
   3.11200000256300       4.041510141394873E-003
   3.11200000256300       8.136845140215569E-003
   3.11200000256300       2.808299579969709E-003
   3.11200000256300       9.853037840379254E-006
   3.11200000256300       1.499650789942053E-002
   3.52800000250340       1.208945012860577E-003
   3.52800000250340       4.119563227473103E-003
   3.52800000250340       1.579081901283765E-003
   3.52800000250340       4.207019223790818E-006
   3.52800000250340       6.911797160841235E-003
   3.94400000244379       3.486344470301731E-004
   3.94400000244379       2.158397430062455E-003
   3.94400000244379       9.135153586832359E-004
   3.94400000244379       1.868809219995690E-006
   3.94400000244379       3.422416044995860E-003
   4.36000000238419       9.775420933247132E-005
   4.36000000238419       1.170127663314209E-003
   4.36000000238419       5.420811473572950E-004
   4.36000000238419       8.612187913917717E-007
   4.36000000238419       1.810824238795367E-003
   4.77600000232458       2.681400415753034E-005
   4.77600000232458       6.539902939297277E-004
   4.77600000232458       3.290849722571295E-004
   4.77600000232458       4.105599569471417E-007
   4.77600000232458       1.010299830301335E-003
   5.19200000226498       7.227718531303219E-006
   5.19200000226498       3.755001066568547E-004
   5.19200000226498       2.039237080984422E-004
   5.19200000226498       2.019182960145490E-007
   5.19200000226498       5.868534515826146E-004
   5.60800000220537       1.920946796058563E-006
   5.60800000220537       2.208234226301027E-004
   5.60800000220537       1.287365384087724E-004
   5.60800000220537       1.021943370288370E-007
   5.60800000220537       3.515831021719625E-004
   6.02400000214577       5.046810664806667E-007
   6.02400000214577       1.326744341305669E-004
   6.02400000214577       8.265783666436571E-005
   6.02400000214577       5.310644041392379E-008
   6.02400000214577       2.158900583018272E-004
   6.44000000208616       1.313311255642993E-007
   6.44000000208616       8.126845057982682E-005
   6.44000000208616       5.389940468976326E-005
   6.44000000208616       2.827814595103562E-008
   6.44000000208616       1.353274645411054E-004
   6.85600000202656       3.390342857279862E-008
   6.85600000202656       5.066103960497613E-005
   6.85600000202656       3.564933397656413E-005
   6.85600000202656       1.540072248548567E-008
   6.85600000202656       8.635967773259855E-005
   7.27200000196695       8.693263038152448E-009
   7.27200000196695       3.209073176085035E-005
   7.27200000196695       2.388930157241176E-005
   7.27200000196695       8.564465255561640E-009
   7.27200000196695       5.599729106155582E-005
   7.68800000190735       2.216247350926683E-009
   7.68800000190735       2.062835296813713E-005
   7.68800000190735       1.620368908363875E-005
   7.68800000190735       4.856029544617950E-009
   7.68800000190735       3.683911432867143E-005
   8.10400000184774       5.622145258904314E-010
   8.10400000184774       1.344090728434189E-005
   8.10400000184774       1.111488095231944E-005
   8.10400000184774       2.803490945630779E-009
   8.10400000184774       2.455915394213284E-005
   8.52000000178814       1.420115483438076E-010
   8.52000000178814       8.868138362143127E-006
   8.52000000178814       7.704411115779065E-006
   8.52000000178814       1.645974473622036E-009
   8.52000000178814       1.657433746394416E-005
   8.93600000172854       3.573739225578145E-011
   8.93600000172854       5.919541740657093E-006
   8.93600000172854       5.392826946864061E-006
   8.93600000172854       9.816810936685069E-010
   8.93600000172854       1.131338610600708E-005
   9.35200000166893       8.963963416875725E-012
   9.35200000166893       3.994391878140495E-006
   9.35200000166893       3.809475937805285E-006
   9.35200000166893       5.941563824476031E-010
   9.35200000166893       7.804470936291645E-006
   9.76800000160932       2.241940453706884E-012
   9.76800000160932       2.722778997019632E-006
   9.76800000160932       2.714198656470681E-006
   9.76800000160932       3.645953984627108E-010
   9.76800000160932       5.437344490829229E-006
   10.1840000015497       5.592911496053159E-013
   10.1840000015497       1.873687963780333E-006
   10.1840000015497       1.949507117768937E-006
   10.1840000015497       2.266376131894607E-010
   10.1840000015497       3.823422278453608E-006
   10.6000000014901       1.392078768042128E-013
   10.6000000014901       1.300938948508167E-006
   10.6000000014901       1.410958656539605E-006
   10.6000000014901       1.426011684330772E-010
   10.6000000014901       2.712040345424082E-006
   11.0160000014305       3.457852751066317E-014
   11.0160000014305       9.108923274027943E-007
   11.0160000014305       1.028554490575969E-006
   11.0160000014305       9.075504637672779E-011
   11.0160000014305       1.939537607603667E-006
   11.4320000013709       8.573467465795094E-015
   11.4320000013709       6.428719650362411E-007
   11.4320000013709       7.549127718928911E-007
   11.4320000013709       5.838281210391520E-011
   11.4320000013709       1.397843128314704E-006
   11.8480000013113       2.122229598823054E-015
   11.8480000013113       4.571352382643883E-007
   11.8480000013113       5.576596937346450E-007
   11.8480000013113       3.793995665472354E-011
   11.8480000013113       1.014832874077918E-006
   12.2640000012517       5.245447690702232E-016
   12.2640000012517       3.273856123022691E-007
   12.2640000012517       4.144796536213855E-007
   12.2640000012517       2.489179685971646E-011
   12.2640000012517       7.418901582450592E-007
   12.6800000011921       1.294753403026430E-016
   12.6800000011921       2.360563195992935E-007
   12.6800000011921       3.098613426932507E-007
   12.6800000011921       1.647897575416295E-011
   12.6800000011921       5.459341413977738E-007
   13.0960000011325       3.191968722235225E-017
   13.0960000011325       1.713058518060184E-007
   13.0960000011325       2.329374471637216E-007
   13.0960000011325       1.100273927010610E-011
   13.0960000011325       4.042543017409298E-007
   13.5120000010729       7.860385577464044E-018
   13.5120000010729       1.250835069737326E-007
   13.5120000010729       1.760369294310931E-007
   13.5120000010729       7.405657650042037E-012
   13.5120000010729       3.011278420703361E-007
   13.9280000010133       1.933677444065299E-018
   13.9280000010133       9.187131393957585E-008
   13.9280000010133       1.337062044569670E-007
   13.9280000010133       5.022571429459858E-012
   13.9280000010133       2.255825409699060E-007
   14.3440000009537       4.752431997563192E-019
   14.3440000009537       6.785803101816731E-008
   14.3440000009537       1.020417518381864E-007
   14.3440000009537       3.430885407343175E-012
   14.3440000009537       1.699032137422363E-007
   14.7600000008941       1.167003834088806E-019
   14.7600000008941       5.039191160937244E-008
   14.7600000008941       7.823141997995579E-008
   14.7600000008941       2.359559070896409E-012
   14.7600000008941       1.286256911485158E-007
   15.1760000008345       2.863403212392628E-020
   15.1760000008345       3.761504425419671E-008
   15.1760000008345       6.023675624959349E-008
   15.1760000008345       1.633182252956571E-012
   15.1760000008345       9.785343368607178E-008
   15.5920000007749       7.020579382294936E-021
   15.5920000007749       2.821702191217501E-008
   15.5920000007749       4.657140363978119E-008
   15.5920000007749       1.137256714406282E-012
   15.5920000007749       7.478956280867762E-008
   16.0080000007153       1.720154156547220E-021
   16.0080000007153       2.126770946546766E-008
   16.0080000007153       3.614543933391773E-008
   16.0080000007153       7.964312085389933E-013
   16.0080000007153       5.741394523059565E-008
   16.4240000006557       4.211988689413226E-022
   16.4240000006557       1.610286687702189E-008
   16.4240000006557       2.815530810928044E-008
   16.4240000006557       5.607294095683334E-013
   16.4240000006557       4.425873571571232E-008
   16.8400000005960       1.030746453478074E-022
   16.8400000005960       1.224536976641798E-008
   16.8400000005960       2.200550204094818E-008
   16.8400000005960       3.967575964150287E-013
   16.8400000005960       3.425126856496267E-008
   17.2560000005364       2.521035413018249E-023
   17.2560000005364       9.350580965249978E-009
   17.2560000005364       1.725249183160325E-008
   17.2560000005364       2.820435892994643E-013
   17.2560000005364       2.660335484044255E-008
   17.6720000004768       6.162891384984582E-024
   17.6720000004768       7.168224047752576E-009
   17.6720000004768       1.356435447037521E-008
   17.6720000004768       2.013620493609365E-013
   17.6720000004768       2.073277988017715E-008
   18.0880000004172       1.505855023249942E-024
   18.0880000004172       5.515608775005046E-009
   18.0880000004172       1.069154092851962E-008
   18.0880000004172       1.443305434840680E-013
   18.0880000004172       1.620729403406815E-008
   18.5040000003576       3.677801101355815E-025
   18.5040000003576       4.258717019739403E-009
   18.5040000003576       8.445596637520288E-009
   18.5040000003576       1.038251740002854E-013
   18.5040000003576       1.270441748243369E-008
   18.9200000002980       8.978669006894014E-026
   18.9200000002980       3.298764740368800E-009
   18.9200000002980       6.683591413568674E-009
   18.9200000002980       7.492888840804030E-014
   18.9200000002980       9.982431082825882E-009
   19.3360000002384       2.191116850374367E-026
   19.3360000002384       2.562602439234594E-009
   19.3360000002384       5.296670509393315E-009
   19.3360000002384       5.422858887777397E-014
   19.3360000002384       7.859327177216789E-009
   19.7520000001788       5.345142240494149E-027
   19.7520000001788       1.995821346758444E-009
   19.7520000001788       4.201595835011612E-009
   19.7520000001788       3.934227035045367E-014
   19.7520000001788       6.197456524040406E-009
   20.1680000001192       1.303474757195648E-027
   20.1680000001192       1.557777516820708E-009
   20.1680000001192       3.334467642831619E-009
   20.1680000001192       2.859890089573476E-014
   20.1680000001192       4.892273758553223E-009
   20.5840000000596       3.177637516288852E-028
   20.5840000000596       1.217982629383753E-009
   20.5840000000596       2.646043918710191E-009
   20.5840000000596       2.082039383843177E-014
   20.5840000000596       3.864047368487783E-009
