  0.200000002980232       0.930630648256045     
  0.200000002980232       5.810027434478422E-006
  0.200000002980232       4.720304368561918E-005
  0.200000002980232       6.641250818112935E-010
  0.200000002980232       0.930683661991290     
  0.616000002920628       0.765594072495257     
  0.616000002920628       5.614985985847754E-004
  0.616000002920628       2.328852157655245E-003
  0.616000002920628       1.810749954094976E-007
  0.616000002920628       0.768484604326492     
   1.03200000286102       0.491596545537807     
   1.03200000286102       3.340535082396628E-003
   1.03200000286102       1.271881387927539E-002
   1.03200000286102       1.559938993604450E-006
   1.03200000286102       0.507657454438473     
   1.44800000280142       0.248148122706610     
   1.44800000280142       1.001636670426924E-002
   1.44800000280142       2.764789148216265E-002
   1.44800000280142       4.797968241091295E-006
   1.44800000280142       0.285817178861283     
   1.86400000274181       0.104146932364477     
   1.86400000274181       2.040971859725409E-002
   1.86400000274181       2.617675281176260E-002
   1.86400000274181       9.832163281397936E-006
   1.86400000274181       0.150743235936775     
   2.28000000268221       3.834095649520886E-002
   2.28000000268221       2.730535621542856E-002
   2.28000000268221       1.442081066804243E-002
   2.28000000268221       1.573529394224572E-005
   2.28000000268221       8.008285867262210E-002
   2.69600000262260       1.286814619506904E-002
   2.69600000262260       2.154941579384130E-002
   2.69600000262260       7.978805172007648E-003
   2.69600000262260       2.004511641661622E-005
   2.69600000262260       4.241641227733460E-002
   3.11200000256300       4.041510141394873E-003
   3.11200000256300       1.135711424172370E-002
   3.11200000256300       4.600023326030063E-003
   3.11200000256300       1.653449973464671E-005
   3.11200000256300       2.001518220888329E-002
   3.52800000250340       1.208945012860577E-003
   3.52800000250340       5.954583469670458E-003
   3.52800000250340       2.758042322138160E-003
   3.52800000250340       7.532526523739991E-006
   3.52800000250340       9.929103331192934E-003
   3.94400000244379       3.486344470301731E-004
   3.94400000244379       3.259878424637181E-003
   3.94400000244379       1.712287587392210E-003
   3.94400000244379       3.594899510986432E-006
   3.94400000244379       5.324395358570550E-003
   4.36000000238419       9.775420933247132E-005
   4.36000000238419       1.860676451694830E-003
   4.36000000238419       1.096239453024957E-003
   4.36000000238419       1.790317250877143E-006
   4.36000000238419       3.056460431303136E-003
   4.77600000232458       2.681400415753034E-005
   4.77600000232458       1.102008340649733E-003
   4.77600000232458       7.212024514109239E-004
   4.77600000232458       9.268422031471052E-007
   4.77600000232458       1.850951638421334E-003
   5.19200000226498       7.227718531303219E-006
   5.19200000226498       6.742078649926550E-004
   5.19200000226498       4.861083256273721E-004
   5.19200000226498       4.970137900601147E-007
   5.19200000226498       1.168040922941390E-003
   5.60800000220537       1.920946796058563E-006
   5.60800000220537       4.244672378723156E-004
   5.60800000220537       3.348325342065147E-004
   5.60800000220537       2.751809930094417E-007
   5.60800000220537       7.614958998678982E-004
   6.02400000214577       5.046810664806667E-007
   6.02400000214577       2.741275902684086E-004
   6.02400000214577       2.351773114328223E-004
   6.02400000214577       1.568570193787691E-007
   6.02400000214577       5.099664397870904E-004
   6.44000000208616       1.313311255642993E-007
   6.44000000208616       1.811161697279168E-004
   6.44000000208616       1.681211839080624E-004
   6.44000000208616       9.181444871456119E-008
   6.44000000208616       3.494604992102581E-004
   6.85600000202656       3.390342857279862E-008
   6.85600000202656       1.221441098348690E-004
   6.85600000202656       1.221246501432671E-004
   6.85600000202656       5.506170234516690E-008
   6.85600000202656       2.443577251090540E-004
   7.27200000196695       8.693263038152448E-009
   7.27200000196695       8.391820653354346E-005
   7.27200000196695       9.001660497732366E-005
   7.27200000196695       3.376285166626830E-008
   7.27200000196695       1.739772676255715E-004
   7.68800000190735       2.216247350926683E-009
   7.68800000190735       5.863831700974381E-005
   7.68800000190735       6.724185443640504E-005
   7.68800000190735       2.112975191004711E-008
   7.68800000190735       1.259035174454098E-004
   8.10400000184774       5.622145258904314E-010
   8.10400000184774       4.161180712155112E-005
   8.10400000184774       5.084830117917440E-005
   8.10400000184774       1.347452546075078E-008
   8.10400000184774       9.247414504071217E-005
   8.52000000178814       1.420115483438076E-010
   8.52000000178814       2.995077481662544E-005
   8.52000000178814       3.888727673758177E-005
   8.52000000178814       8.743121984109503E-009
   8.52000000178814       6.884693668773966E-005
   8.93600000172854       3.573739225578145E-011
   8.93600000172854       2.184077794306979E-005
   8.93600000172854       3.005052126020109E-005
   8.93600000172854       5.764828626985629E-009
   8.93600000172854       5.189709976929012E-005
   9.35200000166893       8.963963416875725E-012
   9.35200000166893       1.611996052631624E-005
   9.35200000166893       2.344588729438942E-005
   9.35200000166893       3.857983365380452E-009
   9.35200000166893       3.956971476803445E-005
   9.76800000160932       2.241940453706884E-012
   9.76800000160932       1.203121926544602E-005
   9.76800000160932       1.845611825506089E-005
   9.76800000160932       2.617719129150182E-009
   9.76800000160932       3.048995748157651E-005
   10.1840000015497       5.592911496053159E-013
   10.1840000015497       9.073165715894020E-006
   10.1840000015497       1.464836704337018E-005
   10.1840000015497       1.799079805161000E-009
   10.1840000015497       2.372333239836051E-005
   10.6000000014901       1.392078768042128E-013
   10.6000000014901       6.908747770055925E-006
   10.6000000014901       1.171527734088838E-005
   10.6000000014901       1.251279801104127E-009
   10.6000000014901       1.862527652995328E-005
   11.0160000014305       3.457852751066317E-014
   11.0160000014305       5.308209570909629E-006
   11.0160000014305       9.436034671892626E-006
   11.0160000014305       8.799913634285744E-010
   11.0160000014305       1.474512426874421E-005
   11.4320000013709       8.573467465795094E-015
   11.4320000013709       4.112889119795334E-006
   11.4320000013709       7.650253905949640E-006
   11.4320000013709       6.253067358467378E-010
   11.4320000013709       1.176376834105429E-005
   11.8480000013113       2.122229598823054E-015
   11.8480000013113       3.211882357801753E-006
   11.8480000013113       6.240240777312201E-006
   11.8480000013113       4.486350127630548E-010
   11.8480000013113       9.452571772248946E-006
   12.2640000012517       5.245447690702232E-016
   12.2640000012517       2.526781933176433E-006
   12.2640000012517       5.118792384992448E-006
   12.2640000012517       3.247835355992546E-010
   12.2640000012517       7.645899102229024E-006
   12.6800000011921       1.294753403026430E-016
   12.6800000011921       2.001560782127818E-006
   12.6800000011921       4.220709286109429E-006
   12.6800000011921       2.370986516532244E-010
   12.6800000011921       6.222507167018375E-006
   13.0960000011325       3.191968722235225E-017
   13.0960000011325       1.595780370938768E-006
   13.0960000011325       3.496825191141672E-006
   13.0960000011325       1.744405410776874E-010
   13.0960000011325       5.092780002653437E-006
   13.5120000010729       7.860385577464044E-018
   13.5120000010729       1.279976340966681E-006
   13.5120000010729       2.909764093228785E-006
   13.5120000010729       1.292740667412995E-010
   13.5120000010729       4.189869708270067E-006
   13.9280000010133       1.933677444065299E-018
   13.9280000010133       1.032488028985736E-006
   13.9280000010133       2.430895576497916E-006
   13.9280000010133       9.644834637281312E-011
   13.9280000010133       3.463480053831959E-006
   14.3440000009537       4.752431997563192E-019
   14.3440000009537       8.372569009825277E-007
   14.3440000009537       2.038129757128611E-006
   14.3440000009537       7.240704655594491E-011
   14.3440000009537       2.875459065158170E-006
   14.7600000008941       1.167003834088806E-019
   14.7600000008941       6.822823374229276E-007
   14.7600000008941       1.714306334540155E-006
   14.7600000008941       5.467146456922744E-011
   14.7600000008941       2.396643343427769E-006
   15.1760000008345       2.863403212392628E-020
   15.1760000008345       5.585282137315448E-007
   15.1760000008345       1.446007906094216E-006
   15.1760000008345       4.149845186629651E-011
   15.1760000008345       2.004577618277656E-006
   15.5920000007749       7.020579382294936E-021
   15.5920000007749       4.591416589524360E-007
   15.5920000007749       1.222678910062227E-006
   15.5920000007749       3.165168024087317E-011
   15.5920000007749       1.681852220694911E-006
   16.0080000007153       1.720154156547220E-021
   16.0080000007153       3.788900990248669E-007
   16.0080000007153       1.035966568831052E-006
   16.0080000007153       2.424718024036416E-011
   16.0080000007153       1.414880915036161E-006
   16.4240000006557       4.211988689413226E-022
   16.4240000006557       3.137522596620651E-007
   16.4240000006557       8.792243652918316E-007
   16.4240000006557       1.864805145127103E-011
   16.4240000006557       1.192995273005348E-006
   16.8400000005960       1.030746453478074E-022
   16.8400000005960       2.606187327528972E-007
   16.8400000005960       7.471354134377109E-007
   16.8400000005960       1.439204674668836E-011
   16.8400000005960       1.007768538237355E-006
   17.2560000005364       2.521035413018249E-023
   17.2560000005364       2.170711274786113E-007
   17.2560000005364       6.354249072863568E-007
   17.2560000005364       1.114134026508695E-011
   17.2560000005364       8.525071761052332E-007
   17.6720000004768       6.162891384984582E-024
   17.6720000004768       1.812180320540326E-007
   17.6720000004768       5.406392081056682E-007
   17.6720000004768       8.647398948154608E-012
   17.6720000004768       7.218658875586490E-007
   18.0880000004172       1.505855023249942E-024
   18.0880000004172       1.515723445719406E-007
   18.0880000004172       4.599751108435233E-007
   18.0880000004172       6.726224891678069E-012
   18.0880000004172       6.115541816403556E-007
   18.5040000003576       3.677801101355815E-025
   18.5040000003576       1.269589556131361E-007
   18.5040000003576       3.911471339040804E-007
   18.5040000003576       5.240776837925387E-012
   18.5040000003576       5.181113302940543E-007
   18.9200000002980       8.978669006894014E-026
   18.9200000002980       1.064448302427262E-007
   18.9200000002980       3.322837950959222E-007
   18.9200000002980       4.088400145008830E-012
   18.9200000002980       4.387327137387934E-007
   19.3360000002384       2.191116850374367E-026
   19.3360000002384       8.928574584019064E-008
   19.3360000002384       2.818461125275863E-007
   19.3360000002384       3.191776966773102E-012
   19.3360000002384       3.711350501447437E-007
   19.7520000001788       5.345142240494149E-027
   19.7520000001788       7.488548239930161E-008
   19.7520000001788       2.385632412687391E-007
   19.7520000001788       2.492368306518082E-012
   19.7520000001788       3.134512160363473E-007
   20.1680000001192       1.303474757195648E-027
   20.1680000001192       6.276438090372995E-008
   20.1680000001192       2.013813928560199E-007
   20.1680000001192       1.945632100660511E-012
   20.1680000001192       2.641477193918505E-007
   20.5840000000596       3.177637516288852E-028
   20.5840000000596       5.253498926054960E-008
   20.5840000000596       1.694231044182791E-007
   20.5840000000596       1.517515453085186E-012
   20.5840000000596       2.219596111942818E-007
