  0.200000002980232       0.930630648256045     
  0.200000002980232       6.438581176925819E-005
  0.200000002980232       1.203834918102255E-003
  0.200000002980232       1.791246206409392E-006
  0.200000002980232       0.931900660232123     
  0.616000002920628       0.765594072495257     
  0.616000002920628       7.802432292006019E-004
  0.616000002920628       7.375235714770745E-003
  0.616000002920628       9.402707744833358E-006
  0.616000002920628       0.773758954146973     
   1.03200000286102       0.491596545537807     
   1.03200000286102       3.432529135828224E-003
   1.03200000286102       1.940972670433077E-002
   1.03200000286102       2.176474468149061E-005
   1.03200000286102       0.514460566122648     
   1.44800000280142       0.248148122706610     
   1.44800000280142       1.003182529566928E-002
   1.44800000280142       3.152052562541565E-002
   1.44800000280142       3.817125203958531E-005
   1.44800000280142       0.289738644879734     
   1.86400000274181       0.104146932364477     
   1.86400000274181       2.041300627684200E-002
   1.86400000274181       2.701356392703230E-002
   1.86400000274181       5.616206961876265E-005
   1.86400000274181       0.151629664637970     
   2.28000000268221       3.834095649520886E-002
   2.28000000268221       2.730616976326609E-002
   2.28000000268221       1.450093409916980E-002
   2.28000000268221       6.830285726756669E-005
   2.28000000268221       8.021636321491231E-002
   2.69600000262260       1.286814619506904E-002
   2.69600000262260       2.154960337587875E-002
   2.69600000262260       7.984371999916215E-003
   2.69600000262260       6.664579083429829E-005
   2.69600000262260       4.246876736169830E-002
   3.11200000256300       4.041510141394873E-003
   3.11200000256300       1.135715442800644E-002
   3.11200000256300       4.600309640329470E-003
   3.11200000256300       5.142869229170916E-005
   3.11200000256300       2.005040290202249E-002
   3.52800000250340       1.208945012860577E-003
   3.52800000250340       5.954591616967352E-003
   3.52800000250340       2.758053162231376E-003
   3.52800000250340                          NaN
   3.52800000250340                          NaN
   3.94400000244379       3.486344470301731E-004
   3.94400000244379       3.259880011234257E-003
   3.94400000244379       1.712287888046251E-003
   3.94400000244379                          NaN
   3.94400000244379                          NaN
   4.36000000238419       9.775420933247132E-005
   4.36000000238419       1.860676751677489E-003
   4.36000000238419       1.096239459108282E-003
   4.36000000238419                          NaN
   4.36000000238419                          NaN
   4.77600000232458       2.681400415753034E-005
   4.77600000232458       1.102008396139604E-003
   4.77600000232458       7.212024515004036E-004
   4.77600000232458                          NaN
   4.77600000232458                          NaN
   5.19200000226498       7.227718531303219E-006
   5.19200000226498       6.742078750896186E-004
   5.19200000226498       4.861083256283256E-004
   5.19200000226498                          NaN
   5.19200000226498                          NaN
   5.60800000220537       1.920946796058563E-006
   5.60800000220537       4.244672396867767E-004
   5.60800000220537       3.348325342065221E-004
   5.60800000220537                          NaN
   5.60800000220537                          NaN
   6.02400000214577       5.046810664806667E-007
   6.02400000214577       2.741275905913695E-004
   6.02400000214577       2.351773114328224E-004
   6.02400000214577                          NaN
   6.02400000214577                          NaN
   6.44000000208616       1.313311255642993E-007
   6.44000000208616       1.811161697849778E-004
   6.44000000208616       1.681211839080624E-004
   6.44000000208616                          NaN
   6.44000000208616                          NaN
   6.85600000202656       3.390342857279862E-008
   6.85600000202656       1.221441098448928E-004
   6.85600000202656       1.221246501432671E-004
   6.85600000202656                          NaN
   6.85600000202656                          NaN
   7.27200000196695       8.693263038152448E-009
   7.27200000196695       8.391820653529624E-005
   7.27200000196695       9.001660497732366E-005
   7.27200000196695                          NaN
   7.27200000196695                          NaN
   7.68800000190735       2.216247350926683E-009
   7.68800000190735       5.863831701004932E-005
   7.68800000190735       6.724185443640504E-005
   7.68800000190735                          NaN
   7.68800000190735                          NaN
   8.10400000184774       5.622145258904314E-010
   8.10400000184774       4.161180712160422E-005
   8.10400000184774       5.084830117917440E-005
   8.10400000184774                          NaN
   8.10400000184774                          NaN
   8.52000000178814       1.420115483438076E-010
   8.52000000178814       2.995077481663467E-005
   8.52000000178814       3.888727673758177E-005
   8.52000000178814                          NaN
   8.52000000178814                          NaN
   8.93600000172854       3.573739225578145E-011
   8.93600000172854       2.184077794307140E-005
   8.93600000172854       3.005052126020109E-005
   8.93600000172854                          NaN
   8.93600000172854                          NaN
   9.35200000166893       8.963963416875725E-012
   9.35200000166893       1.611996052631650E-005
   9.35200000166893       2.344588729438942E-005
   9.35200000166893                          NaN
   9.35200000166893                          NaN
   9.76800000160932       2.241940453706884E-012
   9.76800000160932       1.203121926544606E-005
   9.76800000160932       1.845611825506089E-005
   9.76800000160932                          NaN
   9.76800000160932                          NaN
   10.1840000015497       5.592911496053159E-013
   10.1840000015497       9.073165715894028E-006
   10.1840000015497       1.464836704337018E-005
   10.1840000015497                          NaN
   10.1840000015497                          NaN
   10.6000000014901       1.392078768042128E-013
   10.6000000014901       6.908747770055926E-006
   10.6000000014901       1.171527734088838E-005
   10.6000000014901                          NaN
   10.6000000014901                          NaN
   11.0160000014305       3.457852751066317E-014
   11.0160000014305       5.308209570909629E-006
   11.0160000014305       9.436034671892626E-006
   11.0160000014305                          NaN
   11.0160000014305                          NaN
   11.4320000013709       8.573467465795094E-015
   11.4320000013709       4.112889119795334E-006
   11.4320000013709       7.650253905949640E-006
   11.4320000013709                          NaN
   11.4320000013709                          NaN
   11.8480000013113       2.122229598823054E-015
   11.8480000013113       3.211882357801753E-006
   11.8480000013113       6.240240777312201E-006
   11.8480000013113                          NaN
   11.8480000013113                          NaN
   12.2640000012517       5.245447690702232E-016
   12.2640000012517       2.526781933176433E-006
   12.2640000012517       5.118792384992448E-006
   12.2640000012517                          NaN
   12.2640000012517                          NaN
   12.6800000011921       1.294753403026430E-016
   12.6800000011921       2.001560782127818E-006
   12.6800000011921       4.220709286109429E-006
   12.6800000011921                          NaN
   12.6800000011921                          NaN
   13.0960000011325       3.191968722235225E-017
   13.0960000011325       1.595780370938768E-006
   13.0960000011325       3.496825191141672E-006
   13.0960000011325                          NaN
   13.0960000011325                          NaN
   13.5120000010729       7.860385577464044E-018
   13.5120000010729       1.279976340966681E-006
   13.5120000010729       2.909764093228785E-006
   13.5120000010729                          NaN
   13.5120000010729                          NaN
   13.9280000010133       1.933677444065299E-018
   13.9280000010133       1.032488028985736E-006
   13.9280000010133       2.430895576497916E-006
   13.9280000010133                          NaN
   13.9280000010133                          NaN
   14.3440000009537       4.752431997563192E-019
   14.3440000009537       8.372569009825277E-007
   14.3440000009537       2.038129757128611E-006
   14.3440000009537                          NaN
   14.3440000009537                          NaN
   14.7600000008941       1.167003834088806E-019
   14.7600000008941       6.822823374229276E-007
   14.7600000008941       1.714306334540155E-006
   14.7600000008941                          NaN
   14.7600000008941                          NaN
   15.1760000008345       2.863403212392628E-020
   15.1760000008345       5.585282137315448E-007
   15.1760000008345       1.446007906094216E-006
   15.1760000008345                          NaN
   15.1760000008345                          NaN
   15.5920000007749       7.020579382294936E-021
   15.5920000007749       4.591416589524360E-007
   15.5920000007749       1.222678910062227E-006
   15.5920000007749                          NaN
   15.5920000007749                          NaN
   16.0080000007153       1.720154156547220E-021
   16.0080000007153       3.788900990248669E-007
   16.0080000007153       1.035966568831052E-006
   16.0080000007153                          NaN
   16.0080000007153                          NaN
   16.4240000006557       4.211988689413226E-022
