  0.200000002980232       0.930630648256045     
  0.200000002980232       1.495150139910526E-003
  0.200000002980232       7.902216390304173E-003
  0.200000002980232       1.149163472886010E-004
  0.200000002980232       0.940142931133548     
  0.526666669547558       0.814012729716370     
  0.526666669547558       1.029188855225388E-002
  0.526666669547558       3.243118225496504E-002
  0.526666669547558       4.257985695297384E-004
  0.526666669547558       0.857161599093119     
  0.853333336114883       0.613858535074104     
  0.853333336114883       3.625793102806778E-002
  0.853333336114883       7.610672405729163E-002
  0.853333336114883       9.020753336928941E-004
  0.853333336114883       0.727125265493156     
   1.18000000268221       0.395216898139918     
   1.18000000268221       9.565596802574883E-002
   1.18000000268221       0.136078906816726     
   1.18000000268221       1.513345294964583E-003
   1.18000000268221       0.628465118277358     
   1.50666666924953       0.221712934605002     
