  0.200000002980232       6.524639547226621E-003
  0.200000002980232       1.306097766747672E-006
  0.200000002980232       1.265980268384479E-007
  0.200000002980232       1.830198257736232E-010
  0.200000002980232       6.526072426040033E-003
  0.526666669547558       5.819928271291796E-003
  0.526666669547558       1.292963329180866E-004
  0.526666669547558       5.890846272712204E-006
  0.526666669547558       7.729949620077902E-008
  0.526666669547558       5.955192749978795E-003
  0.853333336114883       4.633320486883705E-003
  0.853333336114883       1.012649543843961E-003
  0.853333336114883       3.251787316165732E-005
  0.853333336114883       1.163930646405358E-006
  0.853333336114883       5.679651834535730E-003
   1.18000000268221       3.261990522429917E-003
   1.18000000268221       3.170436006413640E-003
   1.18000000268221       8.705363160039573E-005
   1.18000000268221       5.180636195018821E-006
   1.18000000268221       6.524660796638971E-003
   1.50666666924953       2.029950692096419E-003
   1.50666666924953       6.197717423766691E-003
   1.50666666924953       1.609508246296540E-004
   1.50666666924953       1.244192745153430E-005
   1.50666666924953       8.401060867944300E-003
   1.83333333581686       1.125603870889586E-003
   1.83333333581686       9.049016954900251E-003
   1.83333333581686       1.965837748274927E-004
   1.83333333581686       2.143149361509590E-005
   1.83333333581686       1.039263609423242E-002
   2.16000000238419       5.633252168446330E-004
   2.16000000238419       1.069482253130426E-002
   2.16000000238419       1.393436089895691E-004
   2.16000000238419       3.097603675006926E-005
   2.16000000238419       1.142846739388853E-002
   2.48666666895151       2.581033001405807E-004
   2.48666666895151       1.060422868858648E-002
   2.48666666895151       9.062055980391870E-005
   2.48666666895151       4.076794077881608E-005
   2.48666666895151       1.099372048930980E-002
   2.81333333551884       1.097477946660903E-004
   2.81333333551884       8.927013683477257E-003
   2.81333333551884       5.937801808969456E-005
   2.81333333551884       5.064357068725111E-005
   2.81333333551884       9.146783066920293E-003
   3.14000000208616       4.383210933858098E-005
   3.14000000208616       6.360619853399723E-003
   3.14000000208616       3.949852065828680E-005
   3.14000000208616       6.013122715235718E-005
   3.14000000208616       6.504081710548949E-003
   3.46666666865349       1.661213063326282E-005
   3.46666666865349       3.779368140170966E-003
   3.46666666865349       2.673075654913294E-005
   3.46666666865349       6.845265848895259E-005
   3.46666666865349       3.891163685842314E-003
   3.79333333522081       6.025454729143477E-006
   3.79333333522081       1.840522098900121E-003
   3.79333333522081       1.840484685838137E-005
   3.79333333522081       7.469207098588976E-005
   3.79333333522081       1.939644471473536E-003
   4.12000000178814       2.106337011973218E-006
   4.12000000178814       7.672680146054650E-004
   4.12000000178814       1.288361952726057E-005
   4.12000000178814       7.797836877687170E-005
   4.12000000178814       8.602363399215705E-004
   4.44666666835546       7.137302552829722E-007
   4.44666666835546       3.121943096658748E-004
   4.44666666835546       9.160425954321843E-006
   4.44666666835546       7.765172254913185E-005
   4.44666666835546       3.997201884246114E-004
   4.77333333492279       2.355345321792550E-007
   4.77333333492279       1.269403751126434E-004
   4.77333333492279       6.608897330427107E-006
   4.77333333492279       7.341742118963169E-005
   4.77333333492279       2.072022281648814E-004
   5.10000000149012       7.599264525912299E-008
   5.10000000149012       5.166705699040100E-005
   5.10000000149012       4.833389053492493E-006
   5.10000000149012       6.548417135094007E-005
   5.10000000149012       1.220606100400927E-004
   5.42666666805744       2.404770623498651E-008
   5.42666666805744       2.107692321864317E-005
   5.42666666805744       3.579992354723683E-006
   5.42666666805744       5.466452168809865E-005
   5.42666666805744       7.934548496770049E-005
   5.75333333462477       7.483635106533485E-009
   5.75333333462477       8.625076890457917E-006
   5.75333333462477       2.683164357206097E-006
   5.75333333462477       4.238123002574833E-005
   5.75333333462477       5.369695490851887E-005
   6.08000000119209       2.295348430227666E-009
   6.08000000119209       3.542766848552138E-006
   6.08000000119209       2.033312269872255E-006
   6.08000000119209       3.015473451839736E-005
   6.08000000119209       3.573310898525199E-005
   6.40666666775942       6.951629046858050E-010
   6.40666666775942       1.461223495020022E-006
   6.40666666775942       1.556816866592903E-006
   6.40666666775942       2.039756076759284E-005
   6.40666666775942       2.341629629211045E-005
   6.73333333432674       2.082115650744712E-010
   6.73333333432674       6.053252297387456E-007
   6.73333333432674       1.203535142059715E-006
   6.73333333432674       1.398100759853415E-005
   6.73333333432674       1.579007618189768E-005
   7.06000000089407       6.175585679979756E-011
   7.06000000089407       2.518916210382857E-007
   7.06000000089407       9.388643679585323E-007
   7.06000000089407       9.703457345938427E-006
   7.06000000089407       1.089427509079205E-005
   7.38666666746140       1.815917143463634E-011
   7.38666666746140       1.052958194739281E-007
   7.38666666746140       7.386291486499014E-007
   7.38666666746140       6.814671461899122E-006
   7.38666666746140       7.658614589194387E-006
   7.71333333402872       5.298800054288919E-012
   7.71333333402872       4.421561490495097E-008
   7.71333333402872       5.857411645357324E-007
   7.71333333402872       4.839619625386612E-006
   7.71333333402872       5.469581703627349E-006
   8.04000000059605       1.535617753560814E-012
   8.04000000059605       1.865024255394908E-008
   8.04000000059605       4.679878835495660E-007
   8.04000000059605       3.473433749074401E-006
   8.04000000059605       3.960073410795669E-006
   8.36666666716337       4.423075106750575E-013
   8.36666666716337       7.901374047979171E-009
   8.36666666716337       3.765500947144054E-007
   8.36666666716337       2.517899062337956E-006
   8.36666666716337       2.902350973407851E-006
   8.69333333373070       1.266985080196433E-013
   8.69333333373070       3.361916959490264E-009
   8.69333333373070       3.049960831879201E-007
   8.69333333373070       1.842533073480033E-006
   8.69333333373070       2.150891200325952E-006
   9.02000000029802       3.611273630937157E-014
   9.02000000029802       1.436445602977478E-009
   9.02000000029802       2.485913994409157E-007
   9.02000000029802       1.360415754758220E-006
   9.02000000029802       1.610443635914850E-006
   9.34666666686535       1.024701347810453E-014
   9.34666666686535       6.162509991705330E-010
   9.34666666686535       2.038200623819972E-007
   9.34666666686535       1.012986862386215E-006
   9.34666666686535       1.217423186014396E-006
   9.67333333343267       2.895766207182546E-015
   9.67333333343267       2.654232921265468E-010
   9.67333333343267       1.680490081894226E-007
   9.67333333343267       7.603647601062216E-007
   9.67333333343267       9.286791944835369E-007
