  0.200000002980232       6.524639547226621E-003
  0.200000002980232       6.429698239182705E-006
  0.200000002980232       6.624838890634035E-007
  0.200000002980232       1.155234642367360E-007
  0.200000002980232       6.531847252819105E-003
  0.526666669547558       5.819928271291796E-003
  0.526666669547558       7.567419489755034E-004
  0.526666669547558       4.439203121187448E-005
  0.526666669547558       5.430991532870017E-005
  0.526666669547558       6.675372166807873E-003
  0.853333336114883       4.633320486883705E-003
  0.853333336114883       6.121732423847718E-003
  0.853333336114883       2.746654355379303E-004
  0.853333336114883       7.719689573647535E-004
  0.853333336114883       1.180168730363411E-002
   1.18000000268221       3.261990522429917E-003
   1.18000000268221       1.929013517940726E-002
   1.18000000268221       7.720526868847476E-004
   1.18000000268221       3.248002808258833E-003
   1.18000000268221       2.657218119698076E-002
   1.50666666924953       2.029950692096419E-003
   1.50666666924953       3.756727235189153E-002
   1.50666666924953       1.466188315632519E-003
   1.50666666924953       7.405346717890478E-003
   1.50666666924953       4.846875807751094E-002
   1.83333333581686       1.125603870889586E-003
   1.83333333581686       5.457793923113345E-002
   1.83333333581686       2.020463268374013E-003
   1.83333333581686       1.212845715116525E-002
   1.83333333581686       6.985246352156230E-002
   2.16000000238419       5.633252168446330E-004
   2.16000000238419       6.451516895380639E-002
   2.16000000238419       2.072785212125566E-003
   2.16000000238419       1.668663468574936E-002
   2.16000000238419       8.383791406852595E-002
   2.48666666895151       2.581033001405807E-004
   2.48666666895151       6.457408066583241E-002
   2.48666666895151       2.013800402346518E-003
   2.48666666895151       2.096700117819329E-002
   2.48666666895151       8.781298554651279E-002
   2.81333333551884       1.097477946660903E-004
   2.81333333551884       5.560334573860703E-002
   2.81333333551884       1.919396382207134E-003
   2.81333333551884       2.500995200165308E-002
   2.81333333551884       8.264244191713332E-002
   3.14000000208616       4.383210933858098E-005
   3.14000000208616       4.133227296158596E-002
   3.14000000208616       1.803590120509397E-003
   3.14000000208616       2.875655889769045E-002
   3.14000000208616       7.193625408912438E-002
   3.46666666865349       1.661213063326282E-005
   3.46666666865349       2.647655891619655E-002
   3.46666666865349       1.677067571745659E-003
   3.46666666865349       3.204359158909560E-002
   3.46666666865349       6.021383020767107E-002
   3.79333333522081       6.025454729143477E-006
   3.79333333522081       1.469908611248255E-002
   3.79333333522081       1.547589712466745E-003
   3.79333333522081       3.466511504752658E-002
   3.79333333522081       5.091781632720502E-002
   4.12000000178814       2.106337011973218E-006
   4.12000000178814       7.445380790515741E-003
   4.12000000178814       1.420497301606699E-003
   4.12000000178814       3.642751837094806E-002
   4.12000000178814       4.529550280008247E-002
   4.44666666835546       7.137302552829722E-007
   4.44666666835546       3.729676880231557E-003
   4.44666666835546       1.299183444458202E-003
   4.44666666835546       3.719116728934257E-002
   4.44666666835546       4.222074134428761E-002
   4.77333333492279       2.355345321792550E-007
   4.77333333492279       1.863501326109039E-003
   4.77333333492279       1.185579764411264E-003
   4.77333333492279       3.690098288673401E-002
   4.77333333492279       3.995029951178650E-002
   5.10000000149012       7.599264525912299E-008
   5.10000000149012       9.274329147288636E-004
   5.10000000149012       1.080592896843942E-003
   5.10000000149012       3.560487585990926E-002
   5.10000000149012       3.761297766412732E-002
   5.42666666805744       2.404770623498651E-008
   5.42666666805744       4.595999777030135E-004
   5.42666666805744       9.844503701702981E-004
   5.42666666805744       3.345838777342899E-002
   5.42666666805744       3.490246216900854E-002
   5.75333333462477       7.483635106533485E-009
   5.75333333462477       2.268264688834694E-004
   5.75333333462477       8.969537847983486E-004
   5.75333333462477       3.071615354288735E-002
   5.75333333462477       3.183994128020427E-002
   6.08000000119209       2.295348430227666E-009
   6.08000000119209       1.115314950107360E-004
   6.08000000119209       8.176549787461069E-004
   6.08000000119209       2.768006956833710E-002
   6.08000000119209       2.860925833744237E-002
   6.40666666775942       6.951629046858050E-010
   6.40666666775942       5.466423980789807E-005
   6.40666666775942       7.459741689649743E-004
   6.40666666775942       2.475396111855365E-002
   6.40666666775942       2.555460022248943E-002
   6.73333333432674       2.082115650744712E-010
   6.73333333432674       2.671946304937290E-005
   6.73333333432674       6.812766528907690E-004
   6.73333333432674       2.215617498834421E-002
   6.73333333432674       2.286417131249592E-002
   7.06000000089407       6.175585679979756E-011
   7.06000000089407       1.303093576726199E-005
   7.06000000089407       6.229208946810556E-004
   7.06000000089407       1.984929763083592E-002
   7.06000000089407       2.048524952304010E-002
   7.38666666746140       1.815917143463634E-011
   7.38666666746140       6.343555547642301E-006
   7.38666666746140       5.702873296439431E-004
   7.38666666746140       1.780009086794659E-002
   7.38666666746140       1.837672177129735E-002
   7.71333333402872       5.298800054288919E-012
   7.71333333402872       3.083639383085321E-006
   7.71333333402872       5.227944443228779E-004
   7.71333333402872       1.597896860948116E-002
   7.71333333402872       1.650484669848593E-002
   8.04000000059605       1.535617753560814E-012
   8.04000000059605       1.497308775927892E-006
   8.04000000059605       4.799066344696605E-004
   8.04000000059605       1.435961445963491E-002
   8.04000000059605       1.484101840441611E-002
   8.36666666716337       4.423075106750575E-013
   8.36666666716337       7.264397788645385E-007
   8.36666666716337       4.411368804365510E-004
   8.36666666716337       1.291866294274636E-002
   8.36666666716337       1.336052626340408E-002
   8.69333333373070       1.266985080196433E-013
   8.69333333373070       3.522362349769615E-007
   8.69333333373070       4.060462634334948E-004
   8.69333333373070       1.163541231847340E-002
   8.69333333373070       1.204181081826857E-002
   9.02000000029802       3.611273630937157E-014
   9.02000000029802       1.707279297990212E-007
   9.02000000029802       3.742416515793442E-004
   9.02000000029802       1.049155744436046E-002
   9.02000000029802       1.086596982390571E-002
   9.34666666686535       1.024701347810453E-014
   9.34666666686535       8.273465893742220E-008
   9.34666666686535       3.453724155237711E-004
   9.34666666686535       9.470939762003921E-003
   9.34666666686535       9.816394912196876E-003
   9.67333333343267       2.895766207182546E-015
   9.67333333343267       4.009101907390601E-008
   9.67333333343267       3.191267195304981E-004
   9.67333333343267       8.559314576930314E-003
   9.67333333343267       8.878481387482783E-003
