  0.200000002980232       7.271879399801424E-003
  0.200000002980232       3.717768339834424E-007
  0.200000002980232       6.870371370494134E-008
  0.200000002980232       7.865872759949506E-011
  0.200000002980232       7.272319959007840E-003
  0.543333336214225       5.956728640287623E-003
  0.543333336214225       2.338293959489312E-005
  0.543333336214225       2.164703107760185E-006
  0.543333336214225       2.925840619031128E-008
  0.543333336214225       5.982305541396466E-003
  0.886666669448217       4.081492221692008E-003
  0.886666669448217       1.525434333358132E-004
  0.886666669448217       9.843303565974608E-006
  0.886666669448217       4.227142501332814E-007
  0.886666669448217       4.244301672843929E-003
   1.23000000268221       2.365328999494612E-003
   1.23000000268221       4.149889859576182E-004
   1.23000000268221       2.301613508818487E-005
   1.23000000268221       1.815434401455211E-006
   1.23000000268221       2.805149554941871E-003
   1.57333333591620       1.177848004284177E-003
   1.57333333591620       7.088028677511624E-004
   1.57333333591620       3.809755957290524E-005
   1.57333333591620       4.219852298443538E-006
   1.57333333591620       1.928968283906688E-003
   1.91666666915019       5.134535430126876E-004
   1.91666666915019       9.026579434795134E-004
   1.91666666915019       4.266734418800946E-005
   1.91666666915019       7.099039241215818E-006
   1.91666666915019       1.465877869921426E-003
   2.26000000238419       1.997412318027435E-004
   2.26000000238419       9.260325452653495E-004
   2.26000000238419       3.268764335779113E-005
   2.26000000238419       1.012334595543608E-005
   2.26000000238419       1.168584766381320E-003
   2.60333333561818       7.060404247521344E-005
   2.60333333561818       7.909478673637687E-004
   2.60333333561818       2.446491462017660E-005
   2.60333333561818       1.323107487823518E-005
   2.60333333561818       8.992478993373938E-004
   2.94666666885217       2.304187668959015E-005
   2.94666666885217       5.679140677685800E-004
   2.94666666885217       1.833459612929576E-005
   2.94666666885217       1.636012744865206E-005
   2.94666666885217       6.256506680361180E-004
   3.29000000208616       7.037586883527604E-006
   3.29000000208616       3.413944067092572E-004
   3.29000000208616       1.379709958784232E-005
   3.29000000208616       1.933376023024167E-005
   3.29000000208616       3.815628534108688E-004
   3.63333333532015       2.034409656854691E-006
   3.63333333532015       1.699908716179865E-004
   3.63333333532015       1.043355201709780E-005
   3.63333333532015       2.188394392370876E-005
   3.63333333532015       2.043427772156477E-004
   3.97666666855415       5.617818334120903E-007
   3.97666666855415       7.098415154510587E-005
   3.97666666855415       7.931034036725780E-006
   3.97666666855415       2.370979755271648E-005
   3.97666666855415       1.031867649679602E-004
   4.32000000178814       1.493048845489022E-007
   4.32000000178814       2.768032911205194E-005
   4.32000000178814       6.061041701210585E-006
   4.32000000178814       2.453559022165621E-005
   4.32000000178814       5.842626591946764E-005
   4.66333333502213       3.842466046807463E-008
   4.66333333502213       1.073092132203937E-005
   4.66333333502213       4.657110179178065E-006
   4.66333333502213       2.416642375350624E-005
   4.66333333502213       3.959287991519174E-005
   5.00666666825612       9.623568929810458E-009
   5.00666666825612       4.143713473021974E-006
   5.00666666825612       3.597826197623958E-006
   5.00666666825612       2.254300617285874E-005
   5.00666666825612       3.029416941243448E-005
   5.35000000149012       2.355147508586091E-009
   5.35000000149012       1.595777344476880E-006
   5.35000000149012       2.794453266375080E-006
   5.35000000149012       1.979071269886107E-005
   5.35000000149012       2.418329845722161E-005
   5.69333333472411       5.650746794642004E-010
   5.69333333472411       6.134911395694185E-007
   5.69333333472411       2.181959312246007E-006
