  0.200000002980232       6.524639547226621E-003
  0.200000002980232       4.922341336596495E-007
  0.543333336214225       5.769068987866803E-003
  0.543333336214225       3.166437473878701E-005
  0.886666669448217       4.495976020107727E-003
  0.886666669448217       2.153581942908158E-004
   1.23000000268221       3.057558129720226E-003
   1.23000000268221       6.209078678827928E-004
   1.57333333591620       1.816046786627457E-003
   1.57333333591620       1.138838963750003E-003
   1.91666666915019       9.520971465455329E-004
   1.91666666915019       1.573073938348708E-003
   2.26000000238419       4.474889181264980E-004
   2.26000000238419       1.763121666052299E-003
   2.60333333561818       1.916843846051671E-004
   2.60333333561818       1.653554306257571E-003
   2.94666666885217       7.598309023017351E-005
   2.94666666885217       1.308099159786907E-003
   3.29000000208616       2.824193180829544E-005
   3.29000000208616       8.683050418309818E-004
   3.63333333532015       9.951545198557001E-006
   3.63333333532015       4.781117521944375E-004
   3.97666666855415       3.354395165435354E-006
   3.97666666855415       2.209835576716209E-004
   4.32000000178814       1.089540592490667E-006
   4.32000000178814       9.543968845187199E-005
   4.66333333502213       3.430498561172558E-007
   4.66333333502213       4.099486965657243E-005
   5.00666666825612       1.052089415221183E-007
   5.00666666825612       1.754436718513899E-005
   5.35000000149012       3.155303374693059E-008
   5.35000000149012       7.489691971628731E-006
   5.69333333472411       9.283816519923388E-009
   5.69333333472411       3.192357011650775E-006
   6.03666666795810       2.686996114624142E-009
   6.03666666795810       1.359563095768601E-006
   6.38000000119209       7.666967365809671E-010
   6.38000000119209       5.788682232974759E-007
   6.72333333442609       2.160720263836329E-010
   6.72333333442609       2.465193486688120E-007
   7.06666666766008       6.023730602381624E-011
   7.06666666766008       1.050434870287755E-007
   7.41000000089407       1.663388255342832E-011
   7.41000000089407       4.479770896178154E-008
   7.75333333412806       4.554766415873247E-012
   7.75333333412806       1.912517609285784E-008
   8.09666666736205       1.237928771246796E-012
   8.09666666736205       8.175052179556491E-009
   8.44000000059605       3.342230954180284E-013
   8.44000000059605       3.499177378861309E-009
   8.78333333383004       8.970031712738556E-014
   8.78333333383004       1.499935036482880E-009
   9.12666666706403       2.394599540667196E-014
   9.12666666706403       6.439310504812209E-010
   9.47000000029802       6.361851795899574E-015
   9.47000000029802       2.768770311041484E-010
   9.81333333353202       1.682857102107622E-015
   9.81333333353202       1.192416607697240E-010
   10.1566666667660       4.434050123213809E-016
   10.1566666667660       5.143628876955327E-011
