  0.200000002980232       6.524639547226621E-003
  0.200000002980232       4.922341336596495E-007
  0.200000002980232       6.870371370494134E-008
  0.200000002980232       7.865872759949506E-011
  0.200000002980232       6.525200563732714E-003
  0.543333336214225       5.769068987866803E-003
  0.543333336214225       3.166437473878701E-005
  0.543333336214225       2.164703107760185E-006
  0.543333336214225       2.925840619031128E-008
  0.543333336214225       5.802927324119540E-003
  0.886666669448217       4.495976020107727E-003
  0.886666669448217       2.153581942908158E-004
  0.886666669448217       9.843303565974608E-006
  0.886666669448217       4.227142501332814E-007
  0.886666669448217       4.721600232214650E-003
   1.23000000268221       3.057558129720226E-003
   1.23000000268221       6.209078678827928E-004
   1.23000000268221       2.301613508818487E-005
   1.23000000268221       1.815434401455211E-006
   1.23000000268221       3.703297567092659E-003
   1.57333333591620       1.816046786627457E-003
   1.57333333591620       1.138838963750003E-003
   1.57333333591620       3.809755957290524E-005
   1.57333333591620       4.219852298443538E-006
   1.57333333591620       2.997203162248808E-003
   1.91666666915019       9.520971465455329E-004
   1.91666666915019       1.573073938348708E-003
   1.91666666915019       4.266734418800946E-005
   1.91666666915019       7.099039241215818E-006
   1.91666666915019       2.574937468323466E-003
   2.26000000238419       4.474889181264980E-004
   2.26000000238419       1.763121666052299E-003
   2.26000000238419       3.268764335779113E-005
   2.26000000238419       1.012334595543608E-005
   2.26000000238419       2.253421573492024E-003
   2.60333333561818       1.916843846051671E-004
   2.60333333561818       1.653554306257571E-003
   2.60333333561818       2.446491462017660E-005
   2.60333333561818       1.323107487823518E-005
   2.60333333561818       1.882934680361150E-003
   2.94666666885217       7.598309023017351E-005
   2.94666666885217       1.308099159786907E-003
   2.94666666885217       1.833459612929576E-005
   2.94666666885217       1.636012744865206E-005
   2.94666666885217       1.418776973595028E-003
   3.29000000208616       2.824193180829544E-005
   3.29000000208616       8.683050418309818E-004
   3.29000000208616       1.379709958784232E-005
   3.29000000208616       1.933376023024167E-005
   3.29000000208616       9.296778334573612E-004
   3.63333333532015       9.951545198557001E-006
   3.63333333532015       4.781117521944375E-004
   3.63333333532015       1.043355201709780E-005
   3.63333333532015       2.188394392370876E-005
   3.63333333532015       5.203807933338010E-004
   3.97666666855415       3.354395165435354E-006
   3.97666666855415       2.209835576716209E-004
   3.97666666855415       7.931034036725780E-006
   3.97666666855415       2.370979755271648E-005
   3.97666666855415       2.559787844264985E-004
   4.32000000178814       1.089540592490667E-006
   4.32000000178814       9.543968845187199E-005
   4.32000000178814       6.061041701210585E-006
   4.32000000178814       2.453559022165621E-005
   4.32000000178814       1.271258609672294E-004
   4.66333333502213       3.430498561172558E-007
   4.66333333502213       4.099486965657243E-005
   4.66333333502213       4.657110179178065E-006
   4.66333333502213       2.416642375350624E-005
   4.66333333502213       7.016145344537399E-005
   5.00666666825612       1.052089415221183E-007
   5.00666666825612       1.754436718513899E-005
   5.00666666825612       3.597826197623958E-006
   5.00666666825612       2.254300617285874E-005
   5.00666666825612       4.379040849714381E-005
   5.35000000149012       3.155303374693059E-008
   5.35000000149012       7.489691971628731E-006
   5.35000000149012       2.794453266375080E-006
   5.35000000149012       1.979071269886107E-005
   5.35000000149012       3.010641097061181E-005
   5.69333333472411       9.283816519923388E-009
   5.69333333472411       3.192357011650775E-006
   5.69333333472411       2.181959312246007E-006
   5.69333333472411       1.624613497811707E-005
   5.69333333472411       2.162973511853377E-005
   6.03666666795810       2.686996114624142E-009
   6.03666666795810       1.359563095768601E-006
   6.03666666795810       1.712522602608033E-006
   6.03666666795810       1.236798390548865E-005
   6.03666666795810       1.544275659997991E-005
   6.38000000119209       7.666967365809671E-010
   6.38000000119209       5.788682232974759E-007
   6.38000000119209       1.350838378252953E-006
   6.38000000119209       8.811513451751444E-006
   6.38000000119209       1.074198675003845E-005
   6.72333333442609       2.160720263836329E-010
   6.72333333442609       2.465193486688120E-007
   6.72333333442609       1.070728878672616E-006
   6.72333333442609       6.340413006855709E-006
   6.72333333442609       7.657877306223521E-006
   7.06666666766008       6.023730602381624E-011
   7.06666666766008       1.050434870287755E-007
   7.06666666766008       8.526934012679516E-007
   7.06666666766008       4.605254781784051E-006
   7.06666666766008       5.563051907386802E-006
   7.41000000089407       1.663388255342832E-011
   7.41000000089407       4.479770896178154E-008
   7.41000000089407       6.821347896212775E-007
   7.41000000089407       3.374651046443349E-006
   7.41000000089407       4.101600178908961E-006
   7.75333333412806       4.554766415873247E-012
   7.75333333412806       1.912517609285784E-008
   7.75333333412806       5.480723011228743E-007
   7.75333333412806       2.493612241140596E-006
   7.75333333412806       3.060814273122744E-006
   8.09666666736205       1.237928771246796E-012
   8.09666666736205       8.175052179556491E-009
   8.09666666736205       4.422044180813589E-007
   8.09666666736205       1.857181822692334E-006
   8.09666666736205       2.307562530882020E-006
   8.44000000059605       3.342230954180284E-013
   8.44000000059605       3.499177378861309E-009
   8.44000000059605       3.582238768314408E-007
   8.44000000059605       1.393541542038157E-006
   8.44000000059605       1.755264930471555E-006
   8.78333333383004       8.970031712738556E-014
   8.78333333383004       1.499935036482880E-009
   8.78333333383004       2.913149546846491E-007
   8.78333333383004       1.053059489978957E-006
   8.78333333383004       1.345874469400406E-006
   9.12666666706403       2.394599540667196E-014
   9.12666666706403       6.439310504812209E-010
   9.12666666706403       2.377828898854131E-007
   9.12666666706403       8.011113643651894E-007
   9.12666666706403       1.039538209247079E-006
   9.47000000029802       6.361851795899574E-015
   9.47000000029802       2.768770311041484E-010
   9.47000000029802       1.947794535387626E-007
   9.47000000029802       6.133247432689436E-007
   9.47000000029802       8.083810802006621E-007
   9.81333333353202       1.682857102107622E-015
   9.81333333353202       1.192416607697240E-010
   9.81333333353202       1.600987759579931E-007
   9.81333333353202       4.723963472226262E-007
   9.81333333353202       6.326143665242461E-007
   10.1566666667660       4.434050123213809E-016
   10.1566666667660       5.143628876955327E-011
   10.1566666667660       1.320247264632764E-007
   10.1566666667660       3.659411996808430E-007
   10.1566666667660       4.980173628762940E-007
