  0.200000002980232       6.524639547226621E-003
  0.200000002980232       1.726324419780306E-005
  0.200000002980232       1.984792155522649E-006
  0.200000002980232       2.989559834710176E-006
  0.200000002980232       6.546877143414657E-003
  0.526666669547558       5.819928271291796E-003
  0.526666669547558       2.069948412993498E-003
  0.526666669547558       1.414201315276883E-004
  0.526666669547558       1.439688719707876E-003
  0.526666669547558       9.470985535520858E-003
  0.853333336114883       4.633320486883705E-003
  0.853333336114883       1.681619658866831E-002
  0.853333336114883       8.969308764169826E-004
  0.853333336114883       2.081179375750251E-002
  0.853333336114883       4.315824170947150E-002
   1.18000000268221       3.261990522429917E-003
   1.18000000268221       5.300031157731477E-002
   1.18000000268221       2.552837320215220E-003
   1.18000000268221       8.894955562418157E-002
   1.18000000268221       0.147764695044141     
   1.50666666924953       2.029950692096419E-003
   1.50666666924953       0.103015859935842     
   1.50666666924953       4.879897511278303E-003
   1.50666666924953       0.205657942952879     
   1.50666666924953       0.315583651092096     
   1.83333333581686       1.125603870889586E-003
   1.83333333581686       0.149332980652189     
   1.83333333581686       6.917429570539088E-003
   1.83333333581686       0.340848917183865     
   1.83333333581686       0.498224931277483     
   2.16000000238419       5.633252168446330E-004
   2.16000000238419       0.176381614377896     
   2.16000000238419       7.640525922112566E-003
   2.16000000238419       0.473632308104337     
   2.16000000238419       0.658217773621190     
   2.48666666895151       2.581033001405807E-004
   2.48666666895151       0.176847949645744     
   2.48666666895151       7.970976644128965E-003
   2.48666666895151       0.600333755933951     
   2.48666666895151       0.785410785523964     
   2.81333333551884       1.097477946660903E-004
   2.81333333551884       0.153080450946611     
   2.81333333551884       8.097110500789203E-003
   2.81333333551884       0.722211207402232     
   2.81333333551884       0.883498516644299     
   3.14000000208616       4.383210933858098E-005
   3.14000000208616       0.114960156056564     
   3.14000000208616       8.063862321009578E-003
   3.14000000208616       0.838226505072482     
   3.14000000208616       0.961294355559395     
   3.46666666865349       1.661213063326282E-005
   3.46666666865349       7.496179303982366E-002
   3.46666666865349       7.911277824807519E-003
   3.46666666865349       0.944561904881712     
   3.46666666865349        1.02745158787698     
   3.79333333522081       6.025454729143477E-006
   3.79333333522081       4.283804572092186E-002
   3.79333333522081       7.673734807763813E-003
   3.79333333522081        1.03602744918321     
   3.79333333522081        1.08654525516662     
   4.12000000178814       2.106337011973218E-006
   4.12000000178814       2.256209295561740E-002
   4.12000000178814       7.379625751497094E-003
   4.12000000178814        1.10735331281871     
   4.12000000178814        1.13729713786283     
   4.44666666835546       7.137302552829722E-007
   4.44666666835546       1.175709654132623E-002
   4.44666666835546       7.051263411381260E-003
   4.44666666835546        1.15421478006412     
   4.44666666835546        1.17302385374708     
   4.77333333492279       2.355345321792550E-007
   4.77333333492279       6.101600081286170E-003
   4.77333333492279       6.705428818925755E-003
   4.77333333492279        1.17408068764723     
   4.77333333492279        1.18688795208197     
   5.10000000149012       7.599264525912299E-008
   5.10000000149012       3.149237250721976E-003
   5.10000000149012       6.354290873341181E-003
   5.10000000149012        1.16685647273230     
   5.10000000149012        1.17636007684900     
   5.42666666805744       2.404770623498651E-008
   5.42666666805744       1.616046604870098E-003
   5.42666666805744       6.006383514173186E-003
   5.42666666805744        1.13524221522865     
   5.42666666805744        1.14286466939540     
   5.75333333462477       7.483635106533485E-009
   5.75333333462477       8.247003599439948E-004
   5.75333333462477       5.667478154894782E-003
   5.75333333462477        1.08473997988853     
   5.75333333462477        1.09123216588700     
   6.08000000119209       2.295348430227666E-009
   6.08000000119209       4.187421801107017E-004
   6.08000000119209       5.341299437571544E-003
   6.08000000119209        1.02272569967557     
   6.08000000119209        1.02848574358860     
   6.40666666775942       6.951629046858050E-010
   6.40666666775942       2.116694201141597E-004
   6.40666666775942       5.030085452810908E-003
   6.40666666775942       0.958474021158147     
   6.40666666775942       0.963715776726235     
   6.73333333432674       2.082115650744712E-010
   6.73333333432674       1.065824639397997E-004
   6.73333333432674       4.735013693755286E-003
   6.73333333432674       0.896873306700659     
   6.73333333432674       0.901714903066566     
   7.06000000089407       6.175585679979756E-011
   7.06000000089407       5.348972488954192E-005
   7.06000000089407       4.456518689966732E-003
   7.06000000089407       0.838212490254039     
   7.06000000089407       0.842722498730651     
   7.38666666746140       1.815917143463634E-011
   7.38666666746140       2.676890769956504E-005
   7.38666666746140       4.194525537935223E-003
   7.38666666746140       0.782656041259728     
   7.38666666746140       0.786877335723522     
   7.71333333402872       5.298800054288919E-012
   7.71333333402872       1.336475556235412E-005
   7.71333333402872       3.948619661745147E-003
   7.71333333402872       0.730270697166089     
   7.71333333402872       0.734232681588695     
   8.04000000059605       1.535617753560814E-012
   8.04000000059605       6.659352037886193E-006
   8.04000000059605       3.718168971546245E-003
   8.04000000059605       0.681049090085579     
   8.04000000059605       0.684773918410699     
   8.36666666716337       4.423075106750575E-013
   8.36666666716337       3.312773670612995E-006
   8.36666666716337       3.502410873505384E-003
   8.36666666716337       0.634929517506563     
   8.36666666716337       0.638435241154181     
   8.69333333373070       1.266985080196433E-013
   8.69333333373070       1.645767871737032E-006
   8.69333333373070       3.300513535965830E-003
   8.69333333373070       0.591811909228601     
   8.69333333373070       0.595114068532565     
   9.02000000029802       3.611273630937157E-014
   9.02000000029802       8.167193156423807E-007
   9.02000000029802       3.111618422885158E-003
   9.02000000029802       0.551570392949551     
   9.02000000029802       0.554682828091788     
   9.34666666686535       1.024701347810453E-014
   9.34666666686535       4.049480933465246E-007
   9.34666666686535       2.934869275823005E-003
   9.34666666686535       0.514062977832138     
   9.34666666686535       0.516998252056064     
   9.67333333343267       2.895766207182546E-015
   9.67333333343267       2.006455372799834E-007
   9.67333333343267       2.769431350214512E-003
   9.67333333343267       0.479138877325346     
   9.67333333343267       0.481908509321101     
