  0.200000002980232       5.357799851300474E-003
  0.200000002980232       3.161828973171784E-007
  0.543333336214225       4.742144540151343E-003
  0.543333336214225       2.027153207746810E-005
  0.886666669448217       3.684710376282168E-003
  0.886666669448217       1.369766766980591E-004
   1.23000000268221       2.477878388770136E-003
   1.23000000268221       3.910739378796156E-004
   1.57333333591620       1.441251190549328E-003
   1.57333333591620       7.079525360071763E-004
   1.91666666915019       7.331926481155003E-004
   1.91666666915019       9.620607625158750E-004
   2.26000000238419       3.317600358783295E-004
   2.26000000238419       1.057638377317194E-003
   2.60333333561818       1.359288640337378E-004
   2.60333333561818       9.702633751907088E-004
   2.94666666885217       5.126547687927654E-005
   2.94666666885217       7.490050937309336E-004
   3.29000000208616       1.805153866755597E-005
   3.29000000208616       4.841603950005206E-004
   3.63333333532015       6.004729348448607E-006
   3.63333333532015       2.591510639768260E-004
   3.97666666855415       1.905214117831498E-006
   3.97666666855415       1.162634143017264E-004
   4.32000000178814       5.811117624930765E-007
   4.32000000178814       4.867736188199923E-005
   4.66333333502213       1.714719521941135E-007
   4.66333333502213       2.024808290029444E-005
   5.00666666825612       4.920167678380316E-008
   5.00666666825612       8.384219529201490E-006
   5.35000000149012       1.378617812440925E-008
   5.35000000149012       3.460445578486815E-006
   5.69333333472411       3.785126257228554E-009
   5.69333333472411       1.425097499356766E-006
   6.03666666795810       1.021227319612272E-009
   6.03666666795810       5.860838930422788E-007
   6.38000000119209       2.713894370283047E-010
   6.38000000119209       2.408590609682690E-007
   6.72333333442609       7.117796869702738E-011
   6.72333333442609       9.896471527613668E-008
   7.06666666766008       1.845427849410332E-011
   7.06666666766008       4.067156461590558E-008
   7.41000000089407       4.736445847963503E-012
   7.41000000089407       1.672382285978381E-008
   7.75333333412806       1.204830664509701E-012
   7.75333333412806       6.882165595846247E-009
   8.09666666736205       3.040577721091851E-013
   8.09666666736205       2.834952945356022E-009
   8.44000000059605       7.619374915956642E-014
   8.44000000059605       1.169134353261861E-009
   8.78333333383004       1.897318999458545E-014
   8.78333333383004       4.827604024277012E-010
   9.12666666706403       4.697863419758238E-015
   9.12666666706403       1.996115018545315E-010
   9.47000000029802       1.157295222686504E-015
   9.47000000029802       8.265210727388830E-011
   9.81333333353202       2.837824416406614E-016
   9.81333333353202       3.427331972419712E-011
   10.1566666667660       6.929662353754210E-017
   10.1566666667660       1.423328040645345E-011
