  0.200000002980232       0.407423945123481     
  0.200000002980232       5.965552654845875E-006
  0.200000002980232       6.817977598127522E-005
  0.200000002980232       1.092320763825408E-008
  0.200000002980232       0.407498101375325     
  0.526666669547558       0.324092588751041     
  0.526666669547558       1.957174524310222E-004
  0.526666669547558       6.390616830770766E-004
  0.526666669547558       5.301473014027467E-007
  0.526666669547558       0.324927898033850     
  0.853333336114883       0.213655481680190     
  0.853333336114883       9.844040413069005E-004
  0.853333336114883       2.500736126834334E-003
  0.853333336114883       3.025048322386094E-006
  0.853333336114883       0.217143646896654     
   1.18000000268221       0.119740990061340     
   1.18000000268221       2.589639046943334E-003
   1.18000000268221       6.044695335275756E-003
   1.18000000268221       7.944471980432372E-006
   1.18000000268221       0.128383268915540     
   1.50666666924953       5.867119812894309E-002
   1.50666666924953       5.201676554249369E-003
   1.50666666924953       9.606412774464567E-003
   1.50666666924953       1.481520141328959E-005
   1.50666666924953       7.349410265907032E-002
   1.83333333581686       2.581135946135233E-002
   1.83333333581686       8.671708526642606E-003
   1.83333333581686       9.682720254086216E-003
   1.83333333581686       2.322199395526294E-005
   1.83333333581686       4.418901023603642E-002
   2.16000000238419       1.043033648017212E-002
   2.16000000238419       1.188432415218083E-002
   2.16000000238419       6.602767971148088E-003
   2.16000000238419       3.212350482213684E-005
   2.16000000238419       2.894955210832317E-002
   2.48666666895151       3.943180099987231E-003
   2.48666666895151       1.299159633090757E-002
   2.48666666895151       4.299282700229352E-003
   2.48666666895151       3.945745685990838E-005
   2.48666666895151       2.127351658798406E-002
   2.81333333551884       1.414627893732394E-003
   2.81333333551884       1.092041777463300E-002
   2.81333333551884       2.832118511779432E-003
   2.81333333551884       4.283871454262301E-005
   2.81333333551884       1.521000289468745E-002
   3.14000000208616       4.868801283169199E-004
   3.14000000208616       7.246016588009650E-003
   3.14000000208616       1.893526445989618E-003
   3.14000000208616       3.259494198496038E-005
   3.14000000208616       9.659018104301149E-003
   3.46666666865349       1.621072649526454E-004
   3.46666666865349       4.347018112088403E-003
   3.46666666865349       1.284944127794509E-003
   3.46666666865349       1.790208030973885E-005
   3.46666666865349       5.811971585145297E-003
   3.79333333522081       5.254779861698332E-005
   3.79333333522081       2.570510002778779E-003
   3.79333333522081       8.842661048200436E-004
   3.79333333522081       1.002168665279526E-005
   3.79333333522081       3.517345592868601E-003
   4.12000000178814       1.666545732467321E-005
   4.12000000178814       1.538521185483166E-003
   4.12000000178814       6.165144041859937E-004
   4.12000000178814       5.715793286998375E-006
   4.12000000178814       2.177416840280832E-003
   4.44666666835546       5.191072833448265E-006
   4.44666666835546       9.373353393772736E-004
   4.44666666835546       4.350695936159710E-004
   4.44666666835546       3.319058173213157E-006
   4.44666666835546       1.380915063999906E-003
   4.77333333492279       1.592889309837600E-006
   4.77333333492279       5.813883350414973E-004
   4.77333333492279       3.104953959306087E-004
   4.77333333492279       1.960671155485957E-006
   4.77333333492279       8.954372914374296E-004
   5.10000000149012       4.826642314468631E-007
   5.10000000149012       3.667451216904062E-004
   5.10000000149012       2.239190957011529E-004
   5.10000000149012       1.177260990327548E-006
   5.10000000149012       5.923241426133336E-004
   5.42666666805744       1.447013397447144E-007
   5.42666666805744       2.349981382749166E-004
   5.42666666805744       1.630633625933904E-004
   5.42666666805744       7.178650957114388E-007
   5.42666666805744       3.989240673037632E-004
   5.75333333462477       4.298788923938204E-008
   5.75333333462477       1.527817719570680E-004
   5.75333333462477       1.198310398546459E-004
   5.75333333462477       4.441687315173069E-007
   5.75333333462477       2.730999684324706E-004
   6.08000000119209       1.267127733711494E-008
   6.08000000119209       1.006787168125277E-004
   6.08000000119209       8.881252057164504E-005
   6.08000000119209       2.786355706640593E-007
   6.08000000119209       1.897825442321739E-004
   6.40666666775942       3.709818653608956E-009
   6.40666666775942       6.718312590079651E-005
   6.40666666775942       6.634962561776287E-005
   6.40666666775942       1.770824753874080E-007
   6.40666666775942       1.337135438126004E-004
   6.73333333432674       1.079749598894561E-009
   6.73333333432674       4.536040689032892E-005
   6.73333333432674       4.994021185802118E-005
   6.73333333432674       1.139336541180264E-007
   6.73333333432674       9.541563215206701E-005
   7.06000000089407       3.126437422960374E-010
   7.06000000089407       3.096427864644502E-005
   7.06000000089407       3.785441961450348E-005
   7.06000000089407       7.416054478340241E-008
   7.06000000089407       6.889317144947420E-005
   7.38666666746140       9.011582021037220E-011
   7.38666666746140       2.135581709885427E-005
   7.38666666746140       2.888419423781337E-005
   7.38666666746140       4.880504881698664E-008
   7.38666666746140       5.028890650130484E-005
   7.71333333402872       2.587048678864379E-011
   7.71333333402872       1.487214221153993E-005
   7.71333333402872       2.217783758647381E-005
   7.71333333402872       3.245432494448919E-008
   7.71333333402872       3.708245999344502E-005
   8.04000000059605       7.400392539230500E-012
   8.04000000059605       1.045171720933169E-005
   8.04000000059605       1.712948671183141E-005
   8.04000000059605       2.179509642771474E-008
   8.04000000059605       2.760300641798336E-005
   8.36666666716337       2.110174345651377E-012
   8.36666666716337       7.408567336802635E-006
   8.36666666716337       1.330449420770574E-005
   8.36666666716337       1.477413026730788E-008
   8.36666666716337       2.072783778495003E-005
   8.69333333373070       5.999835265395324E-013
   8.69333333373070       5.294288436146074E-006
   8.69333333373070       1.038853793693082E-005
   8.69333333373070       1.010404780836739E-008
   8.69333333373070       1.569293102086879E-005
   9.02000000029802       1.701541689466223E-013
   9.02000000029802       3.812577556143193E-006
   9.02000000029802       8.152581521876677E-006
   9.02000000029802       6.968612668351112E-009
   9.02000000029802       1.197212786084239E-005
   9.34666666686535       4.814342170685919E-014
   9.34666666686535       2.765625050330078E-006
   9.34666666686535       6.428529534842437E-006
   9.34666666686535       4.844784010689580E-009
   9.34666666686535       9.198999417326628E-006
   9.67333333343267       1.359307255523309E-014
   9.67333333343267       2.020089341854941E-006
   9.67333333343267       5.092167511779130E-006
   9.67333333343267       3.393992531176712E-009
   9.67333333343267       7.115650859758321E-006
