  0.200000002980232       0.407423945123481     
  0.200000002980232       4.303626383926125E-004
  0.200000002980232       3.139996866374993E-003
  0.200000002980232       7.848653988436769E-005
  0.200000002980232       0.411072791168133     
  0.526666669547558       0.324092588751041     
  0.526666669547558       1.212256148816528E-003
  0.526666669547558       6.063422505457139E-003
  0.526666669547558       1.374165462476369E-004
  0.526666669547558       0.331505683951562     
  0.853333336114883       0.213655481680190     
  0.853333336114883       3.442036885016344E-003
  0.853333336114883       1.220789226794670E-002
  0.853333336114883       2.062690296187844E-004
  0.853333336114883       0.229511679862772     
   1.18000000268221       0.119740990061340     
   1.18000000268221       8.109270159355048E-003
   1.18000000268221       2.092605104496144E-002
   1.18000000268221       2.777181976220327E-004
   1.18000000268221       0.149054029463279     
   1.50666666924953       5.867119812894309E-002
   1.50666666924953       1.619942681891147E-002
   1.50666666924953       2.818745392100331E-002
   1.50666666924953       3.528610059290744E-004
   1.50666666924953       0.103410939874787     
   1.83333333581686       2.581135946135233E-002
   1.83333333581686       2.718998933287555E-002
   1.83333333581686       2.663437617994342E-002
   1.83333333581686       4.238845535423189E-004
   1.83333333581686       8.005960952771364E-002
   2.16000000238419       1.043033648017212E-002
   2.16000000238419       3.745439937287993E-002
   2.16000000238419       1.800222904587128E-002
   2.16000000238419       4.736285222985840E-004
   2.16000000238419       6.636059342122191E-002
   2.48666666895151       3.943180099987231E-003
   2.48666666895151       4.110269893075570E-002
   2.48666666895151       1.190343986495778E-002
   2.48666666895151       4.839766641866787E-004
   2.48666666895151       5.743329555988740E-002
   2.81333333551884       1.414627893732394E-003
   2.81333333551884       3.471233127437712E-002
   2.81333333551884       8.035300278895879E-003
   2.81333333551884       4.464424968952631E-004
   2.81333333551884       4.460870194390067E-002
   3.14000000208616       4.868801283169199E-004
   3.14000000208616       2.322902066487553E-002
   3.14000000208616       5.528824167927384E-003
   3.14000000208616       3.700703713014722E-004
   3.14000000208616       2.961479533242130E-002
   3.46666666865349       1.621072649526454E-004
   3.46666666865349       1.411826607608993E-002
   3.46666666865349       3.872486655029678E-003
   3.46666666865349                          NaN
   3.46666666865349                          NaN
   3.79333333522081       5.254779861698332E-005
   3.79333333522081       8.487886192075954E-003
   3.79333333522081       2.757617944909799E-003
   3.79333333522081                          NaN
   3.79333333522081                          NaN
   4.12000000178814       1.666545732467321E-005
   4.12000000178814       5.179937112357037E-003
   4.12000000178814       1.994120212022238E-003
   4.12000000178814                          NaN
   4.12000000178814                          NaN
   4.44666666835546       5.191072833448265E-006
   4.44666666835546       3.226158928175547E-003
   4.44666666835546       1.462705884273273E-003
   4.44666666835546                          NaN
   4.44666666835546                          NaN
   4.77333333492279       1.592889309837600E-006
   4.77333333492279       2.050669911932686E-003
   4.77333333492279       1.087175848933616E-003
   4.77333333492279                          NaN
   4.77333333492279                          NaN
   5.10000000149012       4.826642314468631E-007
   5.10000000149012       1.328781299259709E-003
   5.10000000149012       8.180190966888539E-004
   5.10000000149012                          NaN
   5.10000000149012                          NaN
   5.42666666805744       1.447013397447144E-007
   5.42666666805744       8.765634880252444E-004
   5.42666666805744       6.225388524490516E-004
   5.42666666805744                          NaN
   5.42666666805744                          NaN
   5.75333333462477       4.298788923938204E-008
   5.75333333462477       5.879418422958157E-004
   5.75333333462477       4.788070210556807E-004
   5.75333333462477                          NaN
   5.75333333462477                          NaN
   6.08000000119209       1.267127733711494E-008
   6.08000000119209       4.004969928702626E-004
   6.08000000119209       3.719016017801850E-004
   6.08000000119209                          NaN
   6.08000000119209                          NaN
   6.40666666775942       3.709818653608956E-009
   6.40666666775942       2.767676882772220E-004
   6.40666666775942       2.915276077401699E-004
   6.40666666775942                          NaN
   6.40666666775942                          NaN
   6.73333333432674       1.079749598894561E-009
   6.73333333432674       1.938480577336500E-004
   6.73333333432674       2.304896919578323E-004
   6.73333333432674                          NaN
   6.73333333432674                          NaN
   7.06000000089407       3.126437422960374E-010
   7.06000000089407       1.374844833671388E-004
   7.06000000089407       1.836971701733773E-004
   7.06000000089407                          NaN
   7.06000000089407                          NaN
   7.38666666746140       9.011582021037220E-011
   7.38666666746140       9.866022343274180E-005
   7.38666666746140       1.475067889088281E-004
   7.38666666746140                          NaN
   7.38666666746140                          NaN
   7.71333333402872       2.587048678864379E-011
   7.71333333402872       7.158253005198396E-005
   7.71333333402872       1.192828132398526E-004
   7.71333333402872                          NaN
   7.71333333402872                          NaN
   8.04000000059605       7.400392539230500E-012
   8.04000000059605       5.247544612002961E-005
   8.04000000059605       9.709885666714376E-005
   8.04000000059605                          NaN
   8.04000000059605                          NaN
   8.36666666716337       2.110174345651377E-012
   8.36666666716337       3.884377479115052E-005
   8.36666666716337       7.953336318958000E-005
   8.36666666716337                          NaN
   8.36666666716337                          NaN
   8.69333333373070       5.999835265395324E-013
   8.69333333373070       2.901729301191695E-005
   8.69333333373070       6.552773466531864E-005
   8.69333333373070                          NaN
   8.69333333373070                          NaN
   9.02000000029802       1.701541689466223E-013
   9.02000000029802       2.186433296107890E-005
   9.02000000029802       5.428685653186683E-005
   9.02000000029802                          NaN
   9.02000000029802                          NaN
   9.34666666686535       4.814342170685919E-014
   9.34666666686535       1.660928115934485E-005
   9.34666666686535       4.520864027922080E-005
   9.34666666686535                          NaN
   9.34666666686535                          NaN
   9.67333333343267       1.359307255523309E-014
   9.67333333343267       1.271475606578025E-005
   9.67333333343267       3.783363596644861E-005
   9.67333333343267                          NaN
   9.67333333343267                          NaN
