  0.200000002980232       0.407423945123481     
  0.200000002980232       6.306323834215655E-006
  0.200000002980232       7.168594663111517E-005
  0.200000002980232       1.200990226204019E-008
  0.200000002980232       0.407501949403849     
  0.526666669547558       0.324092588751041     
  0.526666669547558       2.339570833485479E-004
  0.526666669547558       7.981858641726785E-004
  0.526666669547558       6.768154951473886E-007
  0.526666669547558       0.325125408514057     
  0.853333336114883       0.213655481680190     
  0.853333336114883       1.244378132972704E-003
  0.853333336114883       3.351766904339517E-003
  0.853333336114883       4.149833943303334E-006
  0.853333336114883       0.218255776551446     
   1.18000000268221       0.119740990061340     
   1.18000000268221       3.366507056020482E-003
   1.18000000268221       8.290347721510546E-003
   1.18000000268221       1.132442091665241E-005
   1.18000000268221       0.131409169259788     
   1.50666666924953       5.867119812894309E-002
   1.50666666924953       6.861595938098566E-003
   1.50666666924953       1.327627800424798E-002
   1.50666666924953       2.160296515189615E-005
   1.50666666924953       7.883067503644153E-002
   1.83333333581686       2.581135946135233E-002
   1.83333333581686       1.152138325771569E-002
   1.83333333581686       1.342534444788449E-002
   1.83333333581686       3.434560009548755E-005
   1.83333333581686       5.079243276704799E-002
   2.16000000238419       1.043033648017212E-002
   2.16000000238419       1.584105959670305E-002
   2.16000000238419       9.204871824765181E-003
   2.16000000238419       4.797656258985637E-005
   2.16000000238419       3.552424446423021E-002
   2.48666666895151       3.943180099987231E-003
   2.48666666895151       1.733684836429458E-002
   2.48666666895151       6.060370634730680E-003
   2.48666666895151       5.939636947632375E-005
   2.48666666895151       2.739979546848881E-002
   2.81333333551884       1.414627893732394E-003
   2.81333333551884       1.457386790689705E-002
   2.81333333551884       4.055328558059863E-003
   2.81333333551884       6.498870553971073E-005
   2.81333333551884       2.010881306422902E-002
   3.14000000208616       4.868801283169199E-004
   3.14000000208616       9.677475297184469E-003
   3.14000000208616       2.765401126357966E-003
   3.14000000208616       5.021777364492019E-005
   3.14000000208616       1.297997432550428E-002
   3.46666666865349       1.621072649526454E-004
   3.46666666865349       5.825743531389233E-003
   3.46666666865349       1.921078767358032E-003
   3.46666666865349       2.833764828653012E-005
   3.46666666865349       7.937267211986440E-003
   3.79333333522081       5.254779861698332E-005
   3.79333333522081       3.468604723836545E-003
   3.79333333522081       1.357942217610753E-003
   3.79333333522081       1.635405692793962E-005
   3.79333333522081       4.895448796992221E-003
   4.12000000178814       1.666545732467321E-005
   4.12000000178814       2.097697525595668E-003
   4.12000000178814       9.754627342955980E-004
   4.12000000178814       9.646412380825147E-006
   4.12000000178814       3.099472129596765E-003
   4.44666666835546       5.191072833448265E-006
   4.44666666835546       1.295759989553033E-003
   4.44666666835546       7.112173692718019E-004
   4.44666666835546       5.810200321352913E-006
   4.44666666835546       2.017978631979636E-003
   4.77333333492279       1.592889309837600E-006
   4.77333333492279       8.175204459069112E-004
   4.77333333492279       5.257331380870969E-004
   4.77333333492279       3.569837848507352E-006
   4.77333333492279       1.348416311152353E-003
   5.10000000149012       4.826642314468631E-007
   5.10000000149012       5.261697973872744E-004
   5.10000000149012       3.935960957206489E-004
   5.10000000149012       2.234922711242639E-006
   5.10000000149012       9.224834800506129E-004
   5.42666666805744       1.447013397447144E-007
   5.42666666805744       3.449775964292022E-004
   5.42666666805744       2.981606691908907E-004
   5.42666666805744       1.424156287140383E-006
   5.42666666805744       6.447071232469782E-004
   5.75333333462477       4.298788923938204E-008
   5.75333333462477       2.300948714710324E-004
   5.75333333462477       2.283461161641579E-004
   5.75333333462477       9.227238963683475E-007
   5.75333333462477       4.594066994207980E-004
   6.08000000119209       1.267127733711494E-008
   6.08000000119209       1.559324521854157E-004
   6.08000000119209       1.766626444463525E-004
   6.08000000119209       6.072445101798510E-007
   6.08000000119209       3.332150124192853E-004
   6.40666666775942       3.709818653608956E-009
   6.40666666775942       1.072485614749368E-004
   6.40666666775942       1.379745335491925E-004
   6.40666666775942       4.055239980952489E-007
   6.40666666775942       2.456323288408782E-004
   6.73333333432674       1.079749598894561E-009
   6.73333333432674       7.478753380115938E-005
   6.73333333432674       1.087124856097989E-004
   6.73333333432674       2.745618648604546E-007
   6.73333333432674       1.837756610254177E-004
   7.06000000089407       3.126437422960374E-010
   7.06000000089407       5.282603644919091E-005
   7.06000000089407       8.636429171654727E-005
   7.06000000089407       1.883086586177884E-007
   7.06000000089407       1.393789494680983E-004
   7.38666666746140       9.011582021037220E-011
   7.38666666746140       3.776442003913365E-005
   7.38666666746140       6.914064013137365E-005
   7.38666666746140       1.307277682274720E-007
   7.38666666746140       1.070358780545550E-004
   7.71333333402872       2.587048678864379E-011
   7.71333333402872       2.730241961283011E-005
   7.71333333402872       5.575279666583544E-005
   7.71333333402872       9.179478175638131E-008
   7.71333333402872       8.314703693090873E-005
   8.04000000059605       7.400392539230500E-012
   8.04000000059605       1.994801320420257E-005
   8.04000000059605       4.526276577447396E-005
   8.04000000059605       6.515208739378413E-008
   8.04000000059605       6.527593846646285E-005
   8.36666666716337       2.110174345651377E-012
   8.36666666716337       1.471976943325498E-005
   8.36666666716337       3.698104907472770E-005
   8.36666666716337       4.671187924109101E-008
   8.36666666716337       5.174753249739812E-005
   8.69333333373070       5.999835265395324E-013
   8.69333333373070       1.096354731927205E-005
   8.69333333373070       3.039606346288903E-005
   8.69333333373070       3.381136523124774E-008
   8.69333333373070       4.139342274737585E-005
   9.02000000029802       1.701541689466223E-013
   9.02000000029802       8.237900759911546E-006
   9.02000000029802       2.512487498218971E-005
   9.02000000029802       2.469447396539655E-008
   9.02000000029802       3.338747038622082E-005
   9.34666666686535       4.814342170685919E-014
   9.34666666686535       6.241408840170394E-006
   9.34666666686535       2.087845033049925E-005
   9.34666666686535       1.818946976421452E-008
   9.34666666686535       2.713804868857728E-005
   9.67333333343267       1.359307255523309E-014
   9.67333333343267       4.765969322460296E-006
   9.67333333343267       1.743690452911743E-005
   9.67333333343267       1.350578095553846E-008
   9.67333333343267       2.221637964612634E-005
