   1.39999997615814       5.136645440024879E-004
   1.39999997615814       4.847776053680834E-004
   1.57999997735023       3.541283524109037E-004
   1.57999997735023       5.881590902429408E-004
   1.75999997854233       2.357991364765389E-004
   1.75999997854233       6.800096967826398E-004
   1.93999997973442       1.520291045392869E-004
   1.93999997973442       7.508370722446599E-004
   2.11999998092651       9.514470792525329E-005
   2.11999998092651       7.922790909488803E-004
   2.29999998211861       5.793476035572916E-005
   2.29999998211861       7.989348313974178E-004
   2.47999998331070       3.439987005510969E-005
   2.47999998331070       7.696654061812034E-004
   2.65999998450279       1.995909859716558E-005
   2.65999998450279       7.079320711404607E-004
   2.83999998569489       1.133782421684994E-005
   2.83999998569489       6.211147399661658E-004
   3.01999998688698       6.316781191435581E-006
   3.01999998688698       5.190755562506431E-004
   3.19999998807907       3.457387676881462E-006
   3.19999998807907       4.123977609015944E-004
   3.37999998927116       1.861805502553456E-006
   3.37999998927116       3.107291009262703E-004
   3.55999999046326       9.877454346348882E-007
   3.55999999046326       2.215405541632446E-004
   3.73999999165535       5.169129743258539E-007
   3.73999999165535       1.494429452186153E-004
   3.91999999284744       2.671403939370305E-007
   3.91999999284744       9.603873123707276E-005
   4.09999999403954       1.364754320481076E-007
   4.09999999403954       6.008514329786432E-005
   4.27999999523163       6.898652431017219E-008
   4.27999999523163       3.748275210095434E-005
   4.45999999642372       3.453296186533160E-008
   4.45999999642372       2.337226464236460E-005
   4.63999999761581       1.713146237313408E-008
   4.63999999761581       1.456576399694610E-005
   4.81999999880791       8.428435648198376E-009
   4.81999999880791       9.072200173595848E-006
