   1.39999997615814       5.136645440024879E-004
   1.39999997615814       3.674583376017905E-004
   1.57999997735023       3.541283524109037E-004
   1.57999997735023       4.529190132478694E-004
   1.75999997854233       2.357991364765389E-004
   1.75999997854233       5.297732094327210E-004
   1.93999997973442       1.520291045392869E-004
   1.93999997973442       5.899713237511602E-004
   2.11999998092651       9.514470792525329E-005
   2.11999998092651       6.264448471166831E-004
   2.29999998211861       5.793476035572916E-005
   2.29999998211861       6.346057001382505E-004
   2.47999998331070       3.439987005510969E-005
   2.47999998331070       6.133981531942925E-004
   2.65999998450279       1.995909859716558E-005
   2.65999998450279       5.655601392735186E-004
   2.83999998569489       1.133782421684994E-005
   2.83999998569489       4.970541177960458E-004
   3.01999998688698       6.316781191435581E-006
   3.01999998688698       4.158863249599790E-004
   3.19999998807907       3.457387676881462E-006
   3.19999998807907       3.306655283382898E-004
   3.37999998927116       1.861805502553456E-006
   3.37999998927116       2.492500762102079E-004
   3.55999999046326       9.877454346348882E-007
   3.55999999046326       1.777350086232524E-004
   3.73999999165535       5.169129743258539E-007
   3.73999999165535       1.198941197945846E-004
   3.91999999284744       2.671403939370305E-007
   3.91999999284744       7.705754711699983E-005
   4.09999999403954       1.364754320481076E-007
   4.09999999403954       4.824099170305103E-005
   4.27999999523163       6.898652431017219E-008
   4.27999999523163       3.011641083839667E-005
   4.45999999642372       3.453296186533160E-008
   4.45999999642372       1.879143535333163E-005
   4.63999999761581       1.713146237313408E-008
   4.63999999761581       1.171787293941525E-005
   4.81999999880791       8.428435648198376E-009
   4.81999999880791       7.302258291482089E-006
