   1.39999997615814       5.136645440024879E-004
   1.39999997615814       5.799850970454664E-004
   1.75999997854233       2.357991364765389E-004
   1.75999997854233       8.311839356928556E-004
   2.11999998092651       9.514470792525329E-005
   2.11999998092651       9.925348595765653E-004
   2.47999998331070       3.439987005510969E-005
   2.47999998331070       9.907120662255246E-004
   2.83999998569489       1.133782421684994E-005
   2.83999998569489       8.230808023837688E-004
   3.19999998807907       3.457387676881462E-006
   3.19999998807907       5.634557616510435E-004
   3.55999999046326       9.877454346348882E-007
   3.55999999046326       3.124362544219151E-004
   3.91999999284744       2.671403939370305E-007
   3.91999999284744       1.399241304083165E-004
   4.27999999523163       6.898652431017219E-008
   4.27999999523163       5.645480962029709E-005
   4.63999999761581       1.713146237313408E-008
   4.63999999761581       2.269062868050932E-005
