  0.200000002980232       2.075984983204144E-003
  0.200000002980232       1.282170354517356E-006
  0.200000002980232       1.210613351626861E-006
  0.200000002980232       3.134756563860602E-007
  0.200000002980232       2.078791242566674E-003
  0.526666669547558       1.802117708595377E-003
  0.526666669547558       1.389304070539215E-005
  0.526666669547558       6.328684440581600E-006
  0.526666669547558       2.836566781737059E-006
  0.526666669547558       1.825176000523088E-003
  0.853333336114883       1.373540104597618E-003
  0.853333336114883       4.642011353149129E-005
  0.853333336114883       1.432427294577857E-005
  0.853333336114883       8.860944939425899E-006
  0.853333336114883       1.443145436014314E-003
   1.18000000268221       9.187204259972418E-004
   1.18000000268221       9.287475710210322E-005
   1.18000000268221       2.438292844742788E-005
   1.18000000268221       1.840658050551914E-005
   1.18000000268221       1.054384692052292E-003
   1.50666666924953       5.420822654697848E-004
   1.50666666924953       1.398838613961135E-004
   1.50666666924953       3.588176345236812E-005
   1.50666666924953       3.132879386729484E-005
   1.50666666924953       7.491766841855613E-004
   1.83333333581686       2.851556044937263E-004
   1.83333333581686       1.760777009566215E-004
   1.83333333581686       4.100563530388012E-005
   1.83333333581686       4.725756820262446E-005
   1.83333333581686       5.494965089568525E-004
   2.16000000238419       1.355634629530652E-004
   2.16000000238419       1.950079344578927E-004
   2.16000000238419       3.137810263176523E-005
   2.16000000238419       4.008146714385634E-005
   2.16000000238419       4.020309671865794E-004
   2.48666666895151       5.908034938483675E-005
   2.48666666895151       1.948352161015209E-004
   2.48666666895151       2.294734855709401E-005
   2.48666666895151       2.087314376796572E-005
   2.48666666895151       2.977360578114173E-004
   2.81333333551884       2.392214105389542E-005
   2.81333333551884       1.777109476910704E-004
   2.81333333551884       1.697867202611812E-005
   2.81333333551884       1.129850414250920E-005
   2.81333333551884       2.299102649135931E-004
   3.14000000208616       9.106299032604795E-006
   3.14000000208616       1.488352865503510E-004
   3.14000000208616       1.267003332102906E-005
   3.14000000208616       6.311696888942636E-006
   3.14000000208616       1.769233157929275E-004
   3.46666666865349       3.291751319760948E-006
   3.46666666865349       1.147827615198867E-004
   3.46666666865349       9.528471933885084E-006
   3.46666666865349       3.624509599645424E-006
   3.46666666865349       1.312274943731782E-004
   3.79333333522081       1.139426728763707E-006
   3.79333333522081       8.158725415029814E-005
   3.79333333522081       7.221382758410960E-006
   3.79333333522081       2.134040906442533E-006
   3.79333333522081       9.208210454391534E-005
   4.12000000178814       3.802889742936271E-007
   4.12000000178814       5.339614941812935E-005
   4.12000000178814       5.515778488763339E-006
   4.12000000178814       1.285702072670584E-006
   4.12000000178814       6.057791895385690E-005
   4.44666666835546       1.230742563403884E-007
   4.44666666835546       3.207405894261633E-005
   4.44666666835546       4.246187382933596E-006
   4.44666666835546       7.912770227432656E-007
   4.44666666835546       3.723459760463358E-005
   4.77333333492279       3.880297465084533E-008
   4.77333333492279       1.758910936916442E-005
   4.77333333492279       3.294394706348532E-006
   4.77333333492279       4.967239607255182E-007
   4.77333333492279       2.141903101088932E-005
   5.10000000149012       1.196376170531506E-008
   5.10000000149012       8.758866871605739E-006
   5.10000000149012       2.575604813435144E-006
   5.10000000149012       3.176196389167117E-007
   5.10000000149012       1.166405508566291E-005
   5.42666666805744       3.618653290216891E-009
   5.42666666805744       3.976787404046358E-006
   5.42666666805744       2.028737658788216E-006
   5.42666666805744       2.066151196343313E-007
   5.42666666805744       6.215758835759122E-006
   5.75333333462477       1.076566177660136E-009
   5.75333333462477       1.711791207754272E-006
   5.75333333462477       1.609581099050886E-006
   5.75333333462477       1.365777727673575E-007
   5.75333333462477       3.459026645750176E-006
   6.08000000119209       3.157171350394728E-010
   6.08000000119209       7.338579987068864E-007
   6.08000000119209       1.285954564298481E-006
   6.08000000119209       9.164350077743624E-008
   6.08000000119209       2.111771780917843E-006
   6.40666666775942       9.143553832430410E-011
   6.40666666775942       3.149093531796117E-007
   6.40666666775942       1.034292081376787E-006
   6.40666666775942       6.235972200945843E-008
   6.40666666775942       1.411652592104181E-006
   6.73333333432674       2.619160778735751E-011
   6.73333333432674       1.352993477192886E-007
   6.73333333432674       8.372247324564955E-007
   6.73333333432674       4.299305166938206E-008
   6.73333333432674       1.015543323452954E-006
   7.06000000089407       7.430328552202185E-012
   7.06000000089407       5.821698103603891E-008
   7.06000000089407       6.818656448035458E-007
   7.06000000089407       3.000720408514161E-008
   7.06000000089407       7.700972602532786E-007
   7.38666666746140       2.089954570332635E-012
   7.38666666746140       2.509205677230554E-008
   7.38666666746140       5.585887327716495E-007
   7.38666666746140       2.118632682710238E-008
   7.38666666746140       6.048692063256278E-007
   7.71333333402872       5.833956889407505E-013
   7.71333333402872       1.083494035711951E-008
   7.71333333402872       4.601549725414015E-007
   7.71333333402872       1.512112435005120E-008
   7.71333333402872       4.861116206442611E-007
   8.04000000059605       1.617498069037140E-013
   8.04000000059605       4.687870097610200E-009
   8.04000000059605       3.810839907112490E-007
   8.04000000059605       1.090258726966945E-008
   8.04000000059605       3.966746098283355E-007
   8.36666666716337       4.457452730921924E-014
   8.36666666716337       2.032471890924029E-009
   8.36666666716337       3.171994921176908E-007
   8.36666666716337       7.936557574748532E-009
   8.36666666716337       3.271685661578907E-007
   8.69333333373070       1.221686345386882E-014
   8.69333333373070       8.830854439860978E-010
   8.69333333373070       2.652984561142743E-007
   8.69333333373070       5.829767458236975E-009
   8.69333333373070       2.720113212333608E-007
   9.02000000029802       3.331930690008317E-015
   9.02000000029802       3.845292523864740E-010
   9.02000000029802       2.229089149080624E-007
   9.02000000029802       4.318805314729726E-009
   9.02000000029802       2.276122528071093E-007
   9.34666666686535       9.046896891451256E-016
   9.34666666686535       1.678091043112798E-010
   9.34666666686535       1.881114868596056E-007
   9.34666666686535       3.225240751463627E-009
   9.34666666686535       1.915045376200702E-007
   9.67333333343267       2.446527874809527E-016
   9.67333333343267       7.339480711170227E-011
   9.67333333343267       1.594070642414214E-007
   9.67333333343267       2.426911758084352E-009
   9.67333333343267       1.619073710512702E-007
