  0.100000001490116       2.158251824733817E-003
  0.100000001490116       1.257248227122394E-006
  0.100000001490116       5.021224483135661E-007
  0.100000001490116       6.749762236843615E-006
  0.100000001490116       2.166760957646096E-003
  0.298000001460314       2.030787900014101E-003
  0.298000001460314       1.291519260426881E-005
  0.298000001460314       2.743126443201986E-006
  0.298000001460314       6.543909183682056E-005
  0.298000001460314       2.111885310898393E-003
  0.496000001430511       1.799966352513510E-003
  0.496000001430511       4.632233901468866E-005
  0.496000001430511       6.385988670028123E-006
  0.496000001430511       2.256682090762218E-004
  0.496000001430511       2.078342889274448E-003
  0.694000001400709       1.505086369265208E-003
  0.694000001400709       1.076413418167193E-004
  0.694000001400709       1.109016287109974E-005
  0.694000001400709       5.078240879043888E-004
  0.694000001400709       2.131641961857416E-003
  0.892000001370907       1.189852097590348E-003
  0.892000001370907       1.953127373176253E-004
  0.892000001370907       1.653994399179578E-005
  0.892000001370907       9.127988920320356E-004
  0.892000001370907       2.314503670931805E-003
   1.09000000134110       8.917028165217643E-004
   1.09000000134110       3.028886824335906E-004
   1.09000000134110       2.265171942971672E-005
   1.09000000134110       1.437986000115170E-003
   1.09000000134110       2.655229218500242E-003
   1.28800000131130       6.354298829676268E-004
   1.28800000131130       4.213708919905888E-004
   1.28800000131130       2.945829610585614E-005
   1.28800000131130       2.083278753526627E-003
   1.28800000131130       3.169537824590699E-003
   1.48600000128150       4.319800652478075E-004
   1.48600000128150       5.397693406945585E-004
   1.48600000128150       3.648149909100024E-005
   1.48600000128150       2.847671642419391E-003
   1.48600000128150       3.855902547452757E-003
   1.68400000125170       2.811155987911458E-004
   1.68400000125170       6.452564335699672E-004
   1.68400000125170       4.168525159291208E-005
   1.68400000125170       3.721025645001328E-003
   1.68400000125170       4.689082928955353E-003
   1.88200000122190       1.757152651000651E-004
   1.88200000122190       7.244672172666188E-004
   1.88200000122190       4.135558737012227E-005
   1.88200000122190       4.675989103186349E-003
   1.88200000122190       5.617527172923156E-003
   2.08000000119209       1.058473684818994E-004
   2.08000000119209       7.661544998896859E-004
   2.08000000119209       3.478168942042269E-005
   2.08000000119209       3.642060773145165E-003
   2.08000000119209       4.548844330937173E-003
   2.27800000116229       6.164202634162671E-005
   2.27800000116229       7.641178004332567E-004
   2.27800000116229       2.855522309615840E-005
   2.27800000116229       1.525742154918854E-003
   2.27800000116229       2.380057204789896E-003
   2.47600000113249       3.480965595235055E-005
   2.47600000113249       7.190088317541960E-004
   2.47600000113249       2.359683123555095E-005
   2.47600000113249       6.728924939794008E-004
   2.47600000113249       1.450307812921498E-003
   2.67400000110269       1.911424869980059E-005
   2.67400000110269       6.382177959031022E-004
   2.67400000110269       1.959168409439835E-005
   2.67400000110269       3.099698984682490E-004
   2.67400000110269       9.868936271655502E-004
   2.87200000107288       1.023204740028364E-005
   2.87200000107288       5.339661799456737E-004
   2.87200000107288       1.632789045411869E-005
   2.87200000107288       1.482817668333972E-004
   2.87200000107288       7.088078846334731E-004
   3.07000000104308       5.352209440083007E-006
   3.07000000104308       4.204054096494242E-004
   3.07000000104308       1.365295370423731E-005
   3.07000000104308       7.334119300878879E-005
   3.07000000104308       5.127517658025332E-004
   3.26800000101328       2.741533637414024E-006
   3.26800000101328       3.107074319372707E-004
   3.26800000101328       1.145167614549563E-005
   3.26800000101328       3.737755073792131E-005
   3.26800000101328       3.622781924581018E-004
   3.46600000098348       1.377783000820358E-006
   3.46600000098348       2.149076634619957E-004
   3.46600000098348       9.634292754401961E-006
   3.46600000098348       1.957364148269372E-005
   3.46600000098348       2.454933806999117E-004
   3.66400000095367       6.805341251441816E-007
   3.66400000095367       1.388443923342873E-004
   3.66400000095367       8.129548952446825E-006
   3.66400000095367       1.050819817487827E-005
   3.66400000095367       1.581626735867566E-004
   3.86200000092387       3.308878069975582E-007
   3.86200000092387       8.413894316177017E-005
   3.86200000092387       6.880274905095309E-006
   3.86200000092387       5.772025897934145E-006
   3.86200000092387       9.712213177179719E-005
   4.06000000089407       1.585933223516409E-007
   4.06000000089407       4.885782648405820E-005
   4.06000000089407       5.840314787847059E-006
   4.06000000089407       3.238423734766786E-006
   4.06000000089407       5.809515832902368E-005
   4.25800000086427       7.502602702295286E-008
   4.25800000086427       2.814508724205192E-005
   4.25800000086427       4.972262015538593E-006
   4.25800000086427       1.853091004033073E-006
   4.25800000086427       3.504546628864654E-005
   4.45600000083447       3.507162685300095E-008
   4.45600000083447       1.620015145401508E-005
   4.45600000083447       4.245721153590572E-006
   4.45600000083447       1.080047660546278E-006
   4.45600000083447       2.156099189500493E-005
   4.65400000080466       1.621664086239849E-008
   4.65400000080466       9.316569491399710E-006
   4.65400000080466       3.635942372330623E-006
   4.65400000080466       6.404101063859909E-007
   4.65400000080466       1.360913861097872E-005
   4.85200000077486       7.423802857831772E-009
   4.85200000077486       5.353271207476195E-006
   4.85200000077486       3.122734660528767E-006
   4.85200000077486       3.859042251778808E-007
   4.85200000077486       8.869333896040675E-006
   5.05000000074506       3.367535806762022E-009
   5.05000000074506       3.073527172130923E-006
   5.05000000074506       2.689595040065041E-006
   5.05000000074506       2.360954581812668E-007
   5.05000000074506       6.002585206183993E-006
   5.24800000071526       1.514755336571489E-009
   5.24800000071526       1.763404223725840E-006
   5.24800000071526       2.323008463958937E-006
   5.24800000071526       1.465213280678325E-007
   5.24800000071526       4.234448771089181E-006
   5.44600000068545       6.760982436684991E-010
   5.44600000068545       1.011146157660579E-006
   5.44600000068545       2.011883952270043E-006
   5.44600000068545       9.216594755558842E-008
   5.44600000068545       3.115872155729878E-006
   5.64400000065565       2.996253306747504E-010
   5.64400000065565       5.795311861927058E-007
   5.64400000065565       1.747099985128996E-006
   5.64400000065565       5.871876066744130E-008
   5.64400000065565       2.385649557319818E-006
   5.84200000062585       1.319130717634379E-010
   5.84200000062585       3.320430328304906E-007
   5.84200000062585       1.521137685607063E-006
   5.84200000062585       3.786395769760819E-008
   5.84200000062585       1.891176589206925E-006
   6.04000000059605       5.772373849964321E-011
   6.04000000059605       1.902036195846588E-007
   6.04000000059605       1.327784589426322E-006
   6.04000000059605       2.469714468412920E-008
   6.04000000059605       1.542743077433609E-006
   6.23800000056624       2.511741994223093E-011
   6.23800000056624       1.089429781633101E-007
   6.23800000056624       1.161895179989492E-006
   6.23800000056624       1.628502613636823E-008
   6.23800000056624       1.287148301709112E-006
   6.43600000053644       1.087247099260450E-011
   6.43600000053644       6.239953365487799E-008
   6.43600000053644       1.019197079685323E-006
   6.43600000053644       1.084972976199203E-008
   6.43600000053644       1.092457215573186E-006
   6.63400000050664       4.683565175224733E-012
   6.63400000050664       3.574429070896405E-008
   6.63400000050664       8.961339730818248E-007
   6.63400000050664       7.299994223904596E-009
   6.63400000050664       9.391829415798687E-007
   6.83200000047684       2.008485600956630E-012
   6.83200000047684       2.047919199149391E-008
   6.83200000047684       7.897380977444739E-007
   6.83200000047684       4.957910374200849E-009
   6.83200000047684       8.151772085957697E-007
   7.03000000044703       8.577085113866956E-013
   7.03000000044703       1.173635759155410E-008
   7.03000000044703       6.975265547116420E-007
   7.03000000044703       3.397507833724774E-009
   7.03000000044703       7.126612778454323E-007
   7.22800000041723       3.648490731383004E-013
   7.22800000041723       6.728186671869587E-009
   7.22800000041723       6.174168283054434E-007
   7.22800000041723       2.348190963924915E-009
   7.22800000041723       6.264935707903111E-007
   7.42600000038743       1.546331267958629E-013
   7.42600000038743       3.858630274572840E-009
   7.42600000038743       5.476578172590925E-007
   7.42600000038743       1.636267722016658E-009
   7.42600000038743       5.531528698888088E-007
   7.62400000035763       6.531476911219588E-014
   7.62400000035763       2.213918918900028E-009
   7.62400000035763       4.867734097685491E-007
   7.62400000035763       1.149133669285330E-009
   7.62400000035763       4.901365276715036E-007
   7.82200000032783       2.750015339028648E-014
   7.82200000032783       1.270877335231732E-009
   7.82200000032783       4.335162196814808E-007
   7.82200000032783       8.130901721629908E-010
   7.82200000032783       4.356002146890289E-007
   8.02000000029802       1.154413242996559E-014
   8.02000000029802       7.299215373805858E-010
   8.02000000029802       3.868295685920456E-007
   8.02000000029802       5.794611507689089E-010
   8.02000000029802       3.881389628243276E-007
   8.21800000026822       4.832485801095354E-015
   8.21800000026822       4.194634460345866E-010
   8.21800000026822       3.458161725378498E-007
   8.21800000026822       4.158157143893970E-010
   8.21800000026822       3.466514565307596E-007
   8.41600000023842       2.017610381323766E-015
   8.41600000023842       2.411959568751181E-010
   8.41600000023842       3.097122911459839E-007
   8.41600000023842       3.003650158829450E-010
   8.41600000023842       3.102538541363524E-007
   8.61400000020862       8.402916581257217E-016
   8.61400000020862       1.387760324329404E-010
   8.61400000020862       2.778663365612908E-007
   8.61400000020862       2.183521271315141E-010
   8.61400000020862       2.782234655611469E-007
   8.81200000017881       3.491501446534853E-016
   8.81200000017881       7.989806465229001E-011
   8.81200000017881       2.497211313936114E-007
   8.81200000017881       1.597052553084870E-010
   8.81200000017881       2.499607350627223E-007
   9.01000000014901       1.447579696237515E-016
   9.01000000014901       4.603017590370956E-011
   9.01000000014901       2.247991588778080E-007
   9.01000000014901       1.174991198057395E-010
   9.01000000014901       2.249626883182754E-007
   9.20800000011921       5.989287510604258E-017
   9.20800000011921       2.653624237370367E-011
   9.20800000011921       2.026902721252746E-007
   9.20800000011921       8.693786967265650E-011
   9.20800000011921       2.028037462972138E-007
   9.40600000008941       2.473208102934919E-017
   9.40600000008941       1.530845018511758E-011
   9.40600000008941       1.830414288646633E-007
   9.40600000008941       6.467742709157710E-011
   9.40600000008941       1.831214147666721E-007
   9.60400000005960       1.019402700103272E-017
   9.60400000005960       8.837339346308712E-012
   9.60400000005960       1.655480982790635E-007
   9.60400000005960       4.837053632276271E-011
   9.60400000005960       1.656053061649266E-007
   9.80200000002980       4.194440359076161E-018
   9.80200000002980       5.105201336793611E-012
   9.80200000002980       1.499470513093741E-007
   9.80200000002980       3.635908280878948E-011
   9.80200000002980       1.499885155977141E-007
