   1.39999997615814       5.136645440024879E-004
   1.39999997615814       5.043659474035627E-004
   1.57999997735023       3.541283524109037E-004
   1.57999997735023       5.970246012166356E-004
   1.75999997854233       2.357991364765389E-004
   1.75999997854233       6.718752222139850E-004
   1.93999997973442       1.520291045392869E-004
   1.93999997973442       7.205329669517319E-004
   2.11999998092651       9.514470792525329E-005
   2.11999998092651       7.369817300127732E-004
   2.29999998211861       5.793476035572916E-005
   2.29999998211861       7.190722166619689E-004
   2.47999998331070       3.439987005510969E-005
   2.47999998331070       6.691640902672918E-004
   2.65999998450279       1.995909859716558E-005
   2.65999998450279       5.936773437960879E-004
   2.83999998569489       1.133782421684994E-005
   2.83999998569489       5.017484049534013E-004
   3.01999998688698       6.316781191435581E-006
   3.01999998688698       4.034515249570149E-004
   3.19999998807907       3.457387676881462E-006
   3.19999998807907       3.080881239194061E-004
   3.37999998927116       1.861805502553456E-006
   3.37999998927116       2.229179653483604E-004
   3.55999999046326       9.877454346348882E-007
   3.55999999046326       1.525029343274293E-004
   3.73999999165535       5.169129743258539E-007
   3.73999999165535       9.864286981457206E-005
   3.91999999284744       2.671403939370305E-007
   3.91999999284744       6.075013346751613E-005
   4.09999999403954       1.364754320481076E-007
   4.09999999403954       3.640501173382484E-005
   4.27999999523163       6.898652431017219E-008
   4.27999999523163       2.174377737739592E-005
   4.45999999642372       3.453296186533160E-008
   4.45999999642372       1.297656408477842E-005
   4.63999999761581       1.713146237313408E-008
   4.63999999761581       7.737841709293377E-006
   4.81999999880791       8.428435648198376E-009
   4.81999999880791       4.610226255826943E-006
