  0.200000002980232       2.075984983204144E-003
  0.200000002980232       1.282170354517356E-006
  0.200000002980232       1.210613351626861E-006
  0.200000002980232       2.062175977099492E-008
  0.200000002980232       2.078498388670059E-003
  0.526666669547558       1.802117708595377E-003
  0.526666669547558       1.389304070539215E-005
  0.526666669547558       6.328684440581600E-006
  0.526666669547558       1.923607957533708E-007
  0.526666669547558       1.822531794537105E-003
  0.853333336114883       1.373540104597618E-003
  0.853333336114883       4.642011353149129E-005
  0.853333336114883       1.432427294577857E-005
  0.853333336114883       6.221656094274367E-007
  0.853333336114883       1.434906656684315E-003
   1.18000000268221       9.187204259972418E-004
   1.18000000268221       9.287475710210322E-005
   1.18000000268221       2.438292844742788E-005
   1.18000000268221       1.310982627517336E-006
   1.18000000268221       1.037289094174290E-003
   1.50666666924953       5.420822654697848E-004
   1.50666666924953       1.398838613961135E-004
   1.50666666924953       3.588176345236812E-005
   1.50666666924953       2.216644056165023E-006
   1.50666666924953       7.200645343744315E-004
   1.83333333581686       2.851556044937263E-004
   1.83333333581686       1.760777009566215E-004
   1.83333333581686       4.100563530388012E-005
   1.83333333581686       3.299597484617399E-006
   1.83333333581686       5.055385382388453E-004
   2.16000000238419       1.355634629530652E-004
   2.16000000238419       1.950079344578927E-004
   2.16000000238419       3.137810263176523E-005
   2.16000000238419       4.530184055078676E-006
   2.16000000238419       3.664796840978017E-004
   2.48666666895151       5.908034938483675E-005
   2.48666666895151       1.948352161015209E-004
   2.48666666895151       2.294734855709401E-005
   2.48666666895151       5.874254231611577E-006
   2.48666666895151       2.827371682750632E-004
   2.81333333551884       2.392214105389542E-005
   2.81333333551884       1.777109476910704E-004
   2.81333333551884       1.697867202611812E-005
   2.81333333551884       7.276256119183823E-006
   2.81333333551884       2.258880168902677E-004
   3.14000000208616       9.106299032604795E-006
   3.14000000208616       1.488352865503510E-004
   3.14000000208616       1.267003332102906E-005
   3.14000000208616       8.651106945602780E-006
   3.14000000208616       1.792627258495876E-004
   3.46666666865349       3.291751319760948E-006
   3.46666666865349       1.147827615198867E-004
   3.46666666865349       9.528471933885084E-006
   3.46666666865349       9.887534794160884E-006
   3.46666666865349       1.374905195676937E-004
   3.79333333522081       1.139426728763707E-006
   3.79333333522081       8.158725415029814E-005
   3.79333333522081       7.221382758410960E-006
   3.79333333522081       1.086036129315396E-005
   3.79333333522081       1.008084249306268E-004
   4.12000000178814       3.802889742936271E-007
   4.12000000178814       5.339614941812935E-005
   4.12000000178814       5.515778488763339E-006
   4.12000000178814       1.144781623607066E-005
   4.12000000178814       7.074003311725697E-005
   4.44666666835546       1.230742563403884E-007
   4.44666666835546       3.207405894261633E-005
   4.44666666835546       4.246187382933596E-006
   4.44666666835546       1.155099744608618E-005
   4.44666666835546       4.799431802797649E-005
   4.77333333492279       3.880297465084533E-008
   4.77333333492279       1.758910936916442E-005
   4.77333333492279       3.294394706348532E-006
   4.77333333492279       1.111407015090459E-005
   4.77333333492279       3.203637720106839E-005
   5.10000000149012       1.196376170531506E-008
   5.10000000149012       8.758866871605739E-006
   5.10000000149012       2.575604813435144E-006
   5.10000000149012       1.014402690031955E-005
   5.10000000149012       2.149046234706575E-005
   5.42666666805744       3.618653290216891E-009
   5.42666666805744       3.976787404046358E-006
   5.42666666805744       2.028737658788216E-006
   5.42666666805744       8.726731063852932E-006
   5.42666666805744       1.473587477997772E-005
   5.75333333462477       1.076566177660136E-009
   5.75333333462477       1.711791207754272E-006
   5.75333333462477       1.609581099050886E-006
   5.75333333462477       7.031453882209717E-006
   5.75333333462477       1.035390275519253E-005
   6.08000000119209       3.157171350394728E-010
   6.08000000119209       7.338579987068864E-007
   6.08000000119209       1.285954564298481E-006
   6.08000000119209       5.234927441345488E-006
   6.08000000119209       7.255055721485895E-006
   6.40666666775942       9.143553832430410E-011
   6.40666666775942       3.149093531796117E-007
   6.40666666775942       1.034292081376787E-006
   6.40666666775942       3.702268056703762E-006
   6.40666666775942       5.051560926798485E-006
   6.73333333432674       2.619160778735751E-011
   6.73333333432674       1.352993477192886E-007
   6.73333333432674       8.372247324564955E-007
   6.73333333432674       2.645966566112540E-006
   6.73333333432674       3.618516837896112E-006
   7.06000000089407       7.430328552202185E-012
   7.06000000089407       5.821698103603891E-008
   7.06000000089407       6.818656448035458E-007
   7.06000000089407       1.909933601788764E-006
   7.06000000089407       2.650023657956901E-006
   7.38666666746140       2.089954570332635E-012
   7.38666666746140       2.509205677230554E-008
   7.38666666746140       5.585887327716495E-007
   7.38666666746140       1.391702919252703E-006
   7.38666666746140       1.975385798751228E-006
   7.71333333402872       5.833956889407505E-013
   7.71333333402872       1.083494035711951E-008
   7.71333333402872       4.601549725414015E-007
   7.71333333402872       1.023203130132858E-006
   7.71333333402872       1.494193626427068E-006
   8.04000000059605       1.617498069037140E-013
   8.04000000059605       4.687870097610200E-009
   8.04000000059605       3.810839907112490E-007
   8.04000000059605       7.587010590443366E-007
   8.04000000059605       1.144473081603003E-006
   8.36666666716337       4.457452730921924E-014
   8.36666666716337       2.032471890924029E-009
   8.36666666716337       3.171994921176908E-007
   8.36666666716337       5.671419877046482E-007
   8.36666666716337       8.863739962877902E-007
   8.69333333373070       1.221686345386882E-014
   8.69333333373070       8.830854439860978E-010
   8.69333333373070       2.652984561142743E-007
   8.69333333373070       4.272235532286260E-007
   8.69333333373070       6.934051070037498E-007
   9.02000000029802       3.331930690008317E-015
   9.02000000029802       3.845292523864740E-010
   9.02000000029802       2.229089149080624E-007
   9.02000000029802       3.241911730278974E-007
   9.02000000029802       5.474846205202769E-007
   9.34666666686535       9.046896891451256E-016
   9.34666666686535       1.678091043112798E-010
   9.34666666686535       1.881114868596056E-007
   9.34666666686535       2.477306365268392E-007
   9.34666666686535       4.360099333954458E-007
   9.67333333343267       2.446527874809527E-016
   9.67333333343267       7.339480711170227E-011
   9.67333333343267       1.594070642414214E-007
   9.67333333343267       1.905678498729316E-007
   9.67333333343267       3.500483091661174E-007
