  0.200000002980232       2.075983253867442E-003
  0.200000002980232       1.137934017892296E-006
  0.200000002980232       1.110205744052843E-006
  0.200000002980232       1.683069537736894E-008
  0.200000002980232       2.078248224324764E-003
  0.526666669547558       1.802116202207690E-003
  0.526666669547558       1.112634467028035E-005
  0.526666669547558       5.215142966650075E-006
  0.526666669547558       1.432372400519078E-007
  0.526666669547558       1.818600927084672E-003
  0.853333336114883       1.373538945904671E-003
  0.853333336114883       3.594311835984801E-005
  0.853333336114883       1.116865725376595E-005
  0.853333336114883       4.541960459895342E-007
  0.853333336114883       1.421104917564274E-003
   1.18000000268221       9.187196374672802E-004
   1.18000000268221       7.091131054590812E-005
   1.18000000268221       1.830575789076132E-005
   1.18000000268221       9.519237860866580E-007
   1.18000000268221       1.008888629690036E-003
   1.50666666924953       5.420817878618381E-004
   1.50666666924953       1.060176686482025E-004
   1.50666666924953       2.622836757924850E-005
   1.50666666924953       1.607226619735420E-006
   1.50666666924953       6.759350507090244E-004
   1.83333333581686       2.851553445094951E-004
   1.83333333581686       1.328510252791203E-004
   1.83333333581686       2.988027516265509E-005
   1.83333333581686       2.392264246648934E-006
   1.83333333581686       4.502789091979193E-004
   2.16000000238419       1.355633342416403E-004
   2.16000000238419       1.467060616119624E-004
   2.16000000238419       2.332889435586973E-005
   2.16000000238419       3.286118863368628E-006
   2.16000000238419       3.088844090728411E-004
   2.48666666895151       5.908029070624892E-005
   2.48666666895151       1.462982342568249E-004
   2.48666666895151       1.724169283902268E-005
   2.48666666895151       4.264591346183582E-006
   2.48666666895151       2.268848091482801E-004
   2.81333333551884       2.392211612812424E-005
   2.81333333551884       1.332822944478686E-004
   2.81333333551884       1.282158347933258E-005
   2.81333333551884       5.287920467636987E-006
   2.81333333551884       1.753139145229624E-004
   3.14000000208616       9.106289062631108E-006
   3.14000000208616       1.115532566204963E-004
   3.14000000208616       9.586912973933171E-006
   3.14000000208616       6.294696397977748E-006
   3.14000000208616       1.365411550550383E-004
   3.46666666865349       3.291747530483437E-006
   3.46666666865349       8.601102395355857E-005
   3.46666666865349       7.206644030275251E-006
   3.46666666865349       7.204049464477831E-006
   3.46666666865349       1.037134649787951E-004
   3.79333333522081       1.139425349755538E-006
   3.79333333522081       6.114487458972956E-005
   3.79333333522081       5.446540774248681E-006
   3.79333333522081       7.924386528154233E-006
   3.79333333522081       7.565522724188802E-005
   4.12000000178814       3.802884906670865E-007
   4.12000000178814       4.003741469290838E-005
   4.12000000178814       4.138729566399102E-006
   4.12000000178814       8.365902302585157E-006
   4.12000000178814       5.292233505255972E-005
   4.44666666835546       1.230740920153842E-007
   4.44666666835546       2.407185742546400E-005
   4.44666666835546       3.162154471089006E-006
   4.44666666835546       8.454805587514888E-006
   4.44666666835546       3.581189157608328E-005
   4.77333333492279       3.880292031652084E-008
   4.77333333492279       1.322001768526147E-005
   4.77333333492279       2.429183536086797E-006
   4.77333333492279       8.148262589829711E-006
   4.77333333492279       2.383626673149450E-005
   5.10000000149012       1.196374415734777E-008
   5.10000000149012       6.597480411755123E-006
   5.10000000149012       1.876168156232275E-006
   5.10000000149012       7.449200902869572E-006
   5.10000000149012       1.593481321501432E-005
   5.42666666805744       3.618647737542426E-009
   5.42666666805744       3.004321077515333E-006
   5.42666666805744       1.456717107270608E-006
   5.42666666805744       6.418520514311083E-006
   5.42666666805744       1.088317734683457E-005
   5.75333333462477       1.076564451720792E-009
   5.75333333462477       1.297157227305883E-006
   5.75333333462477       1.136886619643689E-006
   5.75333333462477       5.178862075137633E-006
   5.75333333462477       7.613982486538925E-006
   6.08000000119209       3.157166069042472E-010
   6.08000000119209       5.573694408234198E-007
   6.08000000119209       8.917353098484209E-007
   6.08000000119209       3.858755372686808E-006
   6.08000000119209       5.308175839965553E-006
   6.40666666775942       9.143537893309020E-011
   6.40666666775942       2.395457536726071E-007
   6.40666666775942       7.028534226808814E-007
   6.40666666775942       2.728081569740475E-006
   6.40666666775942       3.670572181472897E-006
   6.73333333432674       2.619156026837191E-011
   6.73333333432674       1.030099581857640E-007
   6.73333333432674       5.565876584799989E-007
   6.73333333432674       1.947303054298441E-006
   6.73333333432674       2.606926862524472E-006
   7.06000000089407       7.430314538960568E-012
   7.06000000089407       4.433368626872414E-008
   7.06000000089407       4.427626381185875E-007
   7.06000000089407       1.402657056639665E-006
   7.06000000089407       1.889760811341516E-006
   7.38666666746140       2.089950477897839E-012
   7.38666666746140       1.910051133606801E-008
   7.38666666746140       3.537572343380992E-007
   7.38666666746140       1.019062688010081E-006
   7.38666666746140       1.391922523634726E-006
   7.71333333402872       5.833945041786230E-013
   7.71333333402872       8.239187961362670E-009
   7.71333333402872       2.838348770827647E-007
   7.71333333402872       7.464228830260924E-007
   7.71333333402872       1.038497531464724E-006
   8.04000000059605       1.617494666022226E-013
   8.04000000059605       3.558827805639746E-009
   8.04000000059605       2.286560594271264E-007
   8.04000000059605       5.509595328898541E-007
   8.04000000059605       7.831745818720869E-007
   8.36666666716337       4.457443025633193E-014
   8.36666666716337       1.539408634327779E-009
   8.36666666716337       1.849219506826982E-007
   8.36666666716337       4.096692500439848E-007
   8.36666666716337       5.961306539354410E-007
   8.69333333373070       1.221683595260852E-014
   8.69333333373070       6.668918601497492E-010
   8.69333333373070       1.501126852690897E-007
   8.69333333373070       3.067365266919434E-007
   8.69333333373070       4.575161160380188E-007
   9.02000000029802       3.331922942732858E-015
   9.02000000029802       2.893561364625916E-010
   9.02000000029802       1.222942875130638E-007
   9.02000000029802       2.311885038187015E-007
   9.02000000029802       3.537721508001508E-007
   9.34666666686535       9.046875183411864E-016
   9.34666666686535       1.257476111700232E-010
   9.34666666686535       9.997556341493093E-008
   9.34666666686535       1.753458834774900E-007
   9.34666666686535       2.754471954082784E-007
   9.67333333343267       2.446521821891803E-016
   9.67333333343267       5.473494534569705E-011
   9.67333333343267       8.200152783748933E-008
   9.67333333343267       1.337896877966044E-007
   9.67333333343267       2.158459508240916E-007
