  0.200000002980232       0.514396513301638     
  0.200000002980232       6.898955393579084E-004
  0.200000002980232       5.360017758120683E-003
  0.200000002980232       2.233686092226584E-004
  0.200000002980232       0.520669795208340     
  0.616000002920628       0.438124867331770     
  0.616000002920628       0.140549003134812     
  0.616000002920628       0.429945365967021     
  0.616000002920628       0.143351689357863     
  0.616000002920628        1.15197092579147     
   1.03200000286102       0.296100969884911     
   1.03200000286102        1.03246080142331     
   1.03200000286102        2.34044549350135     
   1.03200000286102        1.46794569430485     
   1.03200000286102        5.13695295911442     
   1.44800000280142       0.157615448118284     
   1.44800000280142        2.95869061092805     
   1.44800000280142        5.35553500957169     
   1.44800000280142        4.79156037016453     
   1.44800000280142        13.2634014387826     
   1.86400000274181       6.906805663657321E-002
   1.86400000274181        4.48582594122600     
   1.86400000274181        6.49938867691972     
   1.86400000274181        10.0136340068750     
   1.86400000274181        21.0679166816573     
   2.28000000268221       2.618152276402615E-002
   2.28000000268221        3.83027447977307     
   2.28000000268221        5.34746871198609     
   2.28000000268221        16.4425990151680     
   2.28000000268221        25.6465237296912     
   2.69600000262260       8.927339646249643E-003
   2.69600000262260        2.59488635788118     
   2.69600000262260        4.26089854591266     
   2.69600000262260        22.3351917542110     
   2.69600000262260        29.1999039976511     
   3.11200000256300       2.816057632059856E-003
   3.11200000256300        1.71908863715295     
   3.11200000256300        3.40724543777657     
   3.11200000256300        23.6884838731301     
   3.11200000256300        28.8176340056917     
   3.52800000250340       8.381509976038037E-004
   3.52800000250340        1.15412727687924     
   3.52800000250340        2.74824756911787     
   3.52800000250340        19.1722389932160     
   3.52800000250340        23.0754519902107     
   3.94400000244379       2.386830926825742E-004
   3.94400000244379       0.788413720562278     
   3.94400000244379        2.23801518853540     
   3.94400000244379        15.3969968914854     
   3.94400000244379        18.4236644836758     
   4.36000000238419       6.568748441372610E-005
   4.36000000238419       0.547955554604091     
   4.36000000238419        1.83987081194310     
   4.36000000238419        12.3380474407858     
   4.36000000238419        14.7259394948174     
   4.77600000232458       1.759836227711589E-005
   4.77600000232458       0.387178718576853     
   4.77600000232458        1.52634065739591     
   4.77600000232458        9.89830243285881     
   4.77600000232458        11.8118394071938     
   5.19200000226498       4.614668989381686E-006
   5.19200000226498       0.277892952857878     
   5.19200000226498        1.27709350821183     
   5.19200000226498        7.96610428780255     
   5.19200000226498        9.52109536354125     
   5.60800000220537       1.189215791533801E-006
   5.60800000220537       0.202417768617170     
   5.60800000220537        1.07708263550524     
   5.60800000220537        6.43876030995342     
   5.60800000220537        7.71826190329162     
   6.02400000214577       3.021283885513767E-007
   6.02400000214577       0.149495470305345     
   6.02400000214577       0.915119163628689     
   6.02400000214577        5.22995519326288     
   6.02400000214577        6.29457012932530     
   6.44000000208616       7.585597804908090E-008
   6.44000000208616       0.111848074146618     
   6.44000000208616       0.782824053704523     
   6.44000000208616        4.27025842100735     
   6.44000000208616        5.16493062471446     
   6.85600000202656       1.885767254282529E-008
   6.85600000202656       8.469921274708474E-002
   6.85600000202656       0.673870990969424     
   6.85600000202656        3.50507772155320     
   6.85600000202656        4.26364794412738     
   7.27200000196695       4.648902370564872E-009
   7.27200000196695       6.486796310266094E-002
   7.27200000196695       0.583442116452445     
   7.27200000196695        2.89197905058312     
   7.27200000196695        3.54028913478713     
   7.68800000190735       1.137921727460292E-009
   7.68800000190735       5.020566534013433E-002
   7.68800000190735       0.507836277124297     
   7.68800000190735        2.39814413227904     
   7.68800000190735        2.95618607588139     
   8.10400000184774       2.768282166506290E-010
   8.10400000184774       3.924102839182566E-002
   8.10400000184774       0.444185742197220     
   8.10400000184774        1.99821924739978     
   8.10400000184774        2.48164601826566     
   8.52000000178814       6.698895674366190E-011
   8.52000000178814       3.095338470674093E-002
   8.52000000178814       0.390250016315713     
   8.52000000178814        1.67259079811038     
   8.52000000178814        2.09379419919982     
   8.93600000172854       1.613573270771197E-011
   8.93600000172854       2.462583699302701E-002
   8.93600000172854       0.344264639006772     
   8.93600000172854        1.40604152971732     
   8.93600000172854        1.77493200573326     
   9.35200000166893       3.870933685544283E-012
   9.35200000166893       1.974887852026956E-002
   9.35200000166893       0.304829421587696     
   9.35200000166893        1.18671909407900     
   9.35200000166893        1.51129739419084     
   9.76800000160932       9.253244257426562E-013
   9.76800000160932       1.595632268009091E-002
   9.76800000160932       0.270825163791648     
   9.76800000160932        1.00535038700633     
   9.76800000160932        1.29213187347899     
   10.1840000015497       2.204963498632734E-013
   10.1840000015497       1.298218024023890E-002
   10.1840000015497       0.241351091481127     
   10.1840000015497       0.854644961466828     
   10.1840000015497        1.10897823318841     
   10.6000000014901       5.239497339904206E-014
   10.6000000014901       1.063128899557220E-002
   10.6000000014901       0.215677487946045     
   10.6000000014901       0.728842133477831     
   10.6000000014901       0.955150910419501     
   11.0160000014305       1.241906659544064E-014
   11.0160000014305       8.759081827314864E-003
   11.0160000014305       0.193209553187556     
   11.0160000014305       0.623366624330079     
   11.0160000014305       0.825335259344962     
   11.4320000013709       2.937053350584144E-015
   11.4320000013709       7.257497131007203E-003
   11.4320000013709       0.173459625003296     
   11.4320000013709       0.534565992546804     
   11.4320000013709       0.715283114681110     
   11.8480000013113       6.931956045608021E-016
   11.8480000013113       6.045064716412771E-003
   11.8480000013113       0.156025674578871     
   11.8480000013113       0.459509706002166     
   11.8480000013113       0.621580445297450     
   12.2640000012517       1.633074011581772E-016
   12.2640000012517       5.059860328534354E-003
   12.2640000012517       0.140574544982160     
   12.2640000012517       0.395834747798749     
   12.2640000012517       0.541469153109444     
   12.6800000011921       3.840930707363987E-017
   12.6800000011921       4.254451268286680E-003
   12.6800000011921       0.126828800303026     
   12.6800000011921       0.341626449358075     
   12.6800000011921       0.472709700929387     
   13.0960000011325       9.020135421166722E-018
   13.0960000011325       3.592237446717989E-003
   13.0960000011325       0.114556342285380     
   13.0960000011325       0.295326084751067     
   13.0960000011325       0.413474664483164     
   13.5120000010729       2.115404328848254E-018
   13.5120000010729       3.044780064722637E-003
   13.5120000010729       0.103562162128182     
   13.5120000010729       0.255658875764821     
   13.5120000010729       0.362265817957726     
   13.9280000010133       4.954828671683801E-019
   13.9280000010133       2.589834774245672E-003
   13.9280000010133       9.368174998765565E-002
   13.9280000010133       0.221577630928379     
   13.9280000010133       0.317849215690280     
   14.3440000009537       1.159215865858331E-019
   14.3440000009537       2.209892548399353E-003
   14.3440000009537       8.477579925611115E-002
   14.3440000009537       0.192218413237556     
   14.3440000009537       0.279204105042066     
   14.7600000008941       2.709199566488543E-020
   14.7600000008941       1.891088872534538E-003
   14.7600000008941       7.672592799685267E-002
   14.7600000008941       0.166865505081467     
   14.7600000008941       0.245482521950854     
   15.1760000008345       6.325502037926248E-021
   15.1760000008345       1.622382313984750E-003
   15.1760000008345       6.943120386410308E-002
   15.1760000008345       0.144923592344371     
   15.1760000008345       0.215977178522459     
   15.5920000007749       1.475566937353334E-021
   15.5920000007749       1.394931903134198E-003
   15.5920000007749       6.280530708426889E-002
   15.5920000007749       0.125895579996327     
   15.5920000007749       0.190095818983730     
   16.0080000007153       3.439236772967530E-022
   16.0080000007153       1.201621924159554E-003
   16.0080000007153       5.677420270031822E-002
   16.0080000007153       0.109364820783739     
   16.0080000007153       0.167340645408217     
   16.4240000006557       8.009971097664173E-023
   16.4240000006557       1.036696981474403E-003
   16.4240000006557       5.127422124956229E-002
   16.4240000006557       9.498081787100364E-002
   16.4240000006557       0.147291736102040     
   16.8400000005960       1.864187026986909E-023
   16.8400000005960       8.954800384800148E-004
   16.8400000005960       4.625046852541434E-002
   16.8400000005960       8.244767430300846E-002
   16.8400000005960       0.129593622866903     
   17.2560000005364       4.335701640378346E-024
   17.2560000005364       7.741532917582998E-004
   17.2560000005364       4.165550166216881E-002
   17.2560000005364       7.151472381998454E-002
   17.2560000005364       0.113944378773912     
   17.6720000004768       1.007767644232051E-024
   17.6720000004768       6.695869273754764E-004
   17.6720000004768       3.744822166090103E-002
   17.6720000004768       6.196890134991662E-002
   17.6720000004768       0.100086709938193     
   18.0880000004172       2.341049136646806E-025
   18.0880000004172       5.792045388476916E-004
   18.0880000004172       3.359294252526815E-002
   18.0880000004172       5.362850670697180E-002
   18.0880000004172       8.780065377108764E-002
   18.5040000003576       5.435333052148329E-026
   18.5040000003576       5.008768858106266E-004
   18.5040000003576       3.005860505861849E-002
   18.5040000003576       4.633808855348455E-002
   18.5040000003576       7.689757049791367E-002
   18.9200000002980       1.261311402209654E-026
   18.9200000002980       4.328375040631673E-004
   18.9200000002980       2.681810958604555E-002
   18.9200000002980       3.996423271302629E-002
   18.9200000002980       6.721517980313500E-002
   19.3360000002384       2.925585365629634E-027
   19.3360000002384       3.736154205194127E-004
   19.3360000002384       2.384774678403915E-002
   19.3360000002384       3.439208334025595E-002
   19.3360000002384       5.861344554481451E-002
   19.7520000001788       6.782817894546132E-028
   19.7520000001788       3.219812053384342E-004
   19.7520000001788       2.112670971356334E-002
   19.7520000001788       2.952246019106621E-002
   19.7520000001788       5.097115110996799E-002
   20.1680000001192       1.571904266427482E-028
   20.1680000001192       2.769035798575283E-004
   20.1680000001192       1.863667327986089E-002
   20.1680000001192       2.526946251353000E-002
   20.1680000001192       4.418303937324841E-002
   20.5840000000596       3.641424345127059E-029
   20.5840000000596       2.375142792552744E-004
   20.5840000000596       1.636142985355796E-002
   20.5840000000596       2.155847158358259E-002
   20.5840000000596       3.815741571639582E-002
