  0.200000002980232       0.514396513301638     
  0.200000002980232       5.411246008900863E-005
  0.200000002980232       1.145172115103940E-004
  0.200000002980232       3.844523269571107E-008
  0.200000002980232       0.514565181418470     
  0.616000002920628       0.438124867331770     
  0.616000002920628       3.118760796798951E-003
  0.616000002920628       1.626852343217504E-003
  0.616000002920628       3.295390731100981E-006
  0.616000002920628       0.442873775862518     
   1.03200000286102       0.296100969884911     
   1.03200000286102       1.768112530507051E-002
   1.03200000286102       6.990969736347752E-003
   1.03200000286102       1.839515706752636E-005
   1.03200000286102       0.320791460083397     
   1.44800000280142       0.157615448118284     
   1.44800000280142       4.624388874800695E-002
   1.44800000280142       1.493791264303675E-002
   1.44800000280142       4.510915220621633E-005
   1.44800000280142       0.218842358661533     
   1.86400000274181       6.906805663657321E-002
   1.86400000274181       6.429251699286613E-002
   1.86400000274181       1.564849610051343E-002
   1.86400000274181       8.032636432281438E-005
   1.86400000274181       0.149089396094276     
   2.28000000268221       2.618152276402615E-002
   2.28000000268221       4.580492367112592E-002
   2.28000000268221       9.583713224320708E-003
   2.28000000268221       1.170995362013504E-004
   2.28000000268221       8.168725919567413E-002
   2.69600000262260       8.927339646249643E-003
   2.69600000262260       2.386054607388972E-002
   2.69600000262260       5.735273702004452E-003
   2.69600000262260       1.408858233612833E-004
   2.69600000262260       3.866404524550510E-002
   3.11200000256300       2.816057632059856E-003
   3.11200000256300       1.200592525040894E-002
   3.11200000256300       3.504642464434123E-003
   3.11200000256300       1.168688306203093E-004
   3.11200000256300       1.844349417752322E-002
   3.52800000250340       8.381509976038037E-004
   3.52800000250340       6.189221663851812E-003
   3.52800000250340       2.190499159469165E-003
   3.52800000250340       5.770186782558136E-005
   3.52800000250340       9.275573688750361E-003
   3.94400000244379       2.386830926825742E-004
   3.94400000244379       3.292744278456516E-003
   3.94400000244379       1.398395970871079E-003
   3.94400000244379       2.928209599782497E-005
   3.94400000244379       4.959105438007995E-003
   4.36000000238419       6.568748441372610E-005
   4.36000000238419       1.804907403557699E-003
   4.36000000238419       9.101668990750605E-004
   4.36000000238419       1.526417852244252E-005
   4.36000000238419       2.796025965568928E-003
   4.77600000232458       1.759836227711589E-005
   4.77600000232458       1.016564824427196E-003
   4.77600000232458       6.029467287637456E-004
   4.77600000232458       8.163654966374482E-006
   4.77600000232458       1.645273570434432E-003
   5.19200000226498       4.614668989381686E-006
   5.19200000226498       5.867892421853782E-004
   5.19200000226498       4.059198240694101E-004
   5.19200000226498       4.473068843084532E-006
   5.19200000226498       1.001796804087255E-003
   5.60800000220537       1.189215791533801E-006
   5.60800000220537       3.463564608734088E-004
   5.60800000220537       2.773406694929581E-004
   5.60800000220537       2.507110190970685E-006
   5.60800000220537       6.273934563488714E-004
   6.02400000214577       3.021283885513767E-007
   6.02400000214577       2.086489793083513E-004
   6.02400000214577       1.920761552887690E-004
   6.02400000214577       1.435271715602511E-006
   6.02400000214577       4.024625347012743E-004
   6.44000000208616       7.585597804908090E-008
   6.44000000208616       1.280641321615856E-004
   6.44000000208616       1.346955364132465E-004
   6.44000000208616       8.380372857124155E-007
   6.44000000208616       2.636735618385936E-004
   6.85600000202656       1.885767254282529E-008
   6.85600000202656       7.996745610214401E-005
   6.85600000202656       9.555147168859128E-005
   6.85600000202656       4.983974836127131E-007
   6.85600000202656       1.760361829468908E-004
   7.27200000196695       4.648902370564872E-009
   7.27200000196695       5.073464564551506E-005
   7.27200000196695       6.851018763382951E-005
   7.27200000196695       3.015287114236527E-007
   7.27200000196695       1.195510108931388E-004
   7.68800000190735       1.137921727460292E-009
   7.68800000190735       3.266597917000444E-005
   7.68800000190735       4.961059115363457E-005
   7.68800000190735       1.853620860998418E-007
   7.68800000190735       8.246307033146632E-005
   8.10400000184774       2.768282166506290E-010
   8.10400000184774       2.132231025680925E-005
   8.10400000184774       3.625739269910539E-005
   8.10400000184774       1.156622559338968E-007
   8.10400000184774       5.769564204006519E-005
   8.52000000178814       6.698895674366190E-011
   8.52000000178814       1.409659979502770E-005
   8.52000000178814       2.672712982429895E-005
   8.52000000178814       7.318418726943985E-008
   8.52000000178814       4.089698079555283E-005
   8.93600000172854       1.613573270771197E-011
   8.93600000172854       9.431266629536067E-006
   8.93600000172854       1.986084771185714E-005
   8.93600000172854       4.691461368983949E-008
   8.93600000172854       2.933904509081575E-005
   9.35200000166893       3.870933685544283E-012
   9.35200000166893       6.380725954685193E-006
   9.35200000166893       1.487001176509286E-005
   9.35200000166893       3.044428499820344E-008
   9.35200000166893       2.128118587570994E-005
   9.76800000160932       9.253244257426562E-013
   9.76800000160932       4.362284927549168E-006
   9.76800000160932       1.121219803980331E-005
   9.76800000160932       1.998387115345610E-008
   9.76800000160932       1.559446776383036E-005
   10.1840000015497       2.204963498632734E-013
   10.1840000015497       3.011814416547430E-006
   10.1840000015497       8.510420964239929E-006
   10.1840000015497       1.325941508300866E-008
   10.1840000015497       1.153549501636672E-005
   10.6000000014901       5.239497339904206E-014
   10.6000000014901       2.098760136861057E-006
   10.6000000014901       6.500130041687006E-006
   10.6000000014901       8.887045126750544E-009
   10.6000000014901       8.607777276069789E-006
   11.0160000014305       1.241906659544064E-014
   11.0160000014305       1.475329797264463E-006
   11.0160000014305       4.993979493565854E-006
   11.0160000014305       6.013348748297333E-009
   11.0160000014305       6.475322651997680E-006
   11.4320000013709       2.937053350584144E-015
   11.4320000013709       1.045676091663250E-006
   11.4320000013709       3.858154280571186E-006
   11.4320000013709       4.105417430302411E-009
   11.4320000013709       4.907935792601792E-006
   11.8480000013113       6.931956045608021E-016
   11.8480000013113       7.469538021595215E-007
   11.8480000013113       2.996297180969533E-006
   11.8480000013113       2.826522239127835E-009
   11.8480000013113       3.746077506061378E-006
   12.2640000012517       1.633074011581772E-016
   12.2640000012517       5.375271449571169E-007
   12.2640000012517       2.338489863075919E-006
   12.2640000012517       1.961500456520965E-009
   12.2640000012517       2.877978508652865E-006
   12.6800000011921       3.840930707363987E-017
   12.6800000011921       3.895399005859630E-007
   12.6800000011921       1.833629001821967E-006
   12.6800000011921       1.371402800230025E-009
   12.6800000011921       2.224540305246570E-006
   13.0960000011325       9.020135421166722E-018
   13.0960000011325       2.841808809911946E-007
   13.0960000011325       1.444105257938330E-006
   13.0960000011325       9.655913955695675E-010
   13.0960000011325       1.729251730334114E-006
   13.5120000010729       2.115404328848254E-018
   13.5120000010729       2.086343835891408E-007
   13.5120000010729       1.142058717361504E-006
   13.5120000010729       6.843758174279124E-010
   13.5120000010729       1.351377476770188E-006
   13.9280000010133       4.954828671683801E-019
   13.9280000010133       1.540957764658712E-007
   13.9280000010133       9.067229785467163E-007
   13.9280000010133       4.880887117834157E-010
   13.9280000010133       1.061306843724866E-006
   14.3440000009537       1.159215865858331E-019
   14.3440000009537       1.144676584391063E-007
   14.3440000009537       7.225272818664950E-007
   14.3440000009537       3.501411528364758E-010
   14.3440000009537       8.373450814585537E-007
   14.7600000008941       2.709199566488543E-020
   14.7600000008941       8.549523219082539E-008
   14.7600000008941       5.777306568021429E-007
   14.7600000008941       2.525640976150405E-010
   14.7600000008941       6.634784530906104E-007
   15.1760000008345       6.325502037926248E-021
   15.1760000008345       6.418787752072982E-008
   15.1760000008345       4.634322733609521E-007
   15.1760000008345       1.831188698522380E-010
   15.1760000008345       5.278032697515405E-007
   15.5920000007749       1.475566937353334E-021
   15.5920000007749       4.842894914073121E-008
   15.5920000007749       3.728497316848309E-007
   15.5920000007749       1.334076169719436E-010
   15.5920000007749       4.214120884425356E-007
   16.0080000007153       3.439236772967530E-022
   16.0080000007153       3.671042807543371E-008
   16.0080000007153       3.007894916762880E-007
   16.0080000007153       9.762704403543032E-011
   16.0080000007153       3.375975467957575E-007
   16.4240000006557       8.009971097664173E-023
   16.4240000006557       2.795109773079648E-008
   16.4240000006557       2.432559913785748E-007
   16.4240000006557       7.173967002290782E-011
   16.4240000006557       2.712788287793943E-007
   16.8400000005960       1.864187026986909E-023
   16.8400000005960       2.137103968525242E-008
   16.8400000005960       1.971615005461907E-007
   16.8400000005960       5.291839933165528E-011
   16.8400000005960       2.185854586307748E-007
   17.2560000005364       4.335701640378346E-024
   17.2560000005364       1.640439657667299E-008
   17.2560000005364       1.601095816535868E-007
   17.2560000005364       3.917147416064618E-011
   17.2560000005364       1.765531497044205E-007
   17.6720000004768       1.007767644232051E-024
   17.6720000004768       1.263832680702490E-008
   17.6720000004768       1.302326454817404E-007
   17.6720000004768       2.908740698145911E-011
   17.6720000004768       1.429000596957467E-007
   18.0880000004172       2.341049136646806E-025
   18.0880000004172       9.770011323249815E-009
   18.0880000004172       1.060694804459431E-007
   18.0880000004172       2.166031698664671E-011
   18.0880000004172       1.158611520861795E-007
   18.5040000003576       5.435333052148329E-026
   18.5040000003576       7.576188559809683E-009
   18.5040000003576       8.647247726615291E-008
   18.5040000003576       1.616953670487332E-011
   18.5040000003576       9.406483536266747E-008
   18.9200000002980       1.261311402209654E-026
   18.9200000002980       5.891436577058019E-009
   18.9200000002980       7.053702555929640E-008
   18.9200000002980       1.209610217277154E-011
   18.9200000002980       7.644055823852719E-008
   19.3360000002384       2.925585365629634E-027
   19.3360000002384       4.592603918122303E-009
   19.3360000002384       5.754754585629637E-008
   19.3360000002384       9.064476280311495E-012
   19.3360000002384       6.214921425069899E-008
   19.7520000001788       6.782817894546132E-028
   19.7520000001788       3.587586224475804E-009
   19.7520000001788       4.693606165702804E-008
   19.7520000001788       6.801644683745632E-012
   19.7520000001788       5.053044952618758E-008
   20.1680000001192       1.571904266427482E-028
   20.1680000001192       2.807193588614000E-009
   20.1680000001192       3.825026706552551E-008
   20.1680000001192       5.108245456513915E-012
   20.1680000001192       4.106256889959602E-008
   20.5840000000596       3.641424345127059E-029
   20.5840000000596       2.199226426435542E-009
   20.5840000000596       3.112881595736833E-008
   20.5840000000596       3.838083259482988E-012
   20.5840000000596       3.333188046706335E-008
