  0.200000002980232       0.514396513301638     
  0.200000002980232       2.416052844542004E-003
  0.200000002980232       7.488934661732796E-002
  0.200000002980232       0.116761606390964     
  0.200000002980232       0.708463519154472     
  0.616000002920628       0.438124867331770     
  0.616000002920628       0.514775307258168     
  0.616000002920628        6.20670011246025     
  0.616000002920628        77.7103843364443     
  0.616000002920628        84.8699846234945     
   1.03200000286102       0.296100969884911     
   1.03200000286102        3.77570803843582     
   1.03200000286102        33.7129596371488     
   1.03200000286102        809.370058799833     
   1.03200000286102        847.154827445303     
   1.44800000280142       0.157615448118284     
   1.44800000280142        10.8582762279623     
   1.44800000280142        77.5002653893667     
   1.44800000280142        2659.16488697128     
   1.44800000280142        2747.68104403673     
   1.86400000274181       6.906805663657321E-002
   1.86400000274181        16.8773577529661     
   1.86400000274181        99.4370485773106     
   1.86400000274181        5563.16955388907     
   1.86400000274181        5679.55302827598     
   2.28000000268221       2.618152276402615E-002
   2.28000000268221        15.3541457077891     
   2.28000000268221        91.1100374050824     
   2.28000000268221        9173.57631290763     
   2.28000000268221        9280.06667754326     
   2.69600000262260       8.927339646249643E-003
   2.69600000262260        11.3237425545494     
   2.69600000262260        80.0212269996572     
   2.69600000262260        12646.4543236359     
   2.69600000262260        12737.8082205298     
   3.11200000256300       2.816057632059856E-003
   3.11200000256300        8.15870778094170     
   3.11200000256300        69.7767978519458     
   3.11200000256300        14136.2428616280     
   3.11200000256300        14214.1811833185     
   3.52800000250340       8.381509976038037E-004
   3.52800000250340        5.92203716241457     
   3.52800000250340        60.8510692499790     
   3.52800000250340        12800.7526116729     
   3.52800000250340        12867.5265562363     
   3.94400000244379       2.386830926825742E-004
   3.94400000244379        4.34844812446683     
   3.94400000244379        53.2039649098981     
   3.94400000244379        11397.0788498119     
   3.94400000244379        11454.6315015294     
   4.36000000238419       6.568748441372610E-005
   4.36000000238419        3.23205191264679     
   4.36000000238419        46.6853856262042     
   4.36000000238419        10047.3280563240     
   4.36000000238419        10097.2455595503     
   4.77600000232458       1.759836227711589E-005
   4.77600000232458        2.43154495908110     
   4.77600000232458        41.1307758184570     
   4.77600000232458        8809.05027347583     
   4.77600000232458        8852.61261185173     
   5.19200000226498       4.614668989381686E-006
   5.19200000226498        1.85101815490550     
   5.19200000226498        36.3878299427237     
   5.19200000226498        7703.00128223605     
   5.19200000226498        7741.24013494835     
   5.60800000220537       1.189215791533801E-006
   5.60800000220537        1.42515862209976     
   5.60800000220537        32.3242146644723     
   5.60800000220537        6730.32759080485     
   5.60800000220537        6764.07696528063     
   6.02400000214577       3.021283885513767E-007
   6.02400000214577        1.10918404687673     
   6.02400000214577        28.8283169373412     
   6.02400000214577        5882.57509205545     
   6.02400000214577        5912.51259334179     
   6.44000000208616       7.585597804908090E-008
   6.44000000208616       0.872125063056433     
   6.44000000208616        25.8073571509668     
   6.44000000208616        5147.26877083387     
   6.44000000208616        5173.94825312374     
   6.85600000202656       1.885767254282529E-008
   6.85600000202656       0.692358714257276     
   6.85600000202656        23.1847170572909     
   6.85600000202656        4510.89214893582     
   6.85600000202656        4534.76922472623     
   7.27200000196695       4.648902370564872E-009
   7.27200000196695       0.554634332784108     
   7.27200000196695        20.8972592592839     
   7.27200000196695        3960.38792104898     
   7.27200000196695        3981.83981464569     
   7.68800000190735       1.137921727460292E-009
   7.68800000190735       0.448084109403394     
   7.68800000190735        18.8929313723089     
   7.68800000190735        3483.83939032632     
   7.68800000190735        3503.18040580917     
   8.10400000184774       2.768282166506290E-010
   8.10400000184774       0.364883396425892     
   8.10400000184774        17.1287342548638     
   8.10400000184774        3070.71126946445     
   8.10400000184774        3088.20488711602     
   8.52000000178814       6.698895674366190E-011
   8.52000000178814       0.299341297701120     
   8.52000000178814        15.5690444067477     
   8.52000000178814        2711.86332899996     
   8.52000000178814        2727.73171470448     
   8.93600000172854       1.613573270771197E-011
   8.93600000172854       0.247277855887919     
   8.93600000172854        14.1842479725245     
   8.93600000172854        2399.45527704438     
   8.93600000172854        2413.88680287281     
   9.35200000166893       3.870933685544283E-012
   9.35200000166893       0.205593544813103     
   9.35200000166893        12.9496361435806     
   9.35200000166893        2126.80714554019     
   9.35200000166893        2139.96237522859     
   9.76800000160932       9.253244257426562E-013
   9.76800000160932       0.171968872998147     
   9.76800000160932        11.8445144409306     
   9.76800000160932        1888.24897821368     
   9.76800000160932        1900.26546152761     
   10.1840000015497       2.204963498632734E-013
   10.1840000015497       0.144652782695067     
   10.1840000015497        10.8514846741417     
   10.1840000015497        1678.97663704368     
   10.1840000015497        1689.97277450052     
   10.6000000014901       5.239497339904206E-014
   10.6000000014901       0.122312203353584     
   10.6000000014901        9.95586535359642     
   10.6000000014901        1494.92123430662     
   10.6000000014901        1504.99941186357     
   11.0160000014305       1.241906659544064E-014
   11.0160000014305       0.103924111998943     
   11.0160000014305        9.14522278215259     
   11.0160000014305        1332.63471813982     
   11.0160000014305        1341.88386503397     
   11.4320000013709       2.937053350584144E-015
   11.4320000013709       8.869739726108777E-002
   11.4320000013709        8.40899056984650     
   11.4320000013709        1189.19158731668     
   11.4320000013709        1197.68927528378     
   11.8480000013113       6.931956045608021E-016
   11.8480000013113       7.601581339897635E-002
   11.8480000013113        7.73815985545583     
   11.8480000013113        1062.10550241453     
   11.8480000013113        1069.91967808338     
   12.2640000012517       1.633074011581772E-016
   12.2640000012517       6.539598542897790E-002
   12.2640000012517        7.12502617540063     
   12.2640000012517        949.259081487951     
   12.2640000012517        956.449503648780     
   12.6800000011921       3.840930707363987E-017
   12.6800000011921       5.645624717494911E-002
   12.6800000011921        6.56298183044243     
   12.6800000011921        848.845072216379     
   12.6800000011921        855.464510293997     
   13.0960000011325       9.020135421166722E-018
   13.0960000011325       4.889333798525639E-002
   13.0960000011325        6.04634490151657     
   13.0960000011325        759.317185624548     
   13.0960000011325        765.412423864050     
   13.5120000010729       2.115404328848254E-018
   13.5120000010729       4.246485161570692E-002
   13.5120000010729        5.57021787978271     
   13.5120000010729        679.349052369035     
   13.5120000010729        684.961735100434     
   13.9280000010133       4.954828671683801E-019
   13.9280000010133       3.697591713231679E-002
   13.9280000010133        5.13037030454116     
   13.9280000010133        607.799964219299     
   13.9280000010133        612.967310440972     
   14.3440000009537       1.159215865858331E-019
   14.3440000009537       3.226902789145895E-002
   14.3440000009537        4.72314092852019     
   14.3440000009537        543.686261607994     
   14.3440000009537        548.441671564406     
   14.7600000008941       2.709199566488543E-020
   14.7600000008941       2.821622115397470E-002
   14.7600000008941        4.34535581872602     
   14.7600000008941        486.157409375744     
   14.7600000008941        490.530981415624     
   15.1760000008345       6.325502037926248E-021
   15.1760000008345       2.471302563567619E-002
   15.1760000008345        3.99425950407699     
   15.1760000008345        434.475961931394     
   15.1760000008345        438.494934461106     
   15.5920000007749       1.475566937353334E-021
   15.5920000007749       2.167375203784304E-002
   15.5920000007749        3.66745683867066     
   15.5920000007749        388.000755262698     
   15.5920000007749        391.689885853406     
   16.0080000007153       3.439236772967530E-022
   16.0080000007153       1.902780470247112E-002
   16.0080000007153        3.36286369312661     
   16.0080000007153        346.172778007307     
   16.0080000007153        349.554669505137     
   16.4240000006557       8.009971097664173E-023
   16.4240000006557       1.671677760634686E-002
   16.4240000006557        3.07866494042354     
   16.4240000006557        308.503269496316     
   16.4240000006557        311.598651214346     
   16.8400000005960       1.864187026986909E-023
   16.8400000005960       1.469215530893361E-002
   16.8400000005960        2.81327848602668     
   16.8400000005960        274.563671933780     
   16.8400000005960        277.391642575116     
   17.2560000005364       4.335701640378346E-024
   17.2560000005364       1.291348325910257E-002
   17.2560000005364        2.56532431971015     
   17.2560000005364        243.977129212211     
   17.2560000005364        246.555367015181     
   17.6720000004768       1.007767644232051E-024
