 --------test NaN-----------
  0.100000001490116      Before Bessel:  0.139567062942497     
   14.3025563287105     
  0.100000001490116      After Bessel:   1.00487567306843     
  2.019110851031725E-007
 --------test NaN-----------
  0.100000001490116       2.042942668522399E-003
  0.100000001490116       4.350813491243946E-007
  0.100000001490116       1.679010530449185E-007
  0.100000001490116       3.088674314662197E-008
  0.100000001490116       2.043576537667715E-003
 --------test NaN-----------
  0.299000001475215      Before Bessel:  0.417305514038642     
   14.3888065154887     
  0.299000001475215      After Bessel:   1.04401211664202     
  1.846791839699180E-007
 --------test NaN-----------
  0.299000001475215       1.949375632857133E-003
  0.299000001475215       3.824974073414934E-006
  0.299000001475215       9.617266112218776E-007
  0.299000001475215       2.140176143807005E-007
  0.299000001475215       1.954376351156150E-003
 --------test NaN-----------
  0.498000001460314      Before Bessel:  0.695043965134788     
   14.5595611759544     
  0.498000001460314      After Bessel:   1.12446727182127     
  1.547889178938339E-007
 --------test NaN-----------
  0.498000001460314       1.774138326223084E-003
  0.498000001460314       1.272329778668116E-005
  0.498000001460314       2.345084668506266E-006
  0.498000001460314       6.553176200251743E-007
  0.498000001460314       1.789862026298296E-003
 --------test NaN-----------
  0.697000001445413      Before Bessel:  0.972782416230933     
   14.8118980426044     
  0.697000001445413      After Bessel:   1.25094179662266     
  1.192558633890031E-007
 --------test NaN-----------
  0.697000001445413       1.538875093936231E-003
  0.697000001445413       2.865956522874585E-005
  0.697000001445413       4.286700997177516E-006
  0.697000001445413       1.431675503885184E-006
  0.697000001445413       1.573253035666040E-003
 --------test NaN-----------
  0.896000001430512      Before Bessel:   1.25052086732708     
   15.1417389656741     
  0.896000001430512      After Bessel:   1.43086223123009     
  8.482505010328639E-008
 --------test NaN-----------
  0.896000001430512       1.271552224360711E-003
  0.896000001430512       5.100566673092321E-005
  0.896000001430512       6.761757268418828E-006
  0.896000001430512       2.586721174941036E-006
  0.896000001430512       1.331906369534995E-003
 --------test NaN-----------
   1.09500000141561      Before Bessel:   1.52825931842322     
   15.5441509088363     
   1.09500000141561      After Bessel:   1.67486349173708     
  5.599516438338811E-008
 --------test NaN-----------
   1.09500000141561       1.001072651349968E-003
   1.09500000141561       7.748510981837871E-005
   1.09500000141561       9.790583547815681E-006
   1.09500000141561       4.157990009232961E-006
   1.09500000141561       1.092506334725396E-003
 --------test NaN-----------
   1.29400000140071      Before Bessel:   1.80599776951937     
   16.0136638325118     
   1.29400000140071      After Bessel:   1.99748208256143     
  3.450470156566040E-008
 --------test NaN-----------
   1.29400000140071       7.517254521234402E-004
   1.29400000140071       1.051670621869593E-004
   1.29400000140071       1.339875602681930E-005
   1.29400000140071       6.182360536649467E-006
   1.29400000140071       8.764736308738683E-004
 --------test NaN-----------
   1.49300000138581      Before Bessel:   2.08373622061552     
   16.5445660111311     
   1.49300000138581      After Bessel:                     NaN
  1.996782320731267E-008
 --------test NaN-----------
   1.49300000138581                          NaN
   1.49300000138581       1.312774594035512E-004
   1.49300000138581       1.751850107094451E-005
   1.49300000138581       8.678049563418003E-006
   1.49300000138581                          NaN
 --------test NaN-----------
   1.69200000137091      Before Bessel:   2.36147467171166     
   17.1311509521284     
   1.69200000137091      After Bessel:                     NaN
  1.091743888799244E-008
 --------test NaN-----------
   1.69200000137091                          NaN
   1.69200000137091       1.536107846683278E-004
   1.69200000137091       2.187604460821937E-005
   1.69200000137091       1.161405921931509E-005
   1.69200000137091                          NaN
 --------test NaN-----------
   1.89100000135601      Before Bessel:   2.63921312280781     
   17.7679046227884     
   1.89100000135601      After Bessel:                     NaN
  5.672374612364753E-009
 --------test NaN-----------
   1.89100000135601                          NaN
   1.89100000135601       1.706256905434480E-004
   1.89100000135601       2.591862094092627E-005
   1.89100000135601       1.488225452215234E-005
   1.89100000135601                          NaN
 --------test NaN-----------
   2.09000000134110      Before Bessel:   2.91695157390395     
   18.4496333220028     
   2.09000000134110      After Bessel:                     NaN
  2.815952172620062E-009
 --------test NaN-----------
   2.09000000134110                          NaN
   2.09000000134110       1.813990599657328E-004
   2.09000000134110       2.883770913972400E-005
   2.09000000134110       1.828605747751539E-005
   2.09000000134110                          NaN
 --------test NaN-----------
   2.28900000132620      Before Bessel:   3.19469002500010     
   19.1715397931456     
   2.28900000132620      After Bessel:                     NaN
  1.342381618206306E-009
 --------test NaN-----------
   2.28900000132620                          NaN
   2.28900000132620       1.855626796989888E-004
   2.28900000132620       2.974893092220903E-005
   2.28900000132620       2.155510755517250E-005
   2.28900000132620                          NaN
 --------test NaN-----------
   2.48800000131130      Before Bessel:   3.47242847609624     
   19.9292583819853     
   2.48800000131130      After Bessel:                     NaN
  6.172889082160764E-010
 --------test NaN-----------
   2.48800000131130                          NaN
   2.48800000131130       1.832592176769800E-004
   2.48800000131130       2.809898675719372E-005
   2.48800000131130       2.438878778632853E-005
   2.48800000131130                          NaN
 --------test NaN-----------
   2.68700000129640      Before Bessel:   3.75016692719239     
   20.7188603587083     
   2.68700000129640      After Bessel:                     NaN
  2.749352266176704E-010
 --------test NaN-----------
   2.68700000129640                          NaN
   2.68700000129640       1.750976893009514E-004
   2.68700000129640       2.431532905421755E-005
   2.68700000129640       2.652398480622022E-005
   2.68700000129640                          NaN
 --------test NaN-----------
   2.88600000128150      Before Bessel:   4.02790537828853     
   21.5368392008515     
   2.88600000128150      After Bessel:                     NaN
  1.190347490712748E-010
 --------test NaN-----------
   2.88600000128150                          NaN
   2.88600000128150                          NaN
   2.88600000128150       2.020653864002027E-005
   2.88600000128150       1.885515697775040E-005
   2.88600000128150                          NaN
 --------test NaN-----------
   3.08500000126660      Before Bessel:   4.30564382938468     
   22.3800836516528     
   3.08500000126660      After Bessel:                     NaN
  5.025837099696838E-011
 --------test NaN-----------
   3.08500000126660                          NaN
   3.08500000126660                          NaN
   3.08500000126660       1.684253821683805E-005
   3.08500000126660       1.317393745259836E-005
   3.08500000126660                          NaN
 --------test NaN-----------
   3.28400000125170      Before Bessel:   4.58338228048083     
   23.2458443391194     
   3.28400000125170      After Bessel:                     NaN
  2.075191297433048E-011
 --------test NaN-----------
   3.28400000125170                          NaN
   3.28400000125170                          NaN
   3.28400000125170       1.408424906956618E-005
   3.28400000125170       9.302608342086997E-006
   3.28400000125170                          NaN
 --------test NaN-----------
   3.48300000123680      Before Bessel:   4.86112073157697     
   24.1316979741196     
   3.48300000123680      After Bessel:                     NaN
  8.400358909699158E-012
 --------test NaN-----------
   3.48300000123680                          NaN
   3.48300000123680                          NaN
   3.48300000123680       1.181516268443194E-005
   3.48300000123680       6.634663380696033E-006
   3.48300000123680                          NaN
 --------test NaN-----------
   3.68200000122190      Before Bessel:   5.13885918267312     
   25.0355117479479     
   3.68200000122190      After Bessel:                     NaN
  3.340952600913313E-012
 --------test NaN-----------
   3.68200000122190                          NaN
   3.68200000122190                          NaN
   3.68200000122190       9.942925974297573E-006
   3.68200000122190       4.776681201105526E-006
   3.68200000122190                          NaN
 --------test NaN-----------
   3.88100000120699      Before Bessel:   5.41659763376926     
   25.9554095159585     
   3.88100000120699      After Bessel:                     NaN
  1.307982972749123E-012
 --------test NaN-----------
   3.88100000120699                          NaN
   3.88100000120699                          NaN
   3.88100000120699       8.393674476621361E-006
   3.88100000120699       3.469961033047407E-006
   3.88100000120699                          NaN
 --------test NaN-----------
   4.08000000119209      Before Bessel:   5.69433608486541     
   26.8897406289561     
   4.08000000119209      After Bessel:                     NaN
  5.049146291386090E-013
 --------test NaN-----------
   4.08000000119209                          NaN
   4.08000000119209                          NaN
   4.08000000119209       7.108014014730641E-006
   4.08000000119209       2.542327771045399E-006
   4.08000000119209                          NaN
 --------test NaN-----------
   4.27900000117719      Before Bessel:   5.97207453596155     
   27.8370517895829     
   4.27900000117719      After Bessel:                     NaN
  1.924659719647432E-013
 --------test NaN-----------
   4.27900000117719                          NaN
   4.27900000117719                          NaN
   4.27900000117719       6.038019749250723E-006
   4.27900000117719       1.877928514354586E-006
   4.27900000117719                          NaN
 --------test NaN-----------
   4.47800000116229      Before Bessel:   6.24981298705770     
   28.7960620028375     
   4.47800000116229      After Bessel:                     NaN
  7.253856392148776E-014
 --------test NaN-----------
   4.47800000116229                          NaN
   4.47800000116229                          NaN
   4.47800000116229       5.144921968486627E-006
   4.47800000116229       1.398009974997005E-006
   4.47800000116229                          NaN
 --------test NaN-----------
   4.67700000114739      Before Bessel:   6.52755143815384     
   29.7656405054311     
   4.67700000114739      After Bessel:                     NaN
  2.706167719497063E-014
 --------test NaN-----------
   4.67700000114739                          NaN
   4.67700000114739                          NaN
   4.67700000114739       4.397288468711676E-006
   4.67700000114739       1.048522091510261E-006
   4.67700000114739                          NaN
 --------test NaN-----------
   4.87600000113249      Before Bessel:   6.80528988924999     
   30.7447874576784     
   4.87600000113249      After Bessel:                     NaN
  1.000333276422288E-014
 --------test NaN-----------
   4.87600000113249                          NaN
   4.87600000113249                          NaN
   4.87600000113249       3.769582739353713E-006
   4.87600000113249       7.920297795807232E-007
   4.87600000113249                          NaN
 --------test NaN-----------
   5.07500000111759      Before Bessel:   7.08302834034614     
   31.7326171348825     
   5.07500000111759      After Bessel:                     NaN
  3.667092196804135E-015
 --------test NaN-----------
   5.07500000111759                          NaN
   5.07500000111759                          NaN
   5.07500000111759       3.241014280295405E-006
   5.07500000111759       6.023791044041086E-007
   5.07500000111759                          NaN
 --------test NaN-----------
   5.27400000110269      Before Bessel:   7.36076679144228     
   32.7283433423112     
   5.27400000110269      After Bessel:                     NaN
  1.334212092989301E-015
 --------test NaN-----------
   5.27400000110269                          NaN
   5.27400000110269                          NaN
   5.27400000110269       2.794619327784769E-006
   5.27400000110269       4.611448828331203E-007
   5.27400000110269                          NaN
 --------test NaN-----------
   5.47300000108778      Before Bessel:   7.63850524253843     
   33.7312667850963     
   5.47300000108778      After Bessel:                     NaN
  4.821191036953479E-016
 --------test NaN-----------
   5.47300000108778                          NaN
   5.47300000108778                          NaN
   5.47300000108778       2.416524635672508E-006
   5.47300000108778       3.552425798100063E-007
   5.47300000108778                          NaN
 --------test NaN-----------
   5.67200000107288      Before Bessel:   7.91624369363457     
   34.7407641426384     
   5.67200000107288      After Bessel:                     NaN
  1.731319853674843E-016
 --------test NaN-----------
   5.67200000107288                          NaN
   5.67200000107288                          NaN
   5.67200000107288       2.095357185182492E-006
   5.67200000107288       2.753086127397134E-007
   5.67200000107288                          NaN
 --------test NaN-----------
   5.87100000105798      Before Bessel:   8.19398214473072     
   35.7562786205930     
   5.87100000105798      After Bessel:                     NaN
  6.182038078755631E-017
 --------test NaN-----------
   5.87100000105798                          NaN
   5.87100000105798                          NaN
   5.87100000105798       1.821770398089707E-006
   5.87100000105798       2.145924690543349E-007
   5.87100000105798                          NaN
 --------test NaN-----------
   6.07000000104308      Before Bessel:   8.47172059582686     
   36.7773117786561     
   6.07000000104308      After Bessel:                     NaN
  2.195987230538938E-017
 --------test NaN-----------
   6.07000000104308                          NaN
   6.07000000104308                          NaN
   6.07000000104308       1.588063422373693E-006
   6.07000000104308       1.681927188062171E-007
   6.07000000104308                          NaN
 --------test NaN-----------
   6.26900000102818      Before Bessel:   8.74945904692301     
   37.8034164570801     
   6.26900000102818      After Bessel:                     NaN
  7.763574235271377E-018
 --------test NaN-----------
   6.26900000102818                          NaN
   6.26900000102818                          NaN
   6.26900000102818       1.387874802952391E-006
   6.26900000102818       1.325260353515482E-007
   6.26900000102818                          NaN
 --------test NaN-----------
   6.46800000101328      Before Bessel:   9.02719749801916     
   38.8341906479632     
   6.46800000101328      After Bessel:                     NaN
  2.732736283552887E-018
 --------test NaN-----------
   6.46800000101328                          NaN
   6.46800000101328                          NaN
   6.46800000101328       1.215935630663729E-006
   6.46800000101328       1.049553649740423E-007
   6.46800000101328                          NaN
 --------test NaN-----------
   6.66700000099838      Before Bessel:   9.30493594911530     
   39.8692721783234     
   6.66700000099838      After Bessel:                     NaN
  9.580560249808165E-019
 --------test NaN-----------
   6.66700000099838                          NaN
   6.66700000099838                          NaN
   6.66700000099838       1.067870282040655E-006
   6.66700000099838       8.352764227786022E-008
   6.66700000099838                          NaN
 --------test NaN-----------
   6.86600000098348      Before Bessel:   9.58267440021145     
   40.9083340905990     
   6.86600000098348      After Bessel:                     NaN
  3.346409374709498E-019
 --------test NaN-----------
   6.86600000098348                          NaN
   6.86600000098348                          NaN
   6.86600000098348       9.400352732610533E-007
   6.86600000098348       6.678747318220171E-008
   6.86600000098348                          NaN
 --------test NaN-----------
   7.06500000096858      Before Bessel:   9.86041285130759     
   41.9510806225401     
   7.06500000096858      After Bessel:                     NaN
  1.164894357626246E-019
 --------test NaN-----------
   7.06500000096858                          NaN
   7.06500000096858                          NaN
   7.06500000096858       8.293886743877097E-007
   7.06500000096858       5.364388091468185E-008
   7.06500000096858                          NaN
 --------test NaN-----------
   7.26400000095367      Before Bessel:   10.1381513024037     
   42.9972437026097     
   7.26400000095367      After Bessel:                     NaN
  4.042273801187266E-020
 --------test NaN-----------
   7.26400000095367                          NaN
   7.26400000095367                          NaN
   7.26400000095367       7.333840614882315E-007
   7.26400000095367       4.327437542897591E-008
   7.26400000095367                          NaN
 --------test NaN-----------
   7.46300000093877      Before Bessel:   10.4158897534999     
   44.0465798892072     
   7.46300000093877      After Bessel:                     NaN
  1.398615814179495E-020
 --------test NaN-----------
   7.46300000093877                          NaN
   7.46300000093877                          NaN
   7.46300000093877       6.498842027444384E-007
   7.46300000093877       3.505545289236036E-008
   7.46300000093877                          NaN
 --------test NaN-----------
   7.66200000092387      Before Bessel:   10.6936282045960     
   45.0988676924707     
   7.66200000092387      After Bessel:                     NaN
  4.826108251213351E-021
 --------test NaN-----------
   7.66200000092387                          NaN
   7.66200000092387                          NaN
   7.66200000092387       5.770906434890897E-007
   7.66200000092387       2.851193372350807E-008
   7.66200000092387                          NaN
 --------test NaN-----------
   7.86100000090897      Before Bessel:   10.9713666556922     
   46.1539052263359     
   7.86100000090897      After Bessel:                     NaN
  1.661137585168084E-021
 --------test NaN-----------
   7.86100000090897                          NaN
   7.86100000090897                          NaN
   7.86100000090897       5.134861251792747E-007
   7.86100000090897       2.327981320457451E-008
   7.86100000090897                          NaN
 --------test NaN-----------
   8.06000000089407      Before Bessel:   11.2491051067883     
   47.2115081461308     
   8.06000000089407      After Bessel:                     NaN
  5.704276715086329E-022
 --------test NaN-----------
   8.06000000089407                          NaN
   8.06000000089407                          NaN
   8.06000000089407       4.577873854683355E-007
   8.06000000089407       1.907886385032038E-008
   8.06000000089407                          NaN
 --------test NaN-----------
   8.25900000087917      Before Bessel:   11.5268435578845     
   48.2715078334489     
   8.25900000087917      After Bessel:                     NaN
  1.954572626228298E-022
 --------test NaN-----------
   8.25900000087917                          NaN
   8.25900000087917                          NaN
   8.25900000087917       4.089063733857072E-007
   8.25900000087917       1.569231720066044E-008
   8.25900000087917                          NaN
 --------test NaN-----------
   8.45800000086427      Before Bessel:   11.8045820089806     
   49.3337497955427     
   8.45800000086427      After Bessel:                     NaN
  6.683794560102250E-023
 --------test NaN-----------
   8.45800000086427                          NaN
   8.45800000086427                          NaN
   8.45800000086427       3.659183011339332E-007
   8.45800000086427       1.295171456420410E-008
   8.45800000086427                          NaN
 --------test NaN-----------
   8.65700000084937      Before Bessel:   12.0823204600768     
   50.3980922511524     
   8.65700000084937      After Bessel:                     NaN
  2.281249775172877E-023
 --------test NaN-----------
   8.65700000084937                          NaN
   8.65700000084937                          NaN
   8.65700000084937       3.280352627698850E-007
   8.65700000084937       1.072555282288576E-008
   8.65700000084937                          NaN
 --------test NaN-----------
   8.85600000083446      Before Bessel:   12.3600589111729     
   51.4644048786545     
   8.85600000083446      After Bessel:                     NaN
  7.772390508281267E-024
 --------test NaN-----------
   8.85600000083446                          NaN
   8.85600000083446                          NaN
   8.85600000083446       2.945843963769694E-007
   8.85600000083446       8.910731617816944E-009
   8.85600000083446                          NaN
 --------test NaN-----------
   9.05500000081956      Before Bessel:   12.6377973622690     
   52.5325677057998     
   9.05500000081956      After Bessel:                     NaN
  2.643733060788198E-024
 --------test NaN-----------
   9.05500000081956                          NaN
   9.05500000081956                          NaN
   9.05500000081956       2.649897631726794E-007
   9.05500000081956       7.426079230346931E-009
   9.05500000081956                          NaN
 --------test NaN-----------
   9.25400000080466      Before Bessel:   12.9155358133652     
   53.6024701231834     
   9.25400000080466      After Bessel:                     NaN
  8.978567408295878E-025
 --------test NaN-----------
   9.25400000080466                          NaN
   9.25400000080466                          NaN
   9.25400000080466       2.387572745426724E-007
   9.25400000080466       6.207428726098655E-009
   9.25400000080466                          NaN
 --------test NaN-----------
   9.45300000078976      Before Bessel:   13.1932742644613     
   54.6740100060445     
   9.45300000078976      After Bessel:                     NaN
  3.044841003871081E-025
 --------test NaN-----------
   9.45300000078976                          NaN
   9.45300000078976                          NaN
   9.45300000078976       2.154621243199530E-007
   9.45300000078976       5.203855947003720E-009
   9.45300000078976                          NaN
 --------test NaN-----------
   9.65200000077486      Before Bessel:   13.4710127155575     
   55.7470929310874     
   9.65200000077486      After Bessel:                     NaN
  1.031166401677185E-025
 --------test NaN-----------
   9.65200000077486                          NaN
   9.65200000077486                          NaN
   9.65200000077486       1.947382851166942E-007
   9.65200000077486       4.374792403678432E-009
   9.65200000077486                          NaN
 --------test NaN-----------
   9.85100000075996      Before Bessel:   13.7487511666536     
   56.8216314768019     
   9.85100000075996      After Bessel:                     NaN
  3.487666524234427E-026
 --------test NaN-----------
   9.85100000075996                          NaN
   9.85100000075996                          NaN
   9.85100000075996       1.762697092140306E-007
   9.85100000075996       3.687800036097486E-009
   9.85100000075996                          NaN
 --------test NaN-----------
   10.0500000007451      Before Bessel:   14.0264896177498     
   57.8975445972940     
   10.0500000007451      After Bessel:                     NaN
  1.178191949428493E-026
 --------test NaN-----------
   10.0500000007451                          NaN
   10.0500000007451                          NaN
   10.0500000007451       1.597829404175913E-007
   10.0500000007451       3.116848929156011E-009
   10.0500000007451                          NaN
 --------test NaN-----------
   10.2490000007302      Before Bessel:   14.3042280688459     
   58.9747570609473     
   10.2490000007302      After Bessel:                     NaN
  3.975597929693131E-027
 --------test NaN-----------
   10.2490000007302                          NaN
   10.2490000007302                          NaN
   10.2490000007302       1.450408965603338E-007
   10.2490000007302       2.640978889189933E-009
   10.2490000007302                          NaN
 --------test NaN-----------
   10.4480000007153      Before Bessel:   14.5819665199421     
   60.0531989463661     
   10.4480000007153      After Bessel:                     NaN
  1.340054195300950E-027
 --------test NaN-----------
   10.4480000007153                          NaN
   10.4480000007153                          NaN
   10.4480000007153       1.318376254924284E-007
   10.4480000007153       2.243255226462839E-009
   10.4480000007153                          NaN
 --------test NaN-----------
   10.6470000007004      Before Bessel:   14.8597049710382     
   61.1328051890133     
   10.6470000007004      After Bessel:                     NaN
  4.512341365464982E-028
 --------test NaN-----------
   10.6470000007004                          NaN
   10.6470000007004                          NaN
   10.6470000007004       1.199938724376606E-007
   10.6470000007004       1.909950954574545E-009
   10.6470000007004                          NaN
 --------test NaN-----------
   10.8460000006855      Before Bessel:   15.1374434221344     
   62.2135151727970     
   10.8460000006855      After Bessel:                     NaN
  1.517978213713462E-028
 --------test NaN-----------
   10.8460000006855                          NaN
   10.8460000006855                          NaN
   10.8460000006855       1.093533251068267E-007
   10.8460000006855       1.629903932403624E-009
   10.8460000006855                          NaN
 --------test NaN-----------
   11.0450000006706      Before Bessel:   15.4151818732305     
   63.2952723615736     
   11.0450000006706      After Bessel:                     NaN
  5.101945036095145E-029
 --------test NaN-----------
   11.0450000006706                          NaN
   11.0450000006706                          NaN
   11.0450000006706       9.977942620854301E-008
   11.0450000006706       1.394009700548352E-009
   11.0450000006706                          NaN
 --------test NaN-----------
   11.2440000006557      Before Bessel:   15.6929203243266     
   64.3780239661617     
   11.2440000006557      After Bessel:                     NaN
  1.713301314747759E-029
 --------test NaN-----------
   11.2440000006557                          NaN
   11.2440000006557                          NaN
   11.2440000006557       9.115266199943455E-008
   11.2440000006557       1.194819966033407E-009
   11.2440000006557                          NaN
 --------test NaN-----------
   11.4430000006407      Before Bessel:   15.9706587754228     
   65.4617206429952     
   11.4430000006407      After Bessel:                     NaN
  5.748825469316650E-030
 --------test NaN-----------
   11.4430000006407                          NaN
   11.4430000006407                          NaN
   11.4430000006407       8.336825107928328E-008
   11.4430000006407       1.026223643385565E-009
   11.4430000006407                          NaN
 --------test NaN-----------
   11.6420000006258      Before Bessel:   16.2483972265189     
   66.5463162210153     
   11.6420000006258      After Bessel:                     NaN
  1.927481701662059E-030
 --------test NaN-----------
   11.6420000006258                          NaN
   11.6420000006258                          NaN
   11.6420000006258       7.633417041233086E-008
   11.6420000006258       8.831926372949295E-010
   11.6420000006258                          NaN
 --------test NaN-----------
   11.8410000006109      Before Bessel:   16.5261356776151     
   67.6317674538019     
   11.8410000006109      After Bessel:                     NaN
  6.457796066162131E-031
 --------test NaN-----------
   11.8410000006109                          NaN
   11.8410000006109                          NaN
   11.8410000006109       6.996946606579210E-008
   11.8410000006109       7.615785722852604E-010
   11.8410000006109                          NaN
 --------test NaN-----------
   12.0400000005960      Before Bessel:   16.8038741287112     
   68.7180337943023     
   12.0400000005960      After Bessel:                     NaN
  2.162107888366699E-031
 --------test NaN-----------
   12.0400000005960                          NaN
   12.0400000005960                          NaN
   12.0400000005960       6.420280482121828E-008
   12.0400000005960       6.579497492586753E-010
   12.0400000005960                          NaN
 --------test NaN-----------
   12.2390000005811      Before Bessel:   17.0816125798074     
   69.8050771898188     
   12.2390000005811      After Bessel:                     NaN
  7.234098169566125E-032
 --------test NaN-----------
   12.2390000005811                          NaN
   12.2390000005811                          NaN
   12.2390000005811       5.897122997286889E-008
   12.2390000005811       5.694599687499859E-010
   12.2390000005811                          NaN
 --------test NaN-----------
   12.4380000005662      Before Bessel:   17.3593510309035     
   70.8928618951881     
   12.4380000005662      After Bessel:                     NaN
  2.418908949591456E-032
 --------test NaN-----------
   12.4380000005662                          NaN
   12.4380000005662                          NaN
   12.4380000005662       5.421909055401553E-008
   12.4380000005662       4.937426788635913E-010
   12.4380000005662                          NaN
 --------test NaN-----------
   12.6370000005513      Before Bessel:   17.6370894819997     
   71.9813543023179     
   12.6370000005513      After Bessel:                     NaN
  8.083434881279464E-033
 --------test NaN-----------
   12.6370000005513                          NaN
   12.6370000005513                          NaN
   12.6370000005513       4.989711814925497E-008
   12.6370000005513       4.288253115463922E-010
   12.6370000005513                          NaN
 --------test NaN-----------
   12.8360000005364      Before Bessel:   17.9148279330958     
   73.0705227844538     
   12.8360000005364      After Bessel:                     NaN
  2.699765676935681E-033
 --------test NaN-----------
   12.8360000005364                          NaN
   12.8360000005364                          NaN
   12.8360000005364       4.596162953886074E-008
   12.8360000005364       3.730597614029846E-010
   12.8360000005364                          NaN
 --------test NaN-----------
   13.0350000005215      Before Bessel:   18.1925663841920     
   74.1603375537281     
   13.0350000005215      After Bessel:                     NaN
  9.012007861739994E-034
 --------test NaN-----------
   13.0350000005215                          NaN
   13.0350000005215                          NaN
   13.0350000005215       4.237383682668155E-008
   13.0350000005215       3.250658101841283E-010
   13.0350000005215                          NaN
 --------test NaN-----------
   13.2340000005066      Before Bessel:   18.4703048352881     
   75.2507705307020     
   13.2340000005066      After Bessel:                     NaN
  3.006722716449748E-034
 --------test NaN-----------
   13.2340000005066                          NaN
   13.2340000005066                          NaN
   13.2340000005066       3.909924954572166E-008
   13.2340000005066       2.836849630855109E-010
   13.2340000005066                          NaN
 --------test NaN-----------
   13.4330000004917      Before Bessel:   18.7480432863843     
   76.3417952247510     
   13.4330000004917      After Bessel:                     NaN
  1.002655735792125E-034
 --------test NaN-----------
   13.4330000004917                          NaN
   13.4330000004917                          NaN
   13.4330000004917       3.610715561301700E-008
   13.4330000004917       2.479426824587562E-010
   13.4330000004917                          NaN
 --------test NaN-----------
   13.6320000004768      Before Bessel:   19.0257817374804     
   77.4333866242669     
   13.6320000004768      After Bessel:                     NaN
  3.342001767406572E-035
 --------test NaN-----------
   13.6320000004768                          NaN
   13.6320000004768                          NaN
   13.6320000004768       3.337016999773249E-008
   13.6320000004768       2.170174128102753E-010
   13.6320000004768                          NaN
 --------test NaN-----------
   13.8310000004619      Before Bessel:   19.3035201885765     
   78.5255210957594     
   13.8310000004619      After Bessel:                     NaN
  1.113440571892774E-035
 --------test NaN-----------
   13.8310000004619                          NaN
   13.8310000004619                          NaN
   13.8310000004619       3.086384163914835E-008
   13.8310000004619       1.902151128256803E-010
   13.8310000004619                          NaN
 --------test NaN-----------
   14.0300000004470      Before Bessel:   19.5812586396727     
   79.6181762910321     
   14.0300000004470      After Bessel:                     NaN
  3.708015927180949E-036
 --------test NaN-----------
   14.0300000004470                          NaN
   14.0300000004470                          NaN
   14.0300000004470       2.856631055826743E-008
   14.0300000004470       1.669482646528245E-010
   14.0300000004470                          NaN
 --------test NaN-----------
   14.2290000004321      Before Bessel:   19.8589970907688     
   80.7113310616987     
   14.2290000004321      After Bessel:                     NaN
  1.234350467745371E-036
 --------test NaN-----------
   14.2290000004321                          NaN
   14.2290000004321                          NaN
   14.2290000004321       2.645800829256509E-008
   14.2290000004321       1.467185324902636E-010
   14.2290000004321                          NaN
 --------test NaN-----------
   14.4280000004172      Before Bessel:   20.1367355418650     
   81.8049653803750     
   14.4280000004172      After Bessel:                     NaN
  4.107385273459468E-037
 --------test NaN-----------
   14.4280000004172                          NaN
   14.4280000004172                          NaN
   14.4280000004172       2.452139578452486E-008
   14.4280000004172       1.291024030194877E-010
   14.4280000004172                          NaN
 --------test NaN-----------
   14.6270000004023      Before Bessel:   20.4144739929611     
   82.8990602679520     
   14.6270000004023      After Bessel:                     NaN
  1.366248669667261E-037
 --------test NaN-----------
   14.6270000004023                          NaN
   14.6270000004023                          NaN
   14.6270000004023       2.274073370133826E-008
   14.6270000004023       1.137392682034427E-010
   14.6270000004023                          NaN
 --------test NaN-----------
   14.8260000003874      Before Bessel:   20.6922124440573     
   83.9935977264141     
   14.8260000003874      After Bessel:                     NaN
  4.542953782241590E-038
 --------test NaN-----------
   14.8260000003874                          NaN
   14.8260000003874                          NaN
   14.8260000003874       2.110188088056077E-008
   14.8260000003874       1.003215133112028E-010
   14.8260000003874                          NaN
 --------test NaN-----------
   15.0250000003725      Before Bessel:   20.9699508951534     
   85.0885606767194     
   15.0250000003725      After Bessel:                     NaN
  1.510072070637019E-038
 --------test NaN-----------
   15.0250000003725                          NaN
   15.0250000003725                          NaN
   15.0250000003725       1.959211720541492E-008
   15.0250000003725       8.858625507508049E-011
   15.0250000003725                          NaN
 --------test NaN-----------
   15.2240000003576      Before Bessel:   21.2476893462496     
   86.1839329013060     
   15.2240000003576      After Bessel:                     NaN
  5.017807688178090E-039
 --------test NaN-----------
   15.2240000003576                          NaN
   15.2240000003576                          NaN
   15.2240000003576       1.819998773110869E-008
   15.2240000003576       7.830844083516081E-011
   15.2240000003576                          NaN
 --------test NaN-----------
   15.4230000003427      Before Bessel:   21.5254277973457     
   87.2796989908296     
   15.4230000003427      After Bessel:                     NaN
  1.666837257903990E-039
 --------test NaN-----------
   15.4230000003427                          NaN
   15.4230000003427                          NaN
   15.4230000003427       1.691516532439528E-008
   15.4230000003427       6.929507266957300E-011
   15.4230000003427                          NaN
 --------test NaN-----------
   15.6220000003278      Before Bessel:   21.8031662484419     
   88.3758442947777     
   15.6220000003278      After Bessel:                     NaN
  5.535295402721245E-040
 --------test NaN-----------
   15.6220000003278                          NaN
   15.6220000003278                          NaN
   15.6220000003278       1.572832945465964E-008
   15.6220000003278       6.138036343903407E-011
   15.6220000003278                          NaN
 --------test NaN-----------
   15.8210000003129      Before Bessel:   22.0809046995380     
   89.4723548756359     
   15.8210000003129      After Bessel:                     NaN
  1.837647072618246E-040
 --------test NaN-----------
   15.8210000003129                          NaN
   15.8210000003129                          NaN
   15.8210000003129       1.463105909611095E-008
   15.8210000003129       5.442166643776230E-011
   15.8210000003129                          NaN
 --------test NaN-----------
   16.0200000002980      Before Bessel:   22.3586431506341     
   90.5692174663147     
   16.0200000002980      After Bessel:                     NaN
  6.099049115307790E-041
 --------test NaN-----------
   16.0200000002980                          NaN
   16.0200000002980                          NaN
   16.0200000002980       1.361573797561517E-008
   16.0200000002980       4.829604855992283E-011
   16.0200000002980                          NaN
 --------test NaN-----------
   16.2190000002831      Before Bessel:   22.6363816017303     
   91.6664194305715     
   16.2190000002831      After Bessel:                     NaN
  2.023697722722019E-041
 --------test NaN-----------
   16.2190000002831                          NaN
   16.2190000002831                          NaN
   16.2190000002831       1.267547063635637E-008
   16.2190000002831       4.289739984698605E-011
   16.2190000002831                          NaN
 --------test NaN-----------
   16.4180000002682      Before Bessel:   22.9141200528264     
   92.7639487261849     
   16.4180000002682      After Bessel:                     NaN
  6.713008213403809E-042
 --------test NaN-----------
   16.4180000002682                          NaN
   16.4180000002682                          NaN
   16.4180000002682       1.180400798980044E-008
   16.4180000002682       3.813399099987500E-011
   16.4180000002682                          NaN
 --------test NaN-----------
   16.6170000002533      Before Bessel:   23.1918585039226     
   93.8617938706640     
   16.6170000002533      After Bessel:                     NaN
  2.226286493838735E-042
 --------test NaN-----------
   16.6170000002533                          NaN
   16.6170000002533                          NaN
   16.6170000002533       1.099568120234307E-008
   16.6170000002533       3.392640573659831E-011
   16.6170000002533                          NaN
 --------test NaN-----------
   16.8160000002384      Before Bessel:   23.4695969550187     
   94.9599439092912     
   16.8160000002384      After Bessel:                     NaN
  7.381444668748111E-043
 --------test NaN-----------
   16.8160000002384                          NaN
   16.8160000002384                          NaN
   16.8160000002384       1.024534291274775E-008
   16.8160000002384       3.020578740376136E-011
   16.8160000002384                          NaN
 --------test NaN-----------
   17.0150000002235      Before Bessel:   23.7473354061149     
   96.0583883853169     
   17.0150000002235      After Bessel:                     NaN
  2.446820106680531E-043
 --------test NaN-----------
   17.0150000002235                          NaN
   17.0150000002235                          NaN
   17.0150000002235       9.548314905580950E-009
   17.0150000002235       2.691234953196709E-011
   17.0150000002235                          NaN
 --------test NaN-----------
   17.2140000002086      Before Bessel:   24.0250738572110     
   97.1571173121405     
   17.2140000002086      After Bessel:                     NaN
  8.108990549573887E-044
 --------test NaN-----------
   17.2140000002086                          NaN
   17.2140000002086                          NaN
   17.2140000002086       8.900341477320966E-009
   17.2140000002086       2.399410848087462E-011
   17.2140000002086                          NaN
 --------test NaN-----------
   17.4130000001937      Before Bessel:   24.3028123083072     
   98.2561211473240     
   17.4130000001937      After Bessel:                     NaN
  2.686823773589961E-044
 --------test NaN-----------
   17.4130000001937                          NaN
   17.4130000001937                          NaN
   17.4130000001937       8.297547828205194E-009
   17.4130000001937       2.140580328797544E-011
   17.4130000001937                          NaN
 --------test NaN-----------
   17.6120000001788      Before Bessel:   24.5805507594033     
   99.3553907683029     
   17.6120000001788      After Bessel:                     NaN
  8.900667832071634E-045
 --------test NaN-----------
   17.6120000001788                          NaN
   17.6120000001788                          NaN
   17.6120000001788       7.736402896339160E-009
   17.6120000001788       1.910797358907025E-011
   17.6120000001788                          NaN
 --------test NaN-----------
   17.8110000001639      Before Bessel:   24.8582892104995     
   100.454917449663     
   17.8110000001639      After Bessel:   5025994692.38375     
  2.947951011265113E-045
 --------test NaN-----------
   17.8110000001639       8.703920083594351E-031
   17.8110000001639                          NaN
   17.8110000001639       7.213686122953704E-009
   17.8110000001639       1.706617123889529E-011
   17.8110000001639                          NaN
 --------test NaN-----------
   18.0100000001490      Before Bessel:   25.1360276615956     
   101.554692841873     
   18.0100000001490      After Bessel:   6597880359.89807     
  9.761920698910878E-046
 --------test NaN-----------
   18.0100000001490       3.824702248634174E-031
   18.0100000001490                          NaN
   18.0100000001490       6.726457700524268E-009
   18.0100000001490       1.525028520640811E-011
   18.0100000001490                          NaN
 --------test NaN-----------
   18.2090000001341      Before Bessel:   25.4137661126917     
   102.654708951356     
   18.2090000001341      After Bessel:   8661915078.21500     
  3.231994271500843E-046
 --------test NaN-----------
   18.2090000001341       1.680270459226949E-031
   18.2090000001341                          NaN
   18.2090000001341       6.272031910084201E-009
   18.2090000001341       1.363396259636629E-011
   18.2090000001341                          NaN
 --------test NaN-----------
   18.4080000001192      Before Bessel:   25.6915045637879     
   103.754958121817     
   18.4080000001192      After Bessel:   11372341348.2153     
  1.069865052839109E-046
 --------test NaN-----------
   18.4080000001192       7.380108818669097E-032
   18.4080000001192                          NaN
   18.4080000001192       5.847953201609418E-009
   18.4080000001192       1.219411137541076E-011
   18.4080000001192                          NaN
 --------test NaN-----------
   18.6070000001043      Before Bessel:   25.9692430148840     
   104.855433016722     
   18.6070000001043      After Bessel:   14931785977.4489     
  3.540896456961789E-047
 --------test NaN-----------
   18.6070000001043       3.240793857653038E-032
   18.6070000001043                          NaN
   18.6070000001043       5.451974712790271E-009
   18.6070000001043       1.091047265348147E-011
   18.6070000001043                          NaN
 --------test NaN-----------
   18.8060000000894      Before Bessel:   26.2469814659802     
   105.956126602856     
   18.8060000000894      After Bessel:   19606450318.3686     
  1.171725379481326E-047
 --------test NaN-----------
   18.8060000000894       1.422813730272741E-032
   18.8060000000894                          NaN
   18.8060000000894       5.082038957669953E-009
   18.8060000000894       9.765252268971371E-012
   18.8060000000894                          NaN
 --------test NaN-----------
   19.0050000000745      Before Bessel:   26.5247199170763     
   107.057032134880     
   19.0050000000745      After Bessel:   25746073106.7405     
  3.876763394596827E-048
 --------test NaN-----------
   19.0050000000745       6.245331545430711E-033
   19.0050000000745                          NaN
   19.0050000000745       4.736260448225916E-009
   19.0050000000745       8.742803013204848E-012
   19.0050000000745                          NaN
 --------test NaN-----------
   19.2040000000596      Before Bessel:   26.8024583681725     
   108.158143140815     
   19.2040000000596      After Bessel:   33810166449.5510     
  1.282466311907436E-048
 --------test NaN-----------
   19.2040000000596       2.740794407325500E-033
   19.2040000000596                          NaN
   19.2040000000596       4.412910039612099E-009
   19.2040000000596       7.829350159635893E-012
   19.2040000000596                          NaN
 --------test NaN-----------
   19.4030000000447      Before Bessel:   27.0801968192686     
   109.259453408395     
   19.4030000000447      After Bessel:   44402497604.7410     
  4.241877345359000E-049
 --------test NaN-----------
   19.4030000000447       1.202578738574920E-033
   19.4030000000447                          NaN
   19.4030000000447       4.110400813989977E-009
   19.4030000000447       7.012754079193744E-012
   19.4030000000447                          NaN
 --------test NaN-----------
   19.6020000000298      Before Bessel:   27.3579352703648     
   110.360956972225     
   19.6020000000298      After Bessel:   58316409904.5146     
  1.402839172838064E-049
 --------test NaN-----------
   19.6020000000298       5.275567374324005E-034
   19.6020000000298                          NaN
   19.6020000000298       3.827275339104196E-009
   19.6020000000298       6.282304661356209E-012
   19.6020000000298                          NaN
 --------test NaN-----------
   19.8010000000149      Before Bessel:   27.6356737214609     
   111.462648101691     
   19.8010000000149      After Bessel:   76594392311.0266     
  4.638711635440344E-050
 --------test NaN-----------
   19.8010000000149       2.313906516754943E-034
   19.8010000000149                          NaN
   19.8010000000149       3.562194156395478E-009
   19.8010000000149       5.628543050422426E-012
   19.8010000000149                          NaN
