  0.100000001490116       1.366234016865879E-008
  0.100000001490116       1.366234016865879E-008
  0.299000001475215       1.133601908161994E-007
  0.299000001475215       1.133601908161994E-007
  0.498000001460314       3.777537900899581E-007
  0.498000001460314       3.777537900899581E-007
  0.697000001445413       8.564718270231789E-007
  0.697000001445413       8.564718270231789E-007
  0.896000001430512       1.576628608041427E-006
  0.896000001430512       1.576628608041427E-006
   1.09500000141561       2.561267915286772E-006
   1.09500000141561       2.561267915286772E-006
   1.29400000140071       3.832765737615141E-006
   1.29400000140071       3.832765737615141E-006
   1.49300000138581       5.401208789682735E-006
   1.49300000138581       5.401208789682735E-006
   1.69200000137091       7.245055694565015E-006
   1.69200000137091       7.245055694565015E-006
   1.89100000135601       9.293801135361601E-006
   1.89100000135601       9.293801135361601E-006
   2.09000000134110       1.142142234374378E-005
   2.09000000134110       1.142142234374378E-005
   2.28900000132620       1.345634981672891E-005
   2.28900000132620       1.345634981672891E-005
   2.48800000131130       1.520958412399918E-005
   2.48800000131130       1.520958412399918E-005
   2.68700000129640       1.651781661933898E-005
   2.68700000129640       1.651781661933898E-005
   2.88600000128150       1.177297587948176E-005
   2.88600000128150       1.177297587948176E-005
   3.08500000126660       8.249624541580802E-006
   3.08500000126660       8.249624541580802E-006
   3.28400000125170       5.842205308309546E-006
   3.28400000125170       5.842205308309546E-006
   3.48300000123680       4.178624204367447E-006
   3.48300000123680       4.178624204367447E-006
   3.68200000122190       3.016961258250075E-006
   3.68200000122190       3.016961258250075E-006
   3.88100000120699       2.197767925979663E-006
   3.88100000120699       2.197767925979663E-006
   4.08000000119209       1.614676166500081E-006
   4.08000000119209       1.614676166500081E-006
   4.27900000117719       1.195944293667829E-006
   4.27900000117719       1.195944293667829E-006
   4.47800000116229       8.926890148225248E-007
   4.47800000116229       8.926890148225248E-007
   4.67700000114739       6.712811862391237E-007
   4.67700000114739       6.712811862391237E-007
   4.87600000113249       5.083741455418657E-007
   4.87600000113249       5.083741455418657E-007
   5.07500000111759       3.876183415693687E-007
   5.07500000111759       3.876183415693687E-007
   5.27400000110269       2.974686664767433E-007
   5.27400000110269       2.974686664767433E-007
   5.47300000108778       2.297073354315387E-007
   5.47300000108778       2.297073354315387E-007
   5.67200000107288       1.784399396908647E-007
   5.67200000107288       1.784399396908647E-007
   5.87100000105798       1.394072908475973E-007
   5.87100000105798       1.394072908475973E-007
   6.07000000104308       1.095098729866478E-007
   6.07000000104308       1.095098729866478E-007
   6.26900000102818       8.647663673668306E-008
   6.26900000102818       8.647663673668306E-008
   6.46800000101328       6.863257901131050E-008
   6.46800000101328       6.863257901131050E-008
   6.66700000099838       5.473445521701760E-008
   6.66700000099838       5.473445521701760E-008
   6.86600000098348       4.385383415901596E-008
   6.86600000098348       4.385383415901596E-008
   7.06500000096858       3.529328734057022E-008
   7.06500000096858       3.529328734057022E-008
   7.26400000095367       2.852593040773400E-008
   7.26400000095367       2.852593040773400E-008
   7.46300000093877       2.315153358676113E-008
   7.46300000093877       2.315153358676113E-008
   7.66200000092387       1.886446502471129E-008
   7.66200000092387       1.886446502471129E-008
   7.86100000090897       1.543013808131978E-008
   7.86100000090897       1.543013808131978E-008
   8.06000000089407       1.266760750796424E-008
   8.06000000089407       1.266760750796424E-008
   8.25900000087917       1.043663795930718E-008
   8.25900000087917       1.043663795930718E-008
   8.45800000086427       8.628044045474364E-009
   8.45800000086427       8.628044045474364E-009
   8.65700000084937       7.156436813239224E-009
   8.65700000084937       7.156436813239224E-009
   8.85600000083446       5.954749822562495E-009
   8.85600000083446       5.954749822562495E-009
   9.05500000081956       4.970088116176650E-009
   9.05500000081956       4.970088116176650E-009
   9.25400000080466       4.160565546606697E-009
   9.25400000080466       4.160565546606697E-009
   9.45300000078976       3.492884134802544E-009
   9.45300000078976       3.492884134802544E-009
   9.65200000077486       2.940473167896555E-009
   9.65200000077486       2.940473167896555E-009
   9.85100000075996       2.482052469052482E-009
   9.85100000075996       2.482052469052482E-009
   10.0500000007451       2.100518540775882E-009
   10.0500000007451       2.100518540775882E-009
   10.2490000007302       1.782077539047176E-009
   10.2490000007302       1.782077539047176E-009
   10.4480000007153       1.515567738354946E-009
   10.4480000007153       1.515567738354946E-009
   10.6470000007004       1.291928061843939E-009
   10.6470000007004       1.291928061843939E-009
   10.8460000006855       1.103779649107166E-009
   10.8460000006855       1.103779649107166E-009
   11.0450000006706       9.450952391069889E-010
   11.0450000006706       9.450952391069889E-010
   11.2440000006557       8.109370290835783E-010
   11.2440000006557       8.109370290835783E-010
   11.4430000006407       6.972481235933587E-010
   11.4430000006407       6.972481235933587E-010
   11.6420000006258       6.006860722365364E-010
   11.6420000006258       6.006860722365364E-010
   11.8410000006109       5.184895768315218E-010
   11.8410000006109       5.184895768315218E-010
   12.0400000005960       4.483714264588112E-010
   12.0400000005960       4.483714264588112E-010
   12.2390000005811       3.884322390971052E-010
   12.2390000005811       3.884322390971052E-010
   12.4380000005662       3.370907615186059E-010
   12.4380000005662       3.370907615186059E-010
   12.6370000005513       2.930273872577814E-010
   12.6370000005513       2.930273872577814E-010
   12.8360000005364       2.551382580162666E-010
   12.8360000005364       2.551382580162666E-010
   13.0350000005215       2.224978638518980E-010
   13.0350000005215       2.224978638518980E-010
   13.2340000005066       1.943284876229971E-010
   13.2340000005066       1.943284876229971E-010
   13.4330000004917       1.699751766143066E-010
   13.4330000004917       1.699751766143066E-010
   13.6320000004768       1.488851898464154E-010
   13.6320000004768       1.488851898464154E-010
   13.8310000004619       1.305910792106475E-010
   13.8310000004619       1.305910792106475E-010
   14.0300000004470       1.146967285469790E-010
   14.0300000004470       1.146967285469790E-010
   14.2290000004321       1.008658065677776E-010
   14.2290000004321       1.008658065677776E-010
   14.4280000004172       8.881219446307762E-011
   14.4280000004172       8.881219446307762E-011
   14.6270000004023       7.829203280521513E-011
   14.6270000004023       7.829203280521513E-011
   14.8260000003874       6.909709944504984E-011
   14.8260000003874       6.909709944504984E-011
   15.0250000003725       6.104928393163092E-011
   15.0250000003725       6.104928393163092E-011
   15.2240000003576       5.399596731436734E-011
   15.2240000003576       5.399596731436734E-011
   15.4230000003427       4.780615114162228E-011
   15.4230000003427       4.780615114162228E-011
   15.6220000003278       4.236720773918900E-011
   15.6220000003278       4.236720773918900E-011
   15.8210000003129       3.758214676970746E-011
   15.8210000003129       3.758214676970746E-011
   16.0200000002980       3.336731169662362E-011
   16.0200000002980       3.336731169662362E-011
   16.2190000002831       2.965043494336349E-011
   16.2190000002831       2.965043494336349E-011
   16.4180000002682       2.636899291896069E-011
   16.4180000002682       2.636899291896069E-011
   16.6170000002533       2.346881220953777E-011
   16.6170000002533       2.346881220953777E-011
   16.8160000002384       2.090288653841548E-011
   16.8160000002384       2.090288653841548E-011
   17.0150000002235       1.863037091930415E-011
   17.0150000002235       1.863037091930415E-011
   17.2140000002086       1.661572504296820E-011
   17.2140000002086       1.661572504296820E-011
   17.4130000001937       1.482798257040299E-011
   17.4130000001937       1.482798257040299E-011
   17.6120000001788       1.324012683463490E-011
   17.6120000001788       1.324012683463490E-011
   17.8110000001639       1.182855662427694E-011
   17.8110000001639       1.182855662427694E-011
   18.0100000001490       1.057262835301008E-011
   18.0100000001490       1.057262835301008E-011
   18.2090000001341       9.454263106234972E-012
   18.2090000001341       9.454263106234972E-012
   18.4080000001192       8.457608877473434E-012
   18.4080000001192       8.457608877473434E-012
   18.6070000001043       7.568749826573129E-012
   18.6070000001043       7.568749826573129E-012
   18.8060000000894       6.775455661627693E-012
   18.8060000000894       6.775455661627693E-012
   19.0050000000745       6.066965309603244E-012
   19.0050000000745       6.066965309603244E-012
   19.2040000000596       5.433799932130036E-012
   19.2040000000596       5.433799932130036E-012
   19.4030000000447       4.867601091715835E-012
   19.4030000000447       4.867601091715835E-012
   19.6020000000298       4.360990503617652E-012
   19.6020000000298       4.360990503617652E-012
   19.8010000000149       3.907448339470259E-012
   19.8010000000149       3.907448339470259E-012
