 --------test NaN-----------
  0.100000001490116      Before Bessel:  0.139567062942497     
   14.3025563287105     
  0.100000001490116      MBSL3:   1.00487567016780       2.088540646813458E-007
 --------test NaN-----------
  0.100000001490116       2.113191946753248E-003
  0.100000001490116       4.645609967535793E-007
 --------test NaN-----------
  0.199000001475215      Before Bessel:  0.277738453175857     
   14.3347714035190     
  0.199000001475215      MBSL3:   1.01937782542508       2.019945260493730E-007
 --------test NaN-----------
  0.199000001475215       2.076475915719753E-003
  0.199000001475215       1.707794258796915E-006
 --------test NaN-----------
  0.298000001460314      Before Bessel:  0.415909843409217     
   14.3881599469391     
  0.298000001460314      MBSL3:   1.04371501884303       1.911201800245864E-007
 --------test NaN-----------
  0.298000001460314       2.016727100657406E-003
  0.298000001460314       4.052012631801406E-006
 --------test NaN-----------
  0.397000001445413      Before Bessel:  0.554081233642577     
   14.4624874741038     
  0.397000001445413      MBSL3:   1.07823678993570       1.769510615593757E-007
 --------test NaN-----------
  0.397000001445413       1.935815458385818E-003
  0.397000001445413       7.869134513041212E-006
 --------test NaN-----------
  0.496000001430511      Before Bessel:  0.692252623875938     
   14.5574332569606     
  0.496000001430511      MBSL3:   1.12343972467637       1.603721834561217E-007
 --------test NaN-----------
  0.496000001430511       1.836266599922946E-003
  0.496000001430511       1.343880360746259E-005
 --------test NaN-----------
  0.595000001415610      Before Bessel:  0.830424014109298     
   14.6725970412693     
  0.595000001415610      MBSL3:   1.17997537953458       1.423379375334739E-007
 --------test NaN-----------
  0.595000001415610       1.721161740120141E-003
  0.595000001415610       2.089724426900471E-005
 --------test NaN-----------
  0.694000001400709      Before Bessel:  0.968595404342658     
   14.8075071045878     
  0.694000001400709      MBSL3:   1.24866068944241       1.237792013662854E-007
 --------test NaN-----------
  0.694000001400709       1.594001413738106E-003
  0.694000001400709       3.022597816354556E-005
 --------test NaN-----------
  0.793000001385808      Before Bessel:   1.10676679457602     
   14.9616292956923     
  0.793000001385808      MBSL3:   1.33049103429350       1.055257624893167E-007
 --------test NaN-----------
  0.793000001385808       1.458537436199253E-003
  0.793000001385808       4.126577166147765E-005
 --------test NaN-----------
  0.892000001370907      Before Bessel:   1.24493818480938     
   15.1343766810320     
  0.892000001370907      MBSL3:   1.42665618320593       8.825225259023617E-008
 --------test NaN-----------
  0.892000001370907       1.318584341977502E-003
  0.892000001370907       5.374555011041322E-005
 --------test NaN-----------
  0.991000001356006      Before Bessel:   1.38310957504274     
   15.3251194343589     
  0.991000001356006      MBSL3:   1.53855938414493       7.245056633632596E-008
 --------test NaN-----------
  0.991000001356006       1.177826788890487E-003
  0.991000001356006       6.731787677752499E-005
 --------test NaN-----------
   1.09000000134110      Before Bessel:   1.52128096527610     
   15.5331946374115     
   1.09000000134110      MBSL3:   1.66783991946293       5.842699852345171E-008
 --------test NaN-----------
   1.09000000134110       1.039641557639488E-003
   1.09000000134110       8.159445532850663E-005
 --------test NaN-----------
   1.18900000132620      Before Bessel:   1.65945235550946     
   15.7579157067933     
   1.18900000132620      MBSL3:   1.81639950641828       4.631895715102858E-008
 --------test NaN-----------
   1.18900000132620       9.069512371043089E-004
   1.18900000132620       9.617718248458800E-005
 --------test NaN-----------
   1.28800000131130      Before Bessel:   1.79762374574282     
   15.9985812187659     
   1.28800000131130      MBSL3:   1.98643298683126       3.612445531691470E-008
 --------test NaN-----------
   1.28800000131130       7.821219996433198E-004
   1.28800000131130       1.106823242629551E-004
 --------test NaN-----------
   1.38700000129640      Before Bessel:   1.93579513597618     
   16.2544829636885     
   1.38700000129640      MBSL3:   2.18046382289357       2.773752379506759E-008
 --------test NaN-----------
   1.38700000129640       6.669113407336768E-004
   1.38700000129640       1.247571506879227E-004
 --------test NaN-----------
   1.48600000128150      Before Bessel:   2.07396652620954     
   16.5249131202733     
   1.48600000128150      MBSL3:   2.40138499806317       2.098377684407100E-008
 --------test NaN-----------
   1.48600000128150       5.624648516768882E-004
   1.48600000128150       1.380896626114351E-004
 --------test NaN-----------
   1.58500000126660      Before Bessel:   2.21213791644290     
   16.8091704929383     
   1.58500000126660      MBSL3:   2.65250601439246       1.565205339911320E-008
 --------test NaN-----------
   1.58500000126660       4.693553706417219E-004
   1.58500000126660       1.504128193040880E-004
 --------test NaN-----------
   1.68400000125170      Before Bessel:   2.35030930667626     
   17.1065658009171     
   1.68400000125170      MBSL3:   2.93760678215469       1.151984666491145E-008
 --------test NaN-----------
   1.68400000125170       3.876540653691440E-004
   1.68400000125170       1.615049675037698E-004
 --------test NaN-----------
   1.78300000123680      Before Bessel:   2.48848069690962     
   17.4164260442231     
   1.78300000123680      MBSL3:   3.26099931602339       8.371778959235328E-009
 --------test NaN-----------
   1.78300000123680       3.170214006069584E-004
   1.78300000123680       1.711880894525492E-004
 --------test NaN-----------
   1.88200000122190      Before Bessel:   2.62665208714298     
   17.7380979989126     
   1.88200000122190      MBSL3:   3.62759828628070       6.011499378666464E-009
 --------test NaN-----------
   1.88200000122190       2.568063012733946E-004
   1.88200000122190       1.793251654787594E-004
 --------test NaN-----------
   1.98100000120699      Before Bessel:   2.76482347737634     
   18.0709509129019     
   1.98100000120699      MBSL3:   4.04300162573917       4.268048458100833E-009
 --------test NaN-----------
   1.98100000120699       2.061436006488760E-004
   1.98100000120699       1.858175184415755E-004
 --------test NaN-----------
   2.08000000119209      Before Bessel:   2.90299486760970     
   18.4143784849324     
   2.08000000119209      MBSL3:   4.51358256562959       2.998010429188938E-009
 --------test NaN-----------
   2.08000000119209       1.640424211482058E-004
   2.08000000119209       1.906025801465934E-004
 --------test NaN-----------
   2.17900000117719      Before Bessel:   3.04116625784306     
   18.7678002144237     
   2.17900000117719      MBSL3:   5.04659466923045       2.084767888069148E-009
 --------test NaN-----------
   2.17900000117719       1.294608889242835E-004
   2.17900000117719       1.936521657838744E-004
 --------test NaN-----------
   2.27800000116229      Before Bessel:   3.17933764807642     
   19.1306622102595     
   2.27800000116229      MBSL3:   5.65029165333133       1.435998443044221E-009
 --------test NaN-----------
   2.27800000116229       1.013650963247088E-004
   2.27800000116229       1.949710980291688E-004
 --------test NaN-----------
   2.37700000114739      Before Bessel:   3.31750903830978     
   19.5024375432901     
   2.37700000114739      MBSL3:   6.33406403782518       9.803025622968273E-010
 --------test NaN-----------
   2.37700000114739       7.877223884006189E-005
   2.37700000114739       1.945958943596569E-004
 --------test NaN-----------
   2.47600000113249      Before Bessel:   3.45568042854314     
   19.8826262216327     
   2.47600000113249      MBSL3:   7.10859494617193       6.635929992009739E-010
 --------test NaN-----------
   2.47600000113249       6.077926698215596E-005
   2.47600000113249       1.925932050441959E-004
 --------test NaN-----------
   2.57500000111759      Before Bessel:   3.59385181877650     
   20.2707548606541     
   2.57500000111759      MBSL3:   7.98603769781185       4.456481271334749E-010
 --------test NaN-----------
   2.57500000111759       4.657922955017617E-005
   2.57500000111759       1.890577390830505E-004
 --------test NaN-----------
   2.67400000110269      Before Bessel:   3.73202320900986     
   20.6663761115648     
   2.67400000110269      MBSL3:   8.98021819176754       2.970516862776425E-010
 --------test NaN-----------
   2.67400000110269       3.546783666468119E-005
   2.67400000110269       1.841095111725346E-004
 --------test NaN-----------
   2.77300000108778      Before Bessel:   3.87019459924322     
   21.0690679044168     
   2.77300000108778      MBSL3:   10.1068611850063       1.966123887498067E-010
 --------test NaN-----------
   2.77300000108778       2.684275222465485E-005
   2.77300000108778       1.778903566144078E-004
 --------test NaN-----------
   2.87200000107288      Before Bessel:   4.00836598947659     
   21.4784325533673     
   2.87200000107288      MBSL3:   11.3838758605998       1.292726476295628E-010
 --------test NaN-----------
   2.87200000107288       2.019797854778698E-005
   2.87200000107288       1.705597705382238E-004
 --------test NaN-----------
   2.97100000105798      Before Bessel:   4.14653737970995     
   21.8940957646238     
   2.97100000105798      MBSL3:   12.8316197818736       8.446688906889680E-011
 --------test NaN-----------
   2.97100000105798       1.511500760815950E-005
   2.97100000105798       1.622902174283450E-004
 --------test NaN-----------
   3.07000000104308      Before Bessel:   4.28470876994331     
   22.3157055806854     
   3.07000000104308      MBSL3:   14.4732668834562       5.486651146064970E-011
 --------test NaN-----------
   3.07000000104308       1.125260924180851E-005
   3.07000000104308       1.532621183188143E-004
 --------test NaN-----------
   3.16900000102818      Before Bessel:   4.42288016017667     
   22.7429312884136     
   3.16900000102818      MBSL3:   16.3351911242756       3.544184593231373E-011
 --------test NaN-----------
   3.16900000102818       8.336059813682303E-006
   3.16900000102818       1.436587537269105E-004
 --------test NaN-----------
   3.26800000101328      Before Bessel:   4.56105155041003     
   23.1754623131345     
   3.26800000101328      MBSL3:   18.4474113394635       2.277463241373724E-011
 --------test NaN-----------
   3.26800000101328       6.146715297273575E-006
   3.26800000101328       1.336613225635497E-004
 --------test NaN-----------
   3.36700000099838      Before Bessel:   4.69922294064339     
   23.6130071163730     
   3.36700000099838      MBSL3:   20.8440986624962       1.456269307930078E-011
 --------test NaN-----------
   3.36700000099838       4.512382481010575E-006
   3.36700000099838       1.234443759489336E-004
 --------test NaN-----------
   3.46600000098348      Before Bessel:   4.83739433087675     
   24.0552921108972     
   3.46600000098348      MBSL3:   23.5641552541323       9.268476026256541E-012
 --------test NaN-----------
   3.46600000098348       3.298748284830070E-006
   3.46600000098348       1.131718066180566E-004
 --------test NaN-----------
   3.56500000096858      Before Bessel:   4.97556572111011     
   24.5020606034606     
   3.56500000096858      MBSL3:   26.6518743575711       5.873062618154740E-012
 --------test NaN-----------
   3.56500000096858       2.401967913637064E-006
   3.56500000096858       1.029935262649300E-004
 --------test NaN-----------
   3.66400000095367      Before Bessel:   5.11373711134347     
   24.9530717728913     
   3.66400000095367      MBSL3:   30.1576931417201       3.706096689721685E-012
 --------test NaN-----------
   3.66400000095367       1.742404057582108E-006
   3.66400000095367       9.304291103809274E-005
 --------test NaN-----------
   3.76300000093877      Before Bessel:   5.25190850157683     
   25.4080996889343     
   3.76300000093877      MBSL3:   34.1390514306837       2.329507311724015E-012
 --------test NaN-----------
   3.76300000093877       1.259441415404572E-006
   3.76300000093877       8.343504467862380E-005
 --------test NaN-----------
   3.86200000092387      Before Bessel:   5.39007989181019     
   25.8669323754273     
   3.86200000092387      MBSL3:   38.6613712809690       1.458813339223861E-012
 --------test NaN-----------
   3.86200000092387       9.072634537412203E-007
   3.86200000092387       7.426574337672401E-005
 --------test NaN-----------
   3.96100000090897      Before Bessel:   5.52825128204355     
   26.3293709199325     
   3.96100000090897      MBSL3:   43.7991744937966       9.103552365209454E-013
 --------test NaN-----------
   3.96100000090897       6.514626954378239E-007
   3.96100000090897       6.561130884868802E-005
 --------test NaN-----------
   4.06000000089407      Before Bessel:   5.66642267227691     
   26.7952286307878     
   4.06000000089407      MBSL3:   49.6373575772775       5.662122865840023E-013
 --------test NaN-----------
   4.06000000089407       4.663547297301674E-007
   4.06000000089407       5.752892769668283E-005
 --------test NaN-----------
   4.15900000087917      Before Bessel:   5.80459406251027     
   27.2643302416425     
   4.15900000087917      MBSL3:   56.2726464458490       3.510601070095790E-013
 --------test NaN-----------
   4.15900000087917       3.328739827756818E-007
   4.15900000087917       5.005761606774339E-005
 --------test NaN-----------
   4.25800000086427      Before Bessel:   5.94276545274363     
   27.7365111628489     
   4.25800000086427      MBSL3:   63.8152563119707       2.170147506330307E-013
 --------test NaN-----------
   4.25800000086427       2.369419997855225E-007
   4.25800000086427       4.321959844336923E-005
 --------test NaN-----------
   4.35700000084937      Before Bessel:   6.08093684297699     
   28.2116167785664     
   4.35700000084937      MBSL3:   72.3907858442846       1.337734505010822E-013
 --------test NaN-----------
   4.35700000084937       1.682137413929498E-007
   4.35700000084937       3.702200699115546E-005
 --------test NaN-----------
   4.45600000083447      Before Bessel:   6.21910823321035     
   28.6895017880564     
   4.45600000083447      MBSL3:   82.1423788018833       8.224067477485430E-014
 --------test NaN-----------
   4.45600000083447       1.191223418357796E-007
   4.45600000083447       3.145879190111784E-005
 --------test NaN-----------
   4.55500000081956      Before Bessel:   6.35727962344371     
   29.1700295893823     
   4.55500000081956      MBSL3:   93.2331910798896       5.043113482110995E-014
 --------test NaN-----------
   4.55500000081956       8.415680459657440E-008
   4.55500000081956       2.651274198878991E-005
 --------test NaN-----------
   4.65400000080466      Before Bessel:   6.49545101367707     
   29.6530717035577     
   4.65400000080466      MBSL3:   105.849206501659       3.085047253085174E-014
 --------test NaN-----------
   4.65400000080466       5.931963432642868E-008
   4.65400000080466       2.215752706941853E-005
 --------test NaN-----------
   4.75300000078976      Before Bessel:   6.63362240391043     
   30.1385072370809     
   4.75300000078976      MBSL3:   120.202450864113       1.882904076929695E-014
 --------test NaN-----------
   4.75300000078976       4.172218692321260E-008
   4.75300000078976       1.835968780845357E-005
 --------test NaN-----------
   4.85200000077486      Before Bessel:   6.77179379414379     
   30.6262223807503     
   4.85200000077486      MBSL3:   136.534660795392       1.146692616936358E-014
 --------test NaN-----------
   4.85200000077486       2.928455128606025E-008
   4.85200000077486       1.508051373425404E-005
 --------test NaN-----------
   4.95100000075996      Before Bessel:   6.90996518437715     
   31.1161099426505     
   4.95100000075996      MBSL3:   155.121472044400       6.968904292320732E-015
 --------test NaN-----------
   4.95100000075996       2.051417604137461E-008
   4.95100000075996       1.227776487587267E-005
 --------test NaN-----------
   5.05000000074506      Before Bessel:   7.04813657461051     
   31.6080689132285     
   5.05000000074506      MBSL3:   176.277201034246       4.226921007061573E-015
 --------test NaN-----------
   5.05000000074506       1.434340830123609E-008
   5.05000000074506       9.907206292971233E-006
 --------test NaN-----------
   5.14900000073016      Before Bessel:   7.18630796484387     
   32.1020040604327     
   5.14900000073016      MBSL3:   200.360304041116       2.558979723475283E-015
 --------test NaN-----------
   5.14900000073016       1.001082920811139E-008
   5.14900000073016       7.923937011748567E-006
 --------test NaN-----------
   5.24800000071526      Before Bessel:   7.32447935507723     
   32.5978255529572     
   5.24800000071526      MBSL3:   227.779610395567       1.546433295523271E-015
 --------test NaN-----------
   5.24800000071526       6.974960594425365E-009
   5.24800000071526       6.283505096427170E-006
 --------test NaN-----------
   5.34700000070035      Before Bessel:   7.46265074531059     
   33.0954486097162     
   5.34700000070035      MBSL3:   259.001439860393       9.329395466332046E-016
 --------test NaN-----------
   5.34700000070035       4.851769878343125E-009
   5.34700000070035       4.942808232258762E-006
 --------test NaN-----------
   5.44600000068545      Before Bessel:   7.60082213554395     
   33.5947931737650     
   5.44600000068545      MBSL3:   294.557730065086       5.619116446775133E-016
 --------test NaN-----------
   5.44600000068545       3.369584069255812E-009
   5.44600000068545       3.860780862665199E-006
 --------test NaN-----------
   5.54500000067055      Before Bessel:   7.73899352577731     
   34.0957836089755     
   5.54500000067055      MBSL3:   335.055317853820       3.379147068767642E-016
 --------test NaN-----------
   5.54500000067055       2.336680516096307E-009
   5.54500000067055       2.998882392340538E-006
 --------test NaN-----------
   5.64400000065565      Before Bessel:   7.87716491601067     
   34.5983484178719     
   5.64400000065565      MBSL3:   381.186538954764       2.029089428377893E-016
 --------test NaN-----------
   5.64400000065565       1.618068958205696E-009
   5.64400000065565       2.320543387272383E-006
 --------test NaN-----------
   5.74300000064075      Before Bessel:   8.01533630624403     
   35.1024199791295     
   5.74300000064075      MBSL3:   433.741333872829       1.216687707544500E-016
 --------test NaN-----------
   5.74300000064075       1.118911160827114E-009
   5.74300000064075       1.793883576715998E-006
 --------test NaN-----------
   5.84200000062585      Before Bessel:   8.15350769647739     
   35.6079343033301     
   5.84200000062585      MBSL3:   493.621074768157       7.285646712981521E-017
 --------test NaN-----------
   5.84200000062585       7.727160661897804E-010
   5.84200000062585       1.386865470693899E-006
 --------test NaN-----------
   5.94100000061095      Before Bessel:   8.29167908671075     
   36.1148308056634     
   5.94100000061095      MBSL3:   561.854358792006       4.357063448474629E-017
 --------test NaN-----------
   5.94100000061095       5.329587642543806E-010
   5.94100000061095       1.072292474150647E-006
 --------test NaN-----------
   6.04000000059605      Before Bessel:   8.42985047694412     
   36.6230520943500     
   6.04000000059605      MBSL3:   639.615048463040       2.602440388120273E-017
 --------test NaN-----------
   6.04000000059605       3.671461371994157E-010
   6.04000000059605       8.291523526677881E-007
 --------test NaN-----------
   6.13900000058115      Before Bessel:   8.56802186717747     
   37.1325437736441     
   6.13900000058115      MBSL3:   728.242879812651       1.552572409745111E-017
 --------test NaN-----------
   6.13900000058115       2.526255220992419E-010
   6.13900000058115       6.412108318226387E-007
 --------test NaN-----------
   6.23800000056624      Before Bessel:   8.70619325741084     
   37.6432542603595     
   6.23800000056624      MBSL3:   829.267004931255       9.251857223054595E-018
 --------test NaN-----------
   6.23800000056624       1.736315070031632E-010
   6.23800000056624       4.959250027869199E-007
 --------test NaN-----------
   6.33700000055134      Before Bessel:   8.84436464764419     
   38.1551346129311     
   6.33700000055134      MBSL3:   944.432888035826       5.507222634120396E-018
 --------test NaN-----------
   6.33700000055134       1.192098191977234E-010
   6.33700000055134       3.836038151677238E-007
 --------test NaN-----------
   6.43600000053644      Before Bessel:   8.98253603787756     
   38.6681383721025     
   6.43600000053644      MBSL3:   1075.73303419909       3.274783495962233E-018
 --------test NaN-----------
   6.43600000053644       8.176094308093077E-011
   6.43600000053644       2.967594796533099E-007
 --------test NaN-----------
   6.53500000052154      Before Bessel:   9.12070742811092     
   39.1822214123904     
   6.53500000052154      MBSL3:   1225.44209851534       1.945348366004680E-018
 --------test NaN-----------
   6.53500000052154       5.602055578170525E-011
   6.53500000052154       2.296063763090180E-007
 --------test NaN-----------
   6.63400000050664      Before Bessel:   9.25887881834428     
   39.6973418035446     
   6.63400000050664      MBSL3:   1396.15700196614       1.154501877614294E-018
 --------test NaN-----------
   6.63400000050664       3.834714531069745E-011
   6.63400000050664       1.776739309385185E-007
 --------test NaN-----------
   6.73300000049174      Before Bessel:   9.39705020857764     
   40.2134596812767     
   6.73300000049174      MBSL3:   1590.84277000796       6.845278368886532E-019
 --------test NaN-----------
   6.73300000049174       2.622517671618610E-011
   6.73300000049174       1.375075448805909E-007
 --------test NaN-----------
   6.83200000047684      Before Bessel:   9.53522159881100     
   40.7305371265864     
   6.83200000047684      MBSL3:   1812.88491255532       4.055110566651115E-019
 --------test NaN-----------
   6.83200000047684       1.791919395184715E-011
   6.83200000047684       1.064375539372170E-007
 --------test NaN-----------
   6.93100000046194      Before Bessel:   9.67339298904436     
   41.2485380530649     
   6.93100000046194      MBSL3:   2066.14928143189       2.400183902976958E-019
 --------test NaN-----------
   6.93100000046194       1.223340568310033E-011
   6.93100000046194       8.240074396900380E-008
 --------test NaN-----------
   7.03000000044703      Before Bessel:   9.81156437927772     
   41.7674281016010     
   7.03000000044703      MBSL3:   2355.05047563158       1.419485441890733E-019
 --------test NaN-----------
   7.03000000044703       8.344852772461607E-012
   7.03000000044703       6.380246829018119E-008
 --------test NaN-----------
   7.12900000043213      Before Bessel:   9.94973576951108     
   42.2871745419579     
   7.12900000043213      MBSL3:   2684.63001830000       8.388332672895372E-020
 --------test NaN-----------
   7.12900000043213       5.687812555354787E-012
   7.12900000043213       4.941013031762820E-008
 --------test NaN-----------
   7.22800000041723      Before Bessel:   10.0879071597444     
   42.8077461807320     
   7.22800000041723      MBSL3:   3060.64570499324       4.953265898669064E-020
 --------test NaN-----------
   7.22800000041723       3.873820353804534E-012
   7.22800000041723       3.827089551700211E-008
 --------test NaN-----------
   7.32700000040233      Before Bessel:   10.2260785499778     
   43.3291132752366     
   7.32700000040233      MBSL3:   3489.67372367531       2.922747681248038E-020
 --------test NaN-----------
   7.32700000040233       2.636410478956575E-012
   7.32700000040233       2.964811983966832E-008
 --------test NaN-----------
   7.42600000038743      Before Bessel:   10.3642499402112     
   43.8512474528940     
   7.42600000038743      MBSL3:   3979.22537671596       1.723401630947010E-020
 --------test NaN-----------
   7.42600000038743       1.792987033779990E-012
   7.42600000038743       2.297223599547082E-008
 --------test NaN-----------
   7.52500000037253      Before Bessel:   10.5024213304445     
   44.3741216357456     
   7.52500000037253      MBSL3:   4537.88049801064       1.015519857700091E-020
 --------test NaN-----------
   7.52500000037253       1.218547742910537E-012
   7.52500000037253       1.780280788057636E-008
 --------test NaN-----------
   7.62400000035763      Before Bessel:   10.6405927206779     
   44.8977099697223     
   7.62400000035763      MBSL3:   5175.43995902789       5.980091328983960E-021
 --------test NaN-----------
   7.62400000035763       8.275980704999973E-013
   7.62400000035763       1.379921207188078E-008
 --------test NaN-----------
   7.72300000034273      Before Bessel:   10.7787641109112     
   45.4219877583423     
   7.72300000034273      MBSL3:   5903.10000154833       3.519288951485078E-021
 --------test NaN-----------
   7.72300000034273       5.617171668995398E-013
   7.72300000034273       1.069798359581405E-008
 --------test NaN-----------
   7.82200000032783      Before Bessel:   10.9169355011446     
   45.9469314005304     
   7.82200000032783      MBSL3:   6733.65152833235       2.069853073673467E-021
 --------test NaN-----------
   7.82200000032783       3.810189653386138E-013
   7.82200000032783       8.295309893742834E-009
 --------test NaN-----------
   7.92100000031292      Before Bessel:   11.0551068913780     
   46.4725183322730     
   7.92100000031292      MBSL3:   7681.70793307910       1.216664743536771E-021
 --------test NaN-----------
   7.92100000031292       2.582944753346144E-013
   7.92100000031292       6.433501959992030E-009
 --------test NaN-----------
   8.02000000029802      Before Bessel:   11.1932782816113     
   46.9987269718468     
   8.02000000029802      MBSL3:   8763.96556598947       7.147563980144540E-022
 --------test NaN-----------
   8.02000000029802       1.749974993868568E-013
   8.02000000029802       4.990538145647401E-009
 --------test NaN-----------
   8.11900000028312      Before Bessel:   11.3314496718447     
   47.5255366683775     
   8.11900000028312      MBSL3:   9999.50152036815       4.196714446252481E-022
 --------test NaN-----------
   8.11900000028312       1.184963524585189E-013
   8.11900000028312       3.871981970450986E-009
 --------test NaN-----------
   8.21800000026822      Before Bessel:   11.4696210620780     
   48.0529276535024     
   8.21800000026822      MBSL3:   11410.1140996974       2.462822827359156E-022
 --------test NaN-----------
   8.21800000026822       8.019409699892782E-014
   8.21800000026822       3.004734272731051E-009
 --------test NaN-----------
   8.31700000025332      Before Bessel:   11.6077924523114     
   48.5808809959281     
   8.31700000025332      MBSL3:   13020.7120957339       1.444565007589858E-022
 --------test NaN-----------
   8.31700000025332       5.424399163580517E-014
   8.31700000025332       2.332202820061908E-009
 --------test NaN-----------
   8.41600000023842      Before Bessel:   11.7459638425448     
   49.1093785586895     
   8.41600000023842      MBSL3:   14859.7598904349       8.468931730805439E-023
 --------test NaN-----------
   8.41600000023842       3.667245015918546E-014
   8.41600000023842       1.810567341338991E-009
 --------test NaN-----------
   8.51500000022352      Before Bessel:   11.8841352327781     
   49.6384029589306     
   8.51500000022352      MBSL3:   16959.7864039551       4.962664633259674E-023
 --------test NaN-----------
   8.51500000022352       2.478073563084700E-014
   8.51500000022352       1.405891189173681E-009
 --------test NaN-----------
   8.61400000020862      Before Bessel:   12.0223066230115     
   50.1679375300401     
   8.61400000020862      MBSL3:   19357.9670659285       2.906717379759793E-023
 --------test NaN-----------
   8.61400000020862       1.673713407060762E-014
   8.61400000020862       1.091887416185553E-009
 --------test NaN-----------
   8.71300000019371      Before Bessel:   12.1604780132448     
   50.6979662859882     
   8.71300000019371      MBSL3:   22096.7893087781       1.701761973823075E-023
 --------test NaN-----------
   8.71300000019371       1.129918224600787E-014
   8.71300000019371       8.481907468256105E-010
 --------test NaN-----------
   8.81200000017881      Before Bessel:   12.2986494034782     
   51.2284738877192     
   8.81200000017881      MBSL3:   25224.8135939301       9.958850693416584E-024
 --------test NaN-----------
   8.81200000017881       7.624617839950518E-015
   8.81200000017881       6.590206801258761E-010
 --------test NaN-----------
   8.91100000016391      Before Bessel:   12.4368207937116     
   51.7594456114690     
   8.91100000016391      MBSL3:   28797.5437120774       5.825591636274322E-024
 --------test NaN-----------
   8.91100000016391       5.142806525927440E-015
   8.91100000016391       5.121470327248425E-010
 --------test NaN-----------
   9.01000000014901      Before Bessel:   12.5749921839449     
   52.2908673188813     
   9.01000000014901      MBSL3:   32878.4220785643       3.406410878884616E-024
 --------test NaN-----------
   9.01000000014901       3.467360428561212E-015
   9.01000000014901       3.980893743648410E-010
 --------test NaN-----------
   9.10900000013411      Before Bessel:   12.7131635741783     
   52.8227254288098     
   9.10900000013411      MBSL3:   37539.9680105954       1.991066347583544E-024
 --------test NaN-----------
   9.10900000013411       2.336791297973465E-015
   9.10900000013411       3.094973701634240E-010
 --------test NaN-----------
   9.20800000011921      Before Bessel:   12.8513349644116     
   53.3550068906974     
   9.20800000011921      MBSL3:   42865.0795656326       1.163352829169899E-024
 --------test NaN-----------
   9.20800000011921       1.574230169644610E-015
   9.20800000011921       2.406710680913211E-010
 --------test NaN-----------
   9.30700000010431      Before Bessel:   12.9895063546450     
   53.8876991594338     
   9.30700000010431      MBSL3:   48948.5224872490       6.794840757786137E-025
 --------test NaN-----------
   9.30700000010431       1.060105122688922E-015
   9.30700000010431       1.871894614817205E-010
 --------test NaN-----------
   9.40600000008941      Before Bessel:   13.1276777448784     
   54.4207901715996     
   9.40600000008941      MBSL3:   55898.6332000182       3.967291632491630E-025
 --------test NaN-----------
   9.40600000008941       7.136197699888234E-016
   9.40600000008941       1.456228368754702E-010
 --------test NaN-----------
   9.50500000007451      Before Bessel:   13.2658491351117     
   54.9542683230088     
   9.50500000007451      MBSL3:   63839.2666805939       2.315584764158549E-025
 --------test NaN-----------
   9.50500000007451       4.802050365609079E-016
   9.50500000007451       1.133099672820381E-010
 --------test NaN-----------
   9.60400000005960      Before Bessel:   13.4040205253451     
   55.4881224474713     
   9.60400000005960      MBSL3:   72912.0244789459       1.351087497216925E-025
 --------test NaN-----------
   9.60400000005960       3.230226178128040E-016
   9.60400000005960       8.818550086298879E-011
 --------test NaN-----------
   9.70300000004470      Before Bessel:   13.5421919155784     
   56.0223417966997     
   9.70300000004470      MBSL3:   83278.8032528606       7.880737244216244E-026
 --------test NaN-----------
   9.70300000004470       2.172150232242378E-016
   9.70300000004470       6.864621154707563E-011
 --------test NaN-----------
   9.80200000002980      Before Bessel:   13.6803633058118     
   56.5569160212902     
   9.80200000002980      MBSL3:   95124.7100032389       4.595311766041043E-026
 --------test NaN-----------
   9.80200000002980       1.460164057427740E-016
   9.80200000002980       5.344734239043840E-011
 --------test NaN-----------
   9.90100000001490      Before Bessel:   13.8185346960452     
   57.0918351527137     
   9.90100000001490      MBSL3:   108661.396863772       2.678748227968519E-026
 --------test NaN-----------
   9.90100000001490       9.812334150042499E-017
   9.90100000001490       4.162225548571471E-011
