  0.100000001490116       2.158251824733817E-003
  0.100000001490116       2.847152952454393E-006
  0.100000001490116       1.131952539594437E-008
  0.100000001490116       6.251259737496224E-007
  0.100000001490116       2.161735423185417E-003
  0.430000001440446       1.886171970662255E-003
  0.430000001440446       4.720297734288006E-005
  0.430000001440446       1.518060753366177E-006
  0.430000001440446       7.248538620837508E-006
  0.430000001440446       1.942141547379339E-003
  0.760000001390775       1.400208106122409E-003
  0.760000001390775       1.626921886511362E-004
  0.760000001390775       8.629456139429616E-006
  0.760000001390775       2.344665098109077E-005
  0.760000001390775       1.594976401894065E-003
   1.09000000134110       8.917028165217643E-004
   1.09000000134110       3.378770610659118E-004
   1.09000000134110       2.162751220694290E-005
   1.09000000134110       4.987726832600962E-005
   1.09000000134110       1.301084658120629E-003
   1.42000000129143       4.937571024975137E-004
   1.42000000129143       5.349158843373517E-004
   1.42000000129143       3.724881001222827E-005
   1.42000000129143       8.624986629457775E-005
   1.42000000129143       1.152171663141671E-003
   1.75000000124176       2.413968483240092E-004
   1.75000000124176       7.031116699157778E-004
   1.75000000124176       4.802050868064010E-005
   1.75000000124176       1.320380180301652E-004
   1.75000000124176       1.124567044950592E-003
   2.08000000119209       1.058473684818994E-004
   2.08000000119209       7.866189629426256E-004
   2.08000000119209       3.977059987215209E-005
   2.08000000119209       1.443055836055270E-004
   2.08000000119209       1.076542514902204E-003
   2.41000000114242       4.225079671894409E-005
   2.41000000114242       7.522073615607240E-004
   2.41000000114242       2.821045691534111E-005
   2.41000000114242       7.336543485337977E-005
   2.41000000114242       8.960340500483890E-004
   2.74000000109275       1.556209857653806E-005
   2.74000000109275       6.139040780593035E-004
   2.74000000109275       2.030886064574220E-005
   2.74000000109275       3.891481911241115E-005
   2.74000000109275       6.886898563939949E-004
   3.07000000104308       5.352209440083007E-006
   3.07000000104308       4.253395666855769E-004
   3.07000000104308       1.482130473663756E-005
   3.07000000104308       2.134778807335957E-005
   3.07000000104308       4.668608689356570E-004
   3.40000000099341       1.736425288282873E-006
   3.40000000099341       2.474836544605856E-004
   3.40000000099341       1.094826106772286E-005
   3.40000000099341       1.205527057495962E-005
   3.40000000099341       2.722236113915509E-004
   3.73000000094374       5.360292078819079E-007
   3.73000000094374       1.195251290271000E-004
   3.73000000094374       8.176340234979692E-006
   3.73000000094374       6.987449780423391E-006
   3.73000000094374       1.352249482503850E-004
   4.06000000089407       1.585933223516409E-007
   4.06000000089407       4.934935443816279E-005
   4.06000000089407       6.168705711036548E-006
   4.06000000089407       4.148034780538106E-006
   4.06000000089407       5.982468825208908E-005
   4.39000000084440       4.524689437680339E-008
   4.39000000084440       1.964672228659679E-005
   4.39000000084440       4.699067530882321E-006
   4.39000000084440       2.517529266551405E-006
   4.39000000084440       2.690856597840732E-005
   4.72000000079473       1.251160519427457E-008
   4.72000000079473       7.805187330596978E-006
   4.72000000079473       3.612559770254023E-006
   4.72000000079473       1.559679365565099E-006
   4.72000000079473       1.298993807161037E-005
   5.05000000074506       3.367535806762022E-009
   5.05000000074506       3.094238671330122E-006
   5.05000000074506       2.801713690495451E-006
   5.05000000074506       9.849409260718590E-007
   5.05000000074506       6.884260823704194E-006
   5.38000000069539       8.854094777862203E-010
   5.38000000069539       1.224486821722444E-006
   5.38000000069539       2.191109795623424E-006
   5.38000000069539       6.331939980240280E-007
   5.38000000069539       4.049676024847682E-006
   5.71000000064572       2.280980298448036E-010
   5.71000000064572       4.839553386283364E-007
   5.71000000064572       1.727294768092254E-006
   5.71000000064572       4.139027810508671E-007
   5.71000000064572       2.625380985801302E-006
   6.04000000059605       5.772373849964321E-011
   6.04000000059605       1.911364092578163E-007
   6.04000000059605       1.372033905415358E-006
   6.04000000059605       2.748015378157359E-007
   6.04000000059605       1.838029576227409E-006
   6.37000000054638       1.438087875357601E-011
   6.37000000054638       7.547304553334692E-008
   6.37000000054638       1.097736537735406E-006
   6.37000000054638       1.851233462690664E-007
   6.37000000054638       1.358347310416573E-006
   6.70000000049671       3.533602847144186E-012
   6.70000000049671       2.980909015692743E-008
   6.70000000049671       8.843224669936858E-007
   6.70000000049671       1.264215143614290E-007
   6.70000000049671       1.040556605114889E-006
   7.03000000044703       8.577085113866956E-013
   7.03000000044703       1.178101647482035E-008
   7.03000000044703       7.170559893428948E-007
   7.03000000044703       8.744335796131783E-008
   7.03000000044703       8.162812214875444E-007
   7.36000000039736       2.059407117711430E-013
   7.36000000039736       4.660515091809565E-009
   7.36000000039736       5.850360369975620E-007
   7.36000000039736       6.121192498726154E-008
   7.36000000039736       6.509086830173449E-007
   7.69000000034769       4.897059679087531E-014
   7.69000000034769       1.845931799364807E-009
   7.69000000034769       4.801350915669902E-007
   7.69000000034769       4.333436916871506E-008
   7.69000000034769       5.253154415056668E-007
   8.02000000029802       1.154413242996559E-014
   8.02000000029802       7.321805648459798E-010
   8.02000000029802       3.962475331902854E-007
   8.02000000029802       3.100446110758602E-008
   8.02000000029802       4.279841864068499E-007
   8.35000000024835       2.700252252966190E-015
   8.35000000024835       2.908786881028378E-010
   8.35000000024835       3.287530210609137E-007
   8.35000000024835       2.240480657063759E-008
   8.35000000024835       3.514487090199063E-007
   8.68000000019868       6.271913686695697E-016
   8.68000000019868       1.157578293642626E-010
   8.68000000019868       2.741304493903557E-007
   8.68000000019868       1.634306650679143E-008
   8.68000000019868       2.905892743537028E-007
   9.01000000014901       1.447579696237515E-016
   9.01000000014901       4.615016769953391E-011
   9.01000000014901       2.296781410473775E-007
   9.01000000014901       1.202733579834075E-008
   9.01000000014901       2.417516271581758E-007
   9.34000000009934       3.321926347959170E-017
   9.34000000009934       1.843354261939620E-011
   9.34000000009934       1.933095550397008E-007
   9.34000000009934       8.925520764809427E-009
   9.34000000009934       2.022535093803489E-007
   9.67000000004967       7.583515273221272E-018
   9.67000000004967       7.376930760553723E-012
   9.67000000004967       1.634030624173281E-007
   9.67000000004967       6.676142781035443E-009
   9.67000000004967       1.700865821367076E-007
