  0.200000002980232       2.075984983204144E-003
  0.200000002980232       1.044448988747927E-005
  0.200000002980232       5.663857395059513E-008
  0.200000002980232       4.385273431306593E-007
  0.200000002980232       2.086924639008704E-003
  0.526666669547558       1.802117708595377E-003
  0.526666669547558       1.119058353659813E-004
  0.526666669547558       1.708915005769607E-006
  0.526666669547558       3.672634545134698E-006
  0.526666669547558       1.919405093512263E-003
  0.853333336114883       1.373540104597618E-003
  0.853333336114883       3.690299285686144E-004
  0.853333336114883       7.977833362978873E-006
  0.853333336114883       1.126045653686042E-005
  0.853333336114883       1.761808323066072E-003
   1.18000000268221       9.187204259972418E-004
   1.18000000268221       7.524292072286312E-004
   1.18000000268221       1.928810166831709E-005
   1.18000000268221       2.324020356951408E-005
   1.18000000268221       1.713677938463704E-003
   1.50666666924953       5.420822654697848E-004
   1.50666666924953       1.183092192839052E-003
   1.50666666924953       3.332483967760820E-005
   1.50666666924953       3.944842531430637E-005
   1.50666666924953       1.797947723300751E-003
   1.83333333581686       2.851556044937263E-004
   1.83333333581686       1.550341380746743E-003
   1.83333333581686       4.066927113319139E-005
   1.83333333581686       5.943943373006225E-005
   1.83333333581686       1.935605690103723E-003
   2.16000000238419       1.355634629530652E-004
   2.16000000238419       1.733767605591735E-003
   2.16000000238419       3.178462658898592E-005
   2.16000000238419       8.159298022456540E-005
   2.16000000238419       1.982708675358351E-003
   2.48666666895151       5.908034938483675E-005
   2.48666666895151       1.664450165805853E-003
   2.48666666895151       2.331081897891633E-005
   2.48666666895151       1.026433194424454E-004
   2.48666666895151       1.849484653612051E-003
   2.81333333551884       2.392214105389542E-005
   2.81333333551884       1.371118192512134E-003
   2.81333333551884       1.722124383743491E-005
   2.81333333551884       1.181212811322515E-004
   2.81333333551884       1.530382858535716E-003
   3.14000000208616       9.106299032604795E-006
   3.14000000208616       9.635957202959804E-004
   3.14000000208616       1.282501108896850E-005
   3.14000000208616       1.235662382922787E-004
   3.14000000208616       1.109093268709832E-003
   3.46666666865349       3.291751319760948E-006
   3.46666666865349       5.709116367847019E-004
   3.46666666865349       9.628679216973275E-006
   3.46666666865349       1.162133039253942E-004
   3.46666666865349       7.000453712468303E-004
   3.79333333522081       1.139426728763707E-006
   3.79333333522081       2.825010124644106E-004
   3.79333333522081       7.287669293043936E-006
   3.79333333522081       9.680360758593240E-005
   3.79333333522081       3.877317160721506E-004
   4.12000000178814       3.802889742936271E-007
   4.12000000178814       1.225290812326000E-004
   4.12000000178814       5.560631644852553E-006
   4.12000000178814       1.602479083855296E-006
   4.12000000178814       1.300724809356014E-004
   4.44666666835546       1.230742563403884E-007
   4.44666666835546       5.227638914485309E-005
   4.44666666835546       4.277171565866513E-006
   4.44666666835546       9.848060944399355E-007
   4.44666666835546       5.766144106149993E-005
   4.77333333492279       3.880297465084533E-008
   4.77333333492279       2.232253937039393E-005
   4.77333333492279       3.316202320709003E-006
   4.77333333492279       6.173256553041341E-007
   4.77333333492279       2.629487032105792E-005
   5.10000000149012       1.196376170531506E-008
   5.10000000149012       9.536189368014491E-006
   5.10000000149012       2.591216398670727E-006
   5.10000000149012       3.941795992197855E-007
   5.10000000149012       1.253354912761032E-005
   5.42666666805744       3.618653290216891E-009
   5.42666666805744       4.075611122306683E-006
   5.42666666805744       2.040087922567139E-006
   5.42666666805744       2.560647571979368E-007
   5.42666666805744       6.375382455361977E-006
   5.75333333462477       1.076566177660136E-009
   5.75333333462477       1.742919081911065E-006
   5.75333333462477       1.617950934650213E-006
   5.75333333462477       1.690379006410053E-007
   5.75333333462477       3.530984483379944E-006
   6.08000000119209       3.157171350394728E-010
   6.08000000119209       7.460042979632599E-007
   6.08000000119209       1.292207445825994E-006
   6.08000000119209       1.132763035449134E-007
   6.08000000119209       2.151803764469207E-006
   6.40666666775942       9.143553832430410E-011
   6.40666666775942       3.196718074413665E-007
   6.40666666775942       1.039019817813991E-006
