  0.200000002980232       2.075984983204144E-003
  0.200000002980232       1.027087681711522E-005
  0.200000002980232       1.210613351626861E-006
  0.200000002980232       3.970947515118174E-007
  0.200000002980232       2.087863568124398E-003
  0.526666669547558       1.802117708595377E-003
  0.526666669547558       1.084238011489426E-004
  0.526666669547558       6.328684440581600E-006
  0.526666669547558       3.579093110131364E-006
  0.526666669547558       1.920449287295033E-003
  0.853333336114883       1.373540104597618E-003
  0.853333336114883       3.559298991846605E-004
  0.853333336114883       1.432427294577857E-005
  0.853333336114883       1.114392961595444E-005
  0.853333336114883       1.754938206344012E-003
   1.18000000268221       9.187204259972418E-004
   1.18000000268221       7.242525446429691E-004
   1.18000000268221       2.438292844742788E-005
   1.18000000268221       2.314260921820198E-005
   1.18000000268221       1.690498508305841E-003
   1.50666666924953       5.420822654697848E-004
   1.50666666924953       1.137452443172318E-003
   1.50666666924953       3.588176345236812E-005
   1.50666666924953       3.944796140374298E-005
   1.50666666924953       1.754864433498214E-003
   1.83333333581686       2.851556044937263E-004
   1.83333333581686       1.489512283963333E-003
   1.83333333581686       4.100563530388012E-005
   1.83333333581686       5.951889345357388E-005
   1.83333333581686       1.875192417214513E-003
   2.16000000238419       1.355634629530652E-004
   2.16000000238419       1.665249712140858E-003
   2.16000000238419       3.137810263176523E-005
   2.16000000238419       8.141652329156753E-005
   2.16000000238419       1.913607801017256E-003
   2.48666666895151       5.908034938483675E-005
   2.48666666895151       1.598764644011658E-003
   2.48666666895151       2.294734855709401E-005
   2.48666666895151       1.014204832109980E-004
   2.48666666895151       1.782212825164587E-003
   2.81333333551884       2.392214105389542E-005
   2.81333333551884       1.317570202398762E-003
   2.81333333551884       1.697867202611812E-005
   2.81333333551884       1.146933007151499E-004
   2.81333333551884       1.473164316193925E-003
   3.14000000208616       9.106299032604795E-006
   3.14000000208616       9.267930857249340E-004
   3.14000000208616       1.267003332102906E-005
   3.14000000208616       1.167770658513712E-004
   3.14000000208616       1.065346483929939E-003
   3.46666666865349       3.291751319760948E-006
   3.46666666865349       5.499941371882542E-004
   3.46666666865349       9.528471933885084E-006
   3.46666666865349       1.055814272393692E-004
   3.46666666865349       6.683957876812694E-004
   3.79333333522081       1.139426728763707E-006
   3.79333333522081       2.729027291319048E-004
   3.79333333522081       7.221382758410960E-006
   3.79333333522081       8.333362390436162E-005
   3.79333333522081       3.645971625234410E-004
   4.12000000178814       3.802889742936271E-007
   4.12000000178814       1.188154632262463E-004
   4.12000000178814       5.515778488763339E-006
   4.12000000178814       5.655328289402310E-005
   4.12000000178814       1.812648135833264E-004
   4.44666666835546       1.230742563403884E-007
   4.44666666835546       5.086543808910520E-005
   4.44666666835546       4.246187382933596E-006
   4.44666666835546       3.671289229158617E-005
   4.44666666835546       9.194759201996535E-005
   4.77333333492279       3.880297465084533E-008
   4.77333333492279       2.178302952568873E-005
   4.77333333492279       3.294394706348532E-006
   4.77333333492279       2.424370692513021E-005
   4.77333333492279       4.935993413181832E-005
   5.10000000149012       1.196376170531506E-008
   5.10000000149012       9.328757669170269E-006
   5.10000000149012       2.575604813435144E-006
   5.10000000149012       1.625617672770026E-005
   5.10000000149012       2.817250297201099E-005
   5.42666666805744       3.618653290216891E-009
   5.42666666805744       3.995452321129292E-006
   5.42666666805744       2.028737658788216E-006
   5.42666666805744       1.105327437840315E-005
   5.42666666805744       1.708108301161087E-005
   5.75333333462477       1.076566177660136E-009
   5.75333333462477       1.711791207754272E-006
   5.75333333462477       1.609581099050886E-006
   5.75333333462477       7.612957544024888E-006
   5.75333333462477       1.093540641700771E-005
   6.08000000119209       3.157171350394728E-010
   6.08000000119209       7.338579987068864E-007
   6.08000000119209       1.285954564298481E-006
   6.08000000119209       5.306659789776545E-006
   6.08000000119209       7.326788069916952E-006
   6.40666666775942       9.143553832430410E-011
   6.40666666775942       3.149093531796117E-007
   6.40666666775942       1.034292081376787E-006
   6.40666666775942       3.740782427030871E-006
   6.40666666775942       5.090075297125594E-006
   6.73333333432674       2.619160778735751E-011
   6.73333333432674       1.352993477192886E-007
   6.73333333432674       8.372247324564955E-007
   6.73333333432674       2.664905991337503E-006
   6.73333333432674       3.637456263121075E-006
   7.06000000089407       7.430328552202185E-012
   7.06000000089407       5.821698103603891E-008
   7.06000000089407       6.818656448035458E-007
   7.06000000089407       1.917396198836406E-006
   7.06000000089407       2.657486255004543E-006
   7.38666666746140       2.089954570332635E-012
   7.38666666746140       2.509205677230554E-008
   7.38666666746140       5.585887327716495E-007
   7.38666666746140       1.392535038726723E-006
   7.38666666746140       1.976217918225248E-006
   7.71333333402872       5.833956889407505E-013
   7.71333333402872       1.083494035711951E-008
   7.71333333402872       4.601549725414015E-007
