  0.100000001490116       2.158251824733817E-003
  0.100000001490116       1.250982924939249E-008
  0.100000001490116       4.996201987149932E-009
  0.100000001490116       6.682657065289647E-010
  0.100000001490116       2.158269999030760E-003
  0.430000001440446       1.886171970662255E-003
  0.430000001440446       5.438212288142556E-006
  0.430000001440446       8.498915643401473E-007
  0.430000001440446       4.534685885906895E-006
  0.430000001440446       1.896994760400645E-003
  0.760000001390775       1.400208106122409E-003
  0.760000001390775       5.887484905011254E-005
  0.760000001390775       5.630791698753540E-006
  0.760000001390775       1.211506307718633E-004
  0.760000001390775       1.585864377643138E-003
   1.09000000134110       8.917028165217643E-004
   1.09000000134110       2.105682625967226E-004
   1.09000000134110       1.574747912936507E-005
   1.09000000134110       6.949833391396408E-004
   1.09000000134110       1.813001897387493E-003
   1.42000000129143       4.937571024975137E-004
   1.42000000129143       4.343639858821565E-004
   1.42000000129143       2.964565393491893E-005
   1.42000000129143       1.938743319707019E-003
   1.42000000129143       2.896510062021608E-003
   1.75000000124176       2.413968483240092E-004
   1.75000000124176       6.436286930699679E-004
   1.75000000124176       4.039313748199523E-005
   1.75000000124176       3.663877033940343E-003
   1.75000000124176       4.589295712816316E-003
   2.08000000119209       1.058473684818994E-004
   2.08000000119209       7.560297405739215E-004
   2.08000000119209       3.432204814176656E-005
   2.08000000119209       3.546436883722207E-003
   2.08000000119209       4.442636040919795E-003
   2.41000000114242       4.225079671894409E-005
   2.41000000114242       7.362809603178554E-004
   2.41000000114242       2.505540212635642E-005
   2.41000000114242       8.741724709797761E-004
   2.41000000114242       1.677759630142932E-003
   2.74000000109275       1.556209857653806E-005
   2.74000000109275       6.050527746666495E-004
   2.74000000109275       1.841974369176814E-005
   2.74000000109275       2.412022594740815E-004
   2.74000000109275       8.802368764090372E-004
   3.07000000104308       5.352209440083007E-006
   3.07000000104308       4.203714872760116E-004
   3.07000000104308       1.365185205192001E-005
   3.07000000104308       7.332935773310285E-005
   3.07000000104308       5.127049065011176E-004
   3.40000000099341       1.736425288282873E-006
   3.40000000099341       2.448434842020228E-004
   3.40000000099341       1.020205837464459E-005
   3.40000000099341       2.421387062848698E-005
   3.40000000099341       2.809958384934373E-004
   3.73000000094374       5.360292078819079E-007
   3.73000000094374       1.182665267573987E-004
   3.73000000094374       7.687213237461466E-006
   3.73000000094374       8.584753865897920E-006
   3.73000000094374       1.350745230686400E-004
   4.06000000089407       1.585933223516409E-007
   4.06000000089407       4.885782309407445E-005
   4.06000000089407       5.840314382618783E-006
   4.06000000089407       3.238423285372928E-006
   4.06000000089407       5.809515408441780E-005
   4.39000000084440       4.524689437680339E-008
   4.39000000084440       1.947699077146290E-005
   4.39000000084440       4.473808852817636E-006
   4.39000000084440       1.290446612321557E-006
   4.39000000084440       2.528649313097889E-005
   4.72000000079473       1.251160519427457E-008
   4.72000000079473       7.746120826551909E-006
   4.72000000079473       3.455026490086632E-006
   4.72000000079473       5.399767384274803E-007
   4.72000000079473       1.175363566026029E-005
   5.05000000074506       3.367535806762022E-009
   5.05000000074506       3.073527172105096E-006
   5.05000000074506       2.689595040042447E-006
   5.05000000074506       2.360954581772993E-007
   5.05000000074506       6.002585206131605E-006
   5.38000000069539       8.854094777862203E-010
   5.38000000069539       1.217170422203859E-006
   5.38000000069539       2.110028893745465E-006
   5.38000000069539       1.074113530928148E-007
   5.38000000069539       3.435496078519924E-006
   5.71000000064572       2.280980298448036E-010
   5.71000000064572       4.813520793732535E-007
   5.71000000064572       1.667796852473133E-006
   5.71000000064572       5.066303830067103E-008
   5.71000000064572       2.200040068176903E-006
   6.04000000059605       5.772373849964321E-011
   6.04000000059605       1.902036195846588E-007
   6.04000000059605       1.327784589426322E-006
   6.04000000059605       2.469714468412919E-008
   6.04000000059605       1.542743077433609E-006
   6.37000000054638       1.438087875357601E-011
   6.37000000054638       7.513653165840162E-008
   6.37000000054638       1.064419048987638E-006
   6.37000000054638       1.240862474003495E-008
   6.37000000054638       1.151978586264828E-006
   6.70000000049671       3.533602847144186E-012
   6.70000000049671       2.968688833168948E-008
   6.70000000049671       8.589484707280215E-007
   6.70000000049671       6.410199717863369E-009
   6.70000000049671       8.950490923804216E-007
   7.03000000044703       8.577085113866956E-013
   7.03000000044703       1.173635759155410E-008
   7.03000000044703       6.975265547116420E-007
   7.03000000044703       3.397507833724774E-009
   7.03000000044703       7.126612778454323E-007
   7.36000000039736       2.059407117711430E-013
   7.36000000039736       4.644094366136938E-009
   7.36000000039736       5.698569712958154E-007
   7.36000000039736       1.844007957092924E-009
   7.36000000039736       5.763452795597570E-007
   7.69000000034769       4.897059679087531E-014
   7.69000000034769       1.839858423369812E-009
   7.69000000034769       4.682293236339445E-007
   7.69000000034769       1.023148697081336E-009
   7.69000000034769       4.710923797249925E-007
   8.02000000029802       1.154413242996559E-014
   8.02000000029802       7.299215373805858E-010
   8.02000000029802       3.868295685920456E-007
   8.02000000029802       5.794611507689089E-010
   8.02000000029802       3.881389628243276E-007
   8.35000000024835       2.700252252966190E-015
   8.35000000024835       2.900338596547123E-010
   8.35000000024835       3.212437371077045E-007
   8.35000000024835       3.345192884696499E-010
   8.35000000024835       3.218682929560811E-007
   8.68000000019868       6.271913686695697E-016
   8.68000000019868       1.154402326803394E-010
   8.68000000019868       2.680984997596806E-007
   8.68000000019868       1.966021319275859E-010
   8.68000000019868       2.684105427514799E-007
   9.01000000014901       1.447579696237515E-016
   9.01000000014901       4.603017590370956E-011
   9.01000000014901       2.247991588778080E-007
   9.01000000014901       1.174991198057395E-010
   9.01000000014901       2.249626883182754E-007
   9.34000000009934       3.321926347959170E-017
   9.34000000009934       1.838799073160364E-011
   9.34000000009934       1.893374170445036E-007
   9.34000000009934       7.133678968863868E-011
   9.34000000009934       1.894271418581431E-007
   9.67000000004967       7.583515273221272E-018
   9.67000000004967       7.359558552979180E-012
   9.67000000004967       1.601494266223234E-007
   9.67000000004967       4.395590530047733E-011
   9.67000000004967       1.602007420937603E-007
