  0.200000002980232       2.075984983204144E-003
  0.200000002980232       8.355517408054473E-007
  0.200000002980232       1.210613351626861E-006
  0.200000002980232       2.889642462639773E-005
  0.200000002980232       2.106927572922974E-003
  0.526666669547558       1.802117708595377E-003
  0.526666669547558       9.129557642730463E-006
  0.526666669547558       6.328684440581600E-006
  0.526666669547558       2.507040080574949E-004
  0.526666669547558       2.068279958736184E-003
  0.853333336114883       1.373540104597618E-003
  0.853333336114883       3.069926268743501E-005
  0.853333336114883       1.432427294577857E-005
  0.853333336114883       7.817534522062221E-004
  0.853333336114883       2.200317092437054E-003
   1.18000000268221       9.187204259972418E-004
   1.18000000268221       6.149532912312413E-005
   1.18000000268221       2.438292844742788E-005
   1.18000000268221       1.636430798908853E-003
   1.18000000268221       2.641029482476647E-003
   1.50666666924953       5.420822654697848E-004
   1.50666666924953       9.225153219992091E-005
   1.50666666924953       3.588176345236812E-005
   1.50666666924953       2.404026221218937E-003
   1.50666666924953       3.074241782341011E-003
   1.83333333581686       2.851556044937263E-004
   1.83333333581686       1.152700691005761E-004
   1.83333333581686       4.100563530388012E-005
   1.83333333581686       2.337777770344652E-003
   1.83333333581686       2.779209079242834E-003
   2.16000000238419       1.355634629530652E-004
   2.16000000238419       1.267143338241776E-004
   2.16000000238419       3.137810263176523E-005
   2.16000000238419       1.370208698469354E-003
   2.16000000238419       1.663864597878362E-003
   2.48666666895151       5.908034938483675E-005
   2.48666666895151       1.260717145200812E-004
   2.48666666895151       2.294734855709401E-005
   2.48666666895151       7.250338173727676E-004
   2.48666666895151       9.331332298347795E-004
   2.81333333551884       2.392214105389542E-005
   2.81333333551884       1.151751205843542E-004
   2.81333333551884       1.697867202611812E-005
   2.81333333551884       4.048124714393872E-004
   2.81333333551884       5.608884051037550E-004
   3.14000000208616       9.106299032604795E-006
   3.14000000208616       9.733254829675467E-005
   3.14000000208616       1.267003332102906E-005
   3.14000000208616       2.362406641109356E-004
   3.14000000208616       3.553495447613241E-004
   3.46666666865349       3.291751319760948E-006
   3.46666666865349       7.638721526447684E-005
   3.46666666865349       9.528471933885084E-006
   3.46666666865349       1.428323929978967E-004
   3.46666666865349       2.320398315160196E-004
   3.79333333522081       1.139426728763707E-006
   3.79333333522081       5.578414628096324E-005
   3.79333333522081       7.221382758410960E-006
   3.79333333522081       8.883952502204377E-005
   3.79333333522081       1.529844807901817E-004
   4.12000000178814       3.802889742936271E-007
   4.12000000178814       3.792590650977003E-005
   4.12000000178814       5.515778488763339E-006
   4.12000000178814       5.655328289402310E-005
   4.12000000178814       1.003752568668501E-004
   4.44666666835546       1.230742563403884E-007
   4.44666666835546       2.397787124553798E-005
   4.44666666835546       4.246187382933596E-006
   4.44666666835546       3.671289229158617E-005
   4.44666666835546       6.506002517639813E-005
   4.77333333492279       3.880297465084533E-008
   4.77333333492279       1.405599903842566E-005
   4.77333333492279       3.294394706348532E-006
   4.77333333492279       2.424370692513021E-005
   4.77333333492279       4.163290364455524E-005
   5.10000000149012       1.196376170531506E-008
   5.10000000149012       7.604397895407384E-006
   5.10000000149012       2.575604813435144E-006
   5.10000000149012       1.625617672770026E-005
   5.10000000149012       2.644814319824810E-005
   5.42666666805744       3.618653290216891E-009
   5.42666666805744       3.778459177057167E-006
   5.42666666805744       2.028737658788216E-006
   5.42666666805744       1.105327437840315E-005
   5.42666666805744       1.686408986753874E-005
   5.75333333462477       1.076566177660136E-009
   5.75333333462477       1.727040184019897E-006
   5.75333333462477       1.609581099050886E-006
   5.75333333462477       7.612957544024888E-006
   5.75333333462477       1.095065539327333E-005
   6.08000000119209       3.157171350394728E-010
   6.08000000119209       7.460042979632599E-007
   6.08000000119209       1.285954564298481E-006
   6.08000000119209       5.306659789776545E-006
   6.08000000119209       7.338934369173325E-006
   6.40666666775942       9.143553832430410E-011
   6.40666666775942       3.196718074413665E-007
   6.40666666775942       1.034292081376787E-006
   6.40666666775942       3.740782427030871E-006
   6.40666666775942       5.094837751387348E-006
   6.73333333432674       2.619160778735751E-011
   6.73333333432674       1.371756832451721E-007
   6.73333333432674       8.372247324564955E-007
   6.73333333432674       2.664905991337503E-006
   6.73333333432674       3.639332598646958E-006
   7.06000000089407       7.430328552202185E-012
   7.06000000089407       5.895979432249057E-008
   7.06000000089407       6.818656448035458E-007
   7.06000000089407       1.917396198836406E-006
   7.06000000089407       2.658229068290995E-006
   7.38666666746140       2.089954570332635E-012
   7.38666666746140       2.538753646409674E-008
   7.38666666746140       5.585887327716495E-007
   7.38666666746140       1.392535038726723E-006
   7.38666666746140       1.976513397917039E-006
   7.71333333402872       5.833956889407505E-013
   7.71333333402872       1.095303647712928E-008
   7.71333333402872       4.601549725414015E-007
   7.71333333402872       1.020319346495859E-006
   7.71333333402872       1.491427938910079E-006
   8.04000000059605       1.617498069037140E-013
   8.04000000059605       4.735291803676476E-009
   8.04000000059605       3.810839907112490E-007
   8.04000000059605       7.538557675465599E-007
   8.04000000059605       1.139675211811292E-006
   8.36666666716337       4.457452730921924E-014
   8.36666666716337       2.051602075629212E-009
   8.36666666716337       3.171994921176908E-007
   8.36666666716337       5.613866543186896E-007
   8.36666666716337       8.806377930865370E-007
   8.69333333373070       1.221686345386882E-014
   8.69333333373070       8.908376097815692E-010
   8.69333333373070       2.652984561142743E-007
   8.69333333373070       4.211809809763796E-007
   8.69333333373070       6.873702869172989E-007
   9.02000000029802       3.331930690008317E-015
   9.02000000029802       3.876845916429301E-010
   9.02000000029802       2.229089149080624E-007
   9.02000000029802       3.182217565007256E-007
   9.02000000029802       5.415183593323616E-007
   9.34666666686535       9.046896891451256E-016
   9.34666666686535       1.690989633809606E-010
   9.34666666686535       1.881114868596056E-007
   9.34666666686535       2.420340488150614E-007
   9.34666666686535       4.303146355427376E-007
   9.67333333343267       2.446527874809527E-016
   9.67333333343267       7.392430415063657E-011
   9.67333333343267       1.594070642414214E-007
   9.67333333343267       1.852456903054223E-007
   9.67333333343267       3.447266790956471E-007
